2019-04-18T16:43:31+00:00 CRITICAL Uncaught Error: Call to undefined function raymondvoyage_posted_by() in /var/www/html/wp-content/themes/storefront-child/content.php:73
Stack trace:
#0 /var/www/html/wp-includes/template.php(706): require()
#1 /var/www/html/wp-includes/template.php(653): load_template('/var/www/html/w...', false)
#2 /var/www/html/wp-includes/general-template.php(157): locate_template(Array, true, false)
#3 /var/www/html/wp-content/themes/storefront-child/single.php(19): get_template_part('content', 'post')
#4 /var/www/html/wp-includes/template-loader.php(77): include('/var/www/html/w...')
#5 /var/www/html/wp-blog-header.php(19): require_once('/var/www/html/w...')
#6 /var/www/html/index.php(17): require('/var/www/html/w...')
#7 {main}
  thrown in /var/www/html/wp-content/themes/storefront-child/content.php on line 73

2019-04-18T17:01:17+00:00 CRITICAL Uncaught Error: Call to undefined function raymondvoyage_posted_by() in /var/www/html/wp-content/themes/storefront-child/content.php:73
Stack trace:
#0 /var/www/html/wp-includes/template.php(706): require()
#1 /var/www/html/wp-includes/template.php(653): load_template('/var/www/html/w...', false)
#2 /var/www/html/wp-includes/general-template.php(157): locate_template(Array, true, false)
#3 /var/www/html/wp-content/themes/storefront-child/single.php(19): get_template_part('content', 'post')
#4 /var/www/html/wp-includes/template-loader.php(77): include('/var/www/html/w...')
#5 /var/www/html/wp-blog-header.php(19): require_once('/var/www/html/w...')
#6 /var/www/html/index.php(17): require('/var/www/html/w...')
#7 {main}
  thrown in /var/www/html/wp-content/themes/storefront-child/content.php on line 73

2019-04-18T17:03:53+00:00 CRITICAL Uncaught Error: Call to undefined function raymondvoyage_posted_by() in /var/www/html/wp-content/themes/storefront-child/content.php:73
Stack trace:
#0 /var/www/html/wp-includes/template.php(706): require()
#1 /var/www/html/wp-includes/template.php(653): load_template('/var/www/html/w...', false)
#2 /var/www/html/wp-includes/general-template.php(157): locate_template(Array, true, false)
#3 /var/www/html/wp-content/themes/storefront-child/single.php(19): get_template_part('content', 'post')
#4 /var/www/html/wp-includes/template-loader.php(77): include('/var/www/html/w...')
#5 /var/www/html/wp-blog-header.php(19): require_once('/var/www/html/w...')
#6 /var/www/html/index.php(17): require('/var/www/html/w...')
#7 {main}
  thrown in /var/www/html/wp-content/themes/storefront-child/content.php on line 73

2019-04-18T17:04:59+00:00 CRITICAL Uncaught Error: Call to undefined function raymondvoyage_posted_by() in /var/www/html/wp-content/themes/storefront-child/content.php:73
Stack trace:
#0 /var/www/html/wp-includes/template.php(706): require()
#1 /var/www/html/wp-includes/template.php(653): load_template('/var/www/html/w...', false)
#2 /var/www/html/wp-includes/general-template.php(157): locate_template(Array, true, false)
#3 /var/www/html/wp-content/themes/storefront-child/single.php(19): get_template_part('content', 'post')
#4 /var/www/html/wp-includes/template-loader.php(77): include('/var/www/html/w...')
#5 /var/www/html/wp-blog-header.php(19): require_once('/var/www/html/w...')
#6 /var/www/html/index.php(17): require('/var/www/html/w...')
#7 {main}
  thrown in /var/www/html/wp-content/themes/storefront-child/content.php on line 73

2019-04-18T17:07:24+00:00 CRITICAL Uncaught Error: Call to undefined function raymondvoyage_posted_by() in /var/www/html/wp-content/themes/storefront-child/content.php:73
Stack trace:
#0 /var/www/html/wp-includes/template.php(706): require()
#1 /var/www/html/wp-includes/template.php(653): load_template('/var/www/html/w...', false)
#2 /var/www/html/wp-includes/general-template.php(157): locate_template(Array, true, false)
#3 /var/www/html/wp-content/themes/storefront-child/single.php(19): get_template_part('content', 'post')
#4 /var/www/html/wp-includes/template-loader.php(77): include('/var/www/html/w...')
#5 /var/www/html/wp-blog-header.php(19): require_once('/var/www/html/w...')
#6 /var/www/html/index.php(17): require('/var/www/html/w...')
#7 {main}
  thrown in /var/www/html/wp-content/themes/storefront-child/content.php on line 73

2019-04-18T17:14:55+00:00 CRITICAL Uncaught Error: Call to undefined function raymondvoyage_posted_by() in /var/www/html/wp-content/themes/storefront-child/content.php:73
Stack trace:
#0 /var/www/html/wp-includes/template.php(706): require()
#1 /var/www/html/wp-includes/template.php(653): load_template('/var/www/html/w...', false)
#2 /var/www/html/wp-includes/general-template.php(157): locate_template(Array, true, false)
#3 /var/www/html/wp-content/themes/storefront-child/single.php(19): get_template_part('content', 'post')
#4 /var/www/html/wp-includes/template-loader.php(77): include('/var/www/html/w...')
#5 /var/www/html/wp-blog-header.php(19): require_once('/var/www/html/w...')
#6 /var/www/html/index.php(17): require('/var/www/html/w...')
#7 {main}
  thrown in /var/www/html/wp-content/themes/storefront-child/content.php on line 73

2019-04-18T17:14:57+00:00 CRITICAL Uncaught Error: Call to undefined function raymondvoyage_posted_by() in /var/www/html/wp-content/themes/storefront-child/content.php:73
Stack trace:
#0 /var/www/html/wp-includes/template.php(706): require()
#1 /var/www/html/wp-includes/template.php(653): load_template('/var/www/html/w...', false)
#2 /var/www/html/wp-includes/general-template.php(157): locate_template(Array, true, false)
#3 /var/www/html/wp-content/themes/storefront-child/single.php(19): get_template_part('content', 'post')
#4 /var/www/html/wp-includes/template-loader.php(77): include('/var/www/html/w...')
#5 /var/www/html/wp-blog-header.php(19): require_once('/var/www/html/w...')
#6 /var/www/html/index.php(17): require('/var/www/html/w...')
#7 {main}
  thrown in /var/www/html/wp-content/themes/storefront-child/content.php on line 73

2019-04-18T17:15:00+00:00 CRITICAL Uncaught Error: Call to undefined function raymondvoyage_posted_by() in /var/www/html/wp-content/themes/storefront-child/content.php:73
Stack trace:
#0 /var/www/html/wp-includes/template.php(706): require()
#1 /var/www/html/wp-includes/template.php(653): load_template('/var/www/html/w...', false)
#2 /var/www/html/wp-includes/general-template.php(157): locate_template(Array, true, false)
#3 /var/www/html/wp-content/themes/storefront-child/single.php(19): get_template_part('content', 'post')
#4 /var/www/html/wp-includes/template-loader.php(77): include('/var/www/html/w...')
#5 /var/www/html/wp-blog-header.php(19): require_once('/var/www/html/w...')
#6 /var/www/html/index.php(17): require('/var/www/html/w...')
#7 {main}
  thrown in /var/www/html/wp-content/themes/storefront-child/content.php on line 73

2019-04-18T17:15:06+00:00 CRITICAL Uncaught Error: Call to undefined function raymondvoyage_posted_by() in /var/www/html/wp-content/themes/storefront-child/content.php:73
Stack trace:
#0 /var/www/html/wp-includes/template.php(706): require()
#1 /var/www/html/wp-includes/template.php(653): load_template('/var/www/html/w...', false)
#2 /var/www/html/wp-includes/general-template.php(157): locate_template(Array, true, false)
#3 /var/www/html/wp-content/themes/storefront-child/single.php(19): get_template_part('content', 'post')
#4 /var/www/html/wp-includes/template-loader.php(77): include('/var/www/html/w...')
#5 /var/www/html/wp-blog-header.php(19): require_once('/var/www/html/w...')
#6 /var/www/html/index.php(17): require('/var/www/html/w...')
#7 {main}
  thrown in /var/www/html/wp-content/themes/storefront-child/content.php on line 73

2019-04-18T17:15:07+00:00 CRITICAL Uncaught Error: Call to undefined function raymondvoyage_posted_by() in /var/www/html/wp-content/themes/storefront-child/content.php:73
Stack trace:
#0 /var/www/html/wp-includes/template.php(706): require()
#1 /var/www/html/wp-includes/template.php(653): load_template('/var/www/html/w...', false)
#2 /var/www/html/wp-includes/general-template.php(157): locate_template(Array, true, false)
#3 /var/www/html/wp-content/themes/storefront-child/single.php(19): get_template_part('content', 'post')
#4 /var/www/html/wp-includes/template-loader.php(77): include('/var/www/html/w...')
#5 /var/www/html/wp-blog-header.php(19): require_once('/var/www/html/w...')
#6 /var/www/html/index.php(17): require('/var/www/html/w...')
#7 {main}
  thrown in /var/www/html/wp-content/themes/storefront-child/content.php on line 73

2019-04-18T17:15:11+00:00 CRITICAL Uncaught Error: Call to undefined function raymondvoyage_posted_by() in /var/www/html/wp-content/themes/storefront-child/content.php:73
Stack trace:
#0 /var/www/html/wp-includes/template.php(706): require()
#1 /var/www/html/wp-includes/template.php(653): load_template('/var/www/html/w...', false)
#2 /var/www/html/wp-includes/general-template.php(157): locate_template(Array, true, false)
#3 /var/www/html/wp-content/themes/storefront-child/single.php(19): get_template_part('content', 'post')
#4 /var/www/html/wp-includes/template-loader.php(77): include('/var/www/html/w...')
#5 /var/www/html/wp-blog-header.php(19): require_once('/var/www/html/w...')
#6 /var/www/html/index.php(17): require('/var/www/html/w...')
#7 {main}
  thrown in /var/www/html/wp-content/themes/storefront-child/content.php on line 73

2019-04-18T17:15:18+00:00 CRITICAL Uncaught Error: Call to undefined function raymondvoyage_posted_by() in /var/www/html/wp-content/themes/storefront-child/content.php:73
Stack trace:
#0 /var/www/html/wp-includes/template.php(706): require()
#1 /var/www/html/wp-includes/template.php(653): load_template('/var/www/html/w...', false)
#2 /var/www/html/wp-includes/general-template.php(157): locate_template(Array, true, false)
#3 /var/www/html/wp-content/themes/storefront-child/single.php(19): get_template_part('content', 'post')
#4 /var/www/html/wp-includes/template-loader.php(77): include('/var/www/html/w...')
#5 /var/www/html/wp-blog-header.php(19): require_once('/var/www/html/w...')
#6 /var/www/html/index.php(17): require('/var/www/html/w...')
#7 {main}
  thrown in /var/www/html/wp-content/themes/storefront-child/content.php on line 73

2019-04-18T17:15:26+00:00 CRITICAL Uncaught Error: Call to undefined function raymondvoyage_posted_by() in /var/www/html/wp-content/themes/storefront-child/content.php:73
Stack trace:
#0 /var/www/html/wp-includes/template.php(706): require()
#1 /var/www/html/wp-includes/template.php(653): load_template('/var/www/html/w...', false)
#2 /var/www/html/wp-includes/general-template.php(157): locate_template(Array, true, false)
#3 /var/www/html/wp-content/themes/storefront-child/single.php(19): get_template_part('content', 'post')
#4 /var/www/html/wp-includes/template-loader.php(77): include('/var/www/html/w...')
#5 /var/www/html/wp-blog-header.php(19): require_once('/var/www/html/w...')
#6 /var/www/html/index.php(17): require('/var/www/html/w...')
#7 {main}
  thrown in /var/www/html/wp-content/themes/storefront-child/content.php on line 73

2019-04-18T17:16:07+00:00 CRITICAL Uncaught Error: Call to undefined function raymondvoyage_posted_by() in /var/www/html/wp-content/themes/storefront-child/content.php:73
Stack trace:
#0 /var/www/html/wp-includes/template.php(706): require()
#1 /var/www/html/wp-includes/template.php(653): load_template('/var/www/html/w...', false)
#2 /var/www/html/wp-includes/general-template.php(157): locate_template(Array, true, false)
#3 /var/www/html/wp-content/themes/storefront-child/single.php(19): get_template_part('content', 'post')
#4 /var/www/html/wp-includes/template-loader.php(77): include('/var/www/html/w...')
#5 /var/www/html/wp-blog-header.php(19): require_once('/var/www/html/w...')
#6 /var/www/html/index.php(17): require('/var/www/html/w...')
#7 {main}
  thrown in /var/www/html/wp-content/themes/storefront-child/content.php on line 73

2019-04-18T17:18:20+00:00 CRITICAL Uncaught Error: Call to undefined function raymondvoyage_posted_by() in /var/www/html/wp-content/themes/storefront-child/content.php:73
Stack trace:
#0 /var/www/html/wp-includes/template.php(706): require()
#1 /var/www/html/wp-includes/template.php(653): load_template('/var/www/html/w...', false)
#2 /var/www/html/wp-includes/general-template.php(157): locate_template(Array, true, false)
#3 /var/www/html/wp-content/themes/storefront-child/single.php(19): get_template_part('content', 'post')
#4 /var/www/html/wp-includes/template-loader.php(77): include('/var/www/html/w...')
#5 /var/www/html/wp-blog-header.php(19): require_once('/var/www/html/w...')
#6 /var/www/html/index.php(17): require('/var/www/html/w...')
#7 {main}
  thrown in /var/www/html/wp-content/themes/storefront-child/content.php on line 73

2019-04-18T17:18:31+00:00 CRITICAL Uncaught Error: Call to undefined function raymondvoyage_posted_by() in /var/www/html/wp-content/themes/storefront-child/content.php:73
Stack trace:
#0 /var/www/html/wp-includes/template.php(706): require()
#1 /var/www/html/wp-includes/template.php(653): load_template('/var/www/html/w...', false)
#2 /var/www/html/wp-includes/general-template.php(157): locate_template(Array, true, false)
#3 /var/www/html/wp-content/themes/storefront-child/single.php(19): get_template_part('content', 'post')
#4 /var/www/html/wp-includes/template-loader.php(77): include('/var/www/html/w...')
#5 /var/www/html/wp-blog-header.php(19): require_once('/var/www/html/w...')
#6 /var/www/html/index.php(17): require('/var/www/html/w...')
#7 {main}
  thrown in /var/www/html/wp-content/themes/storefront-child/content.php on line 73

2019-04-18T17:19:56+00:00 CRITICAL Uncaught Error: Call to undefined function raymondvoyage_posted_by() in /var/www/html/wp-content/themes/storefront-child/content.php:73
Stack trace:
#0 /var/www/html/wp-includes/template.php(706): require()
#1 /var/www/html/wp-includes/template.php(653): load_template('/var/www/html/w...', false)
#2 /var/www/html/wp-includes/general-template.php(157): locate_template(Array, true, false)
#3 /var/www/html/wp-content/themes/storefront-child/single.php(19): get_template_part('content', 'post')
#4 /var/www/html/wp-includes/template-loader.php(77): include('/var/www/html/w...')
#5 /var/www/html/wp-blog-header.php(19): require_once('/var/www/html/w...')
#6 /var/www/html/index.php(17): require('/var/www/html/w...')
#7 {main}
  thrown in /var/www/html/wp-content/themes/storefront-child/content.php on line 73

2019-04-18T17:20:43+00:00 CRITICAL Uncaught Error: Call to undefined function raymondvoyage_posted_by() in /var/www/html/wp-content/themes/storefront-child/content.php:73
Stack trace:
#0 /var/www/html/wp-includes/template.php(706): require()
#1 /var/www/html/wp-includes/template.php(653): load_template('/var/www/html/w...', false)
#2 /var/www/html/wp-includes/general-template.php(157): locate_template(Array, true, false)
#3 /var/www/html/wp-content/themes/storefront-child/single.php(19): get_template_part('content', 'post')
#4 /var/www/html/wp-includes/template-loader.php(77): include('/var/www/html/w...')
#5 /var/www/html/wp-blog-header.php(19): require_once('/var/www/html/w...')
#6 /var/www/html/index.php(17): require('/var/www/html/w...')
#7 {main}
  thrown in /var/www/html/wp-content/themes/storefront-child/content.php on line 73

2019-04-18T17:20:51+00:00 CRITICAL Uncaught Error: Call to undefined function raymondvoyage_posted_by() in /var/www/html/wp-content/themes/storefront-child/content.php:73
Stack trace:
#0 /var/www/html/wp-includes/template.php(706): require()
#1 /var/www/html/wp-includes/template.php(653): load_template('/var/www/html/w...', false)
#2 /var/www/html/wp-includes/general-template.php(157): locate_template(Array, true, false)
#3 /var/www/html/wp-content/themes/storefront-child/single.php(19): get_template_part('content', 'post')
#4 /var/www/html/wp-includes/template-loader.php(77): include('/var/www/html/w...')
#5 /var/www/html/wp-blog-header.php(19): require_once('/var/www/html/w...')
#6 /var/www/html/index.php(17): require('/var/www/html/w...')
#7 {main}
  thrown in /var/www/html/wp-content/themes/storefront-child/content.php on line 73

2019-04-18T17:22:54+00:00 CRITICAL Uncaught Error: Call to undefined function the_autor() in /var/www/html/wp-content/themes/storefront-child/content.php:41
Stack trace:
#0 /var/www/html/wp-includes/template.php(706): require()
#1 /var/www/html/wp-includes/template.php(653): load_template('/var/www/html/w...', false)
#2 /var/www/html/wp-includes/general-template.php(157): locate_template(Array, true, false)
#3 /var/www/html/wp-content/themes/storefront-child/single.php(19): get_template_part('content', 'post')
#4 /var/www/html/wp-includes/template-loader.php(77): include('/var/www/html/w...')
#5 /var/www/html/wp-blog-header.php(19): require_once('/var/www/html/w...')
#6 /var/www/html/index.php(17): require('/var/www/html/w...')
#7 {main}
  thrown in /var/www/html/wp-content/themes/storefront-child/content.php on line 41

2019-04-18T17:22:57+00:00 CRITICAL Uncaught Error: Call to undefined function the_autor() in /var/www/html/wp-content/themes/storefront-child/content.php:41
Stack trace:
#0 /var/www/html/wp-includes/template.php(706): require()
#1 /var/www/html/wp-includes/template.php(653): load_template('/var/www/html/w...', false)
#2 /var/www/html/wp-includes/general-template.php(157): locate_template(Array, true, false)
#3 /var/www/html/wp-content/themes/storefront-child/single.php(19): get_template_part('content', 'post')
#4 /var/www/html/wp-includes/template-loader.php(77): include('/var/www/html/w...')
#5 /var/www/html/wp-blog-header.php(19): require_once('/var/www/html/w...')
#6 /var/www/html/index.php(17): require('/var/www/html/w...')
#7 {main}
  thrown in /var/www/html/wp-content/themes/storefront-child/content.php on line 41

2019-04-18T17:23:05+00:00 CRITICAL Uncaught Error: Call to undefined function raymondvoyage_posted_by() in /var/www/html/wp-content/themes/storefront-child/content.php:73
Stack trace:
#0 /var/www/html/wp-includes/template.php(706): require()
#1 /var/www/html/wp-includes/template.php(653): load_template('/var/www/html/w...', false)
#2 /var/www/html/wp-includes/general-template.php(157): locate_template(Array, true, false)
#3 /var/www/html/wp-content/themes/storefront-child/single.php(19): get_template_part('content', 'post')
#4 /var/www/html/wp-includes/template-loader.php(77): include('/var/www/html/w...')
#5 /var/www/html/wp-blog-header.php(19): require_once('/var/www/html/w...')
#6 /var/www/html/index.php(17): require('/var/www/html/w...')
#7 {main}
  thrown in /var/www/html/wp-content/themes/storefront-child/content.php on line 73

2019-04-18T17:24:04+00:00 CRITICAL Uncaught Error: Call to undefined function raymondvoyage_posted_by() in /var/www/html/wp-content/themes/storefront-child/content.php:74
Stack trace:
#0 /var/www/html/wp-includes/template.php(706): require()
#1 /var/www/html/wp-includes/template.php(653): load_template('/var/www/html/w...', false)
#2 /var/www/html/wp-includes/general-template.php(157): locate_template(Array, true, false)
#3 /var/www/html/wp-content/themes/storefront-child/single.php(19): get_template_part('content', 'post')
#4 /var/www/html/wp-includes/template-loader.php(77): include('/var/www/html/w...')
#5 /var/www/html/wp-blog-header.php(19): require_once('/var/www/html/w...')
#6 /var/www/html/index.php(17): require('/var/www/html/w...')
#7 {main}
  thrown in /var/www/html/wp-content/themes/storefront-child/content.php on line 74

2019-04-18T17:24:17+00:00 CRITICAL Uncaught Error: Call to undefined function raymondvoyage_posted_by() in /var/www/html/wp-content/themes/storefront-child/content.php:74
Stack trace:
#0 /var/www/html/wp-includes/template.php(706): require()
#1 /var/www/html/wp-includes/template.php(653): load_template('/var/www/html/w...', false)
#2 /var/www/html/wp-includes/general-template.php(157): locate_template(Array, true, false)
#3 /var/www/html/wp-content/themes/storefront-child/single.php(19): get_template_part('content', 'post')
#4 /var/www/html/wp-includes/template-loader.php(77): include('/var/www/html/w...')
#5 /var/www/html/wp-blog-header.php(19): require_once('/var/www/html/w...')
#6 /var/www/html/index.php(17): require('/var/www/html/w...')
#7 {main}
  thrown in /var/www/html/wp-content/themes/storefront-child/content.php on line 74

2019-04-18T17:24:30+00:00 CRITICAL Uncaught Error: Call to undefined function raymondvoyage_posted_by() in /var/www/html/wp-content/themes/storefront-child/content.php:76
Stack trace:
#0 /var/www/html/wp-includes/template.php(706): require()
#1 /var/www/html/wp-includes/template.php(653): load_template('/var/www/html/w...', false)
#2 /var/www/html/wp-includes/general-template.php(157): locate_template(Array, true, false)
#3 /var/www/html/wp-content/themes/storefront-child/single.php(19): get_template_part('content', 'post')
#4 /var/www/html/wp-includes/template-loader.php(77): include('/var/www/html/w...')
#5 /var/www/html/wp-blog-header.php(19): require_once('/var/www/html/w...')
#6 /var/www/html/index.php(17): require('/var/www/html/w...')
#7 {main}
  thrown in /var/www/html/wp-content/themes/storefront-child/content.php on line 76

2019-04-18T17:27:11+00:00 CRITICAL Uncaught Error: Call to undefined function raymondvoyage_posted_by() in /var/www/html/wp-content/themes/storefront-child/content.php:78
Stack trace:
#0 /var/www/html/wp-includes/template.php(706): require()
#1 /var/www/html/wp-includes/template.php(653): load_template('/var/www/html/w...', false)
#2 /var/www/html/wp-includes/general-template.php(157): locate_template(Array, true, false)
#3 /var/www/html/wp-content/themes/storefront-child/single.php(19): get_template_part('content', 'post')
#4 /var/www/html/wp-includes/template-loader.php(77): include('/var/www/html/w...')
#5 /var/www/html/wp-blog-header.php(19): require_once('/var/www/html/w...')
#6 /var/www/html/index.php(17): require('/var/www/html/w...')
#7 {main}
  thrown in /var/www/html/wp-content/themes/storefront-child/content.php on line 78

2019-04-18T17:27:52+00:00 CRITICAL Uncaught Error: Call to undefined function raymondvoyage_posted_by() in /var/www/html/wp-content/themes/storefront-child/content.php:78
Stack trace:
#0 /var/www/html/wp-includes/template.php(706): require()
#1 /var/www/html/wp-includes/template.php(653): load_template('/var/www/html/w...', false)
#2 /var/www/html/wp-includes/general-template.php(157): locate_template(Array, true, false)
#3 /var/www/html/wp-content/themes/storefront-child/single.php(19): get_template_part('content', 'post')
#4 /var/www/html/wp-includes/template-loader.php(77): include('/var/www/html/w...')
#5 /var/www/html/wp-blog-header.php(19): require_once('/var/www/html/w...')
#6 /var/www/html/index.php(17): require('/var/www/html/w...')
#7 {main}
  thrown in /var/www/html/wp-content/themes/storefront-child/content.php on line 78

2019-04-18T17:28:03+00:00 CRITICAL Uncaught Error: Call to undefined function raymondvoyage_posted_by() in /var/www/html/wp-content/themes/storefront-child/content.php:81
Stack trace:
#0 /var/www/html/wp-includes/template.php(706): require()
#1 /var/www/html/wp-includes/template.php(653): load_template('/var/www/html/w...', false)
#2 /var/www/html/wp-includes/general-template.php(157): locate_template(Array, true, false)
#3 /var/www/html/wp-content/themes/storefront-child/single.php(19): get_template_part('content', 'post')
#4 /var/www/html/wp-includes/template-loader.php(77): include('/var/www/html/w...')
#5 /var/www/html/wp-blog-header.php(19): require_once('/var/www/html/w...')
#6 /var/www/html/index.php(17): require('/var/www/html/w...')
#7 {main}
  thrown in /var/www/html/wp-content/themes/storefront-child/content.php on line 81

2019-04-18T17:28:33+00:00 CRITICAL Uncaught Error: Call to undefined function raymondvoyage_posted_by() in /var/www/html/wp-content/themes/storefront-child/content.php:81
Stack trace:
#0 /var/www/html/wp-includes/template.php(706): require()
#1 /var/www/html/wp-includes/template.php(653): load_template('/var/www/html/w...', false)
#2 /var/www/html/wp-includes/general-template.php(157): locate_template(Array, true, false)
#3 /var/www/html/wp-content/themes/storefront-child/single.php(19): get_template_part('content', 'post')
#4 /var/www/html/wp-includes/template-loader.php(77): include('/var/www/html/w...')
#5 /var/www/html/wp-blog-header.php(19): require_once('/var/www/html/w...')
#6 /var/www/html/index.php(17): require('/var/www/html/w...')
#7 {main}
  thrown in /var/www/html/wp-content/themes/storefront-child/content.php on line 81

2019-04-18T17:28:33+00:00 CRITICAL Uncaught Error: Call to undefined function raymondvoyage_posted_by() in /var/www/html/wp-content/themes/storefront-child/content.php:81
Stack trace:
#0 /var/www/html/wp-includes/template.php(706): require()
#1 /var/www/html/wp-includes/template.php(653): load_template('/var/www/html/w...', false)
#2 /var/www/html/wp-includes/general-template.php(157): locate_template(Array, true, false)
#3 /var/www/html/wp-content/themes/storefront-child/single.php(19): get_template_part('content', 'post')
#4 /var/www/html/wp-includes/template-loader.php(77): include('/var/www/html/w...')
#5 /var/www/html/wp-blog-header.php(19): require_once('/var/www/html/w...')
#6 /var/www/html/index.php(17): require('/var/www/html/w...')
#7 {main}
  thrown in /var/www/html/wp-content/themes/storefront-child/content.php on line 81

2019-04-18T17:28:34+00:00 CRITICAL Uncaught Error: Call to undefined function raymondvoyage_posted_by() in /var/www/html/wp-content/themes/storefront-child/content.php:81
Stack trace:
#0 /var/www/html/wp-includes/template.php(706): require()
#1 /var/www/html/wp-includes/template.php(653): load_template('/var/www/html/w...', false)
#2 /var/www/html/wp-includes/general-template.php(157): locate_template(Array, true, false)
#3 /var/www/html/wp-content/themes/storefront-child/single.php(19): get_template_part('content', 'post')
#4 /var/www/html/wp-includes/template-loader.php(77): include('/var/www/html/w...')
#5 /var/www/html/wp-blog-header.php(19): require_once('/var/www/html/w...')
#6 /var/www/html/index.php(17): require('/var/www/html/w...')
#7 {main}
  thrown in /var/www/html/wp-content/themes/storefront-child/content.php on line 81

2019-04-18T17:28:58+00:00 CRITICAL Uncaught Error: Call to undefined function raymondvoyage_posted_by() in /var/www/html/wp-content/themes/storefront-child/content.php:81
Stack trace:
#0 /var/www/html/wp-includes/template.php(706): require()
#1 /var/www/html/wp-includes/template.php(653): load_template('/var/www/html/w...', false)
#2 /var/www/html/wp-includes/general-template.php(157): locate_template(Array, true, false)
#3 /var/www/html/wp-content/themes/storefront-child/single.php(19): get_template_part('content', 'post')
#4 /var/www/html/wp-includes/template-loader.php(77): include('/var/www/html/w...')
#5 /var/www/html/wp-blog-header.php(19): require_once('/var/www/html/w...')
#6 /var/www/html/index.php(17): require('/var/www/html/w...')
#7 {main}
  thrown in /var/www/html/wp-content/themes/storefront-child/content.php on line 81

2019-04-18T17:29:37+00:00 CRITICAL Uncaught Error: Call to undefined function raymondvoyage_posted_by() in /var/www/html/wp-content/themes/storefront-child/content.php:81
Stack trace:
#0 /var/www/html/wp-includes/template.php(706): require()
#1 /var/www/html/wp-includes/template.php(653): load_template('/var/www/html/w...', false)
#2 /var/www/html/wp-includes/general-template.php(157): locate_template(Array, true, false)
#3 /var/www/html/wp-content/themes/storefront-child/single.php(19): get_template_part('content', 'post')
#4 /var/www/html/wp-includes/template-loader.php(77): include('/var/www/html/w...')
#5 /var/www/html/wp-blog-header.php(19): require_once('/var/www/html/w...')
#6 /var/www/html/index.php(17): require('/var/www/html/w...')
#7 {main}
  thrown in /var/www/html/wp-content/themes/storefront-child/content.php on line 81

2019-04-18T17:29:38+00:00 CRITICAL Uncaught Error: Call to undefined function raymondvoyage_posted_by() in /var/www/html/wp-content/themes/storefront-child/content.php:81
Stack trace:
#0 /var/www/html/wp-includes/template.php(706): require()
#1 /var/www/html/wp-includes/template.php(653): load_template('/var/www/html/w...', false)
#2 /var/www/html/wp-includes/general-template.php(157): locate_template(Array, true, false)
#3 /var/www/html/wp-content/themes/storefront-child/single.php(19): get_template_part('content', 'post')
#4 /var/www/html/wp-includes/template-loader.php(77): include('/var/www/html/w...')
#5 /var/www/html/wp-blog-header.php(19): require_once('/var/www/html/w...')
#6 /var/www/html/index.php(17): require('/var/www/html/w...')
#7 {main}
  thrown in /var/www/html/wp-content/themes/storefront-child/content.php on line 81

2019-04-18T17:30:01+00:00 CRITICAL Uncaught Error: Call to undefined function raymondvoyage_posted_by() in /var/www/html/wp-content/themes/storefront-child/content.php:81
Stack trace:
#0 /var/www/html/wp-includes/template.php(706): require()
#1 /var/www/html/wp-includes/template.php(653): load_template('/var/www/html/w...', false)
#2 /var/www/html/wp-includes/general-template.php(157): locate_template(Array, true, false)
#3 /var/www/html/wp-content/themes/storefront-child/single.php(19): get_template_part('content', 'post')
#4 /var/www/html/wp-includes/template-loader.php(77): include('/var/www/html/w...')
#5 /var/www/html/wp-blog-header.php(19): require_once('/var/www/html/w...')
#6 /var/www/html/index.php(17): require('/var/www/html/w...')
#7 {main}
  thrown in /var/www/html/wp-content/themes/storefront-child/content.php on line 81

2019-04-18T17:31:55+00:00 CRITICAL Uncaught Error: Call to undefined function raymondvoyage_posted_by() in /var/www/html/wp-content/themes/storefront-child/content.php:81
Stack trace:
#0 /var/www/html/wp-includes/template.php(706): require()
#1 /var/www/html/wp-includes/template.php(653): load_template('/var/www/html/w...', false)
#2 /var/www/html/wp-includes/general-template.php(157): locate_template(Array, true, false)
#3 /var/www/html/wp-content/themes/storefront-child/single.php(19): get_template_part('content', 'post')
#4 /var/www/html/wp-includes/template-loader.php(77): include('/var/www/html/w...')
#5 /var/www/html/wp-blog-header.php(19): require_once('/var/www/html/w...')
#6 /var/www/html/index.php(17): require('/var/www/html/w...')
#7 {main}
  thrown in /var/www/html/wp-content/themes/storefront-child/content.php on line 81

2019-04-18T17:32:00+00:00 CRITICAL Uncaught Error: Call to undefined function raymondvoyage_posted_by() in /var/www/html/wp-content/themes/storefront-child/content.php:81
Stack trace:
#0 /var/www/html/wp-includes/template.php(706): require()
#1 /var/www/html/wp-includes/template.php(653): load_template('/var/www/html/w...', false)
#2 /var/www/html/wp-includes/general-template.php(157): locate_template(Array, true, false)
#3 /var/www/html/wp-content/themes/storefront-child/single.php(19): get_template_part('content', 'post')
#4 /var/www/html/wp-includes/template-loader.php(77): include('/var/www/html/w...')
#5 /var/www/html/wp-blog-header.php(19): require_once('/var/www/html/w...')
#6 /var/www/html/index.php(17): require('/var/www/html/w...')
#7 {main}
  thrown in /var/www/html/wp-content/themes/storefront-child/content.php on line 81

2019-04-18T17:32:01+00:00 CRITICAL Uncaught Error: Call to undefined function raymondvoyage_posted_by() in /var/www/html/wp-content/themes/storefront-child/content.php:81
Stack trace:
#0 /var/www/html/wp-includes/template.php(706): require()
#1 /var/www/html/wp-includes/template.php(653): load_template('/var/www/html/w...', false)
#2 /var/www/html/wp-includes/general-template.php(157): locate_template(Array, true, false)
#3 /var/www/html/wp-content/themes/storefront-child/single.php(19): get_template_part('content', 'post')
#4 /var/www/html/wp-includes/template-loader.php(77): include('/var/www/html/w...')
#5 /var/www/html/wp-blog-header.php(19): require_once('/var/www/html/w...')
#6 /var/www/html/index.php(17): require('/var/www/html/w...')
#7 {main}
  thrown in /var/www/html/wp-content/themes/storefront-child/content.php on line 81

2019-04-18T17:35:24+00:00 CRITICAL Uncaught Error: Call to undefined function raymondvoyage_posted_by() in /var/www/html/wp-content/themes/storefront-child/content.php:81
Stack trace:
#0 /var/www/html/wp-includes/template.php(706): require()
#1 /var/www/html/wp-includes/template.php(653): load_template('/var/www/html/w...', false)
#2 /var/www/html/wp-includes/general-template.php(157): locate_template(Array, true, false)
#3 /var/www/html/wp-content/themes/storefront-child/single.php(19): get_template_part('content', 'post')
#4 /var/www/html/wp-includes/template-loader.php(77): include('/var/www/html/w...')
#5 /var/www/html/wp-blog-header.php(19): require_once('/var/www/html/w...')
#6 /var/www/html/index.php(17): require('/var/www/html/w...')
#7 {main}
  thrown in /var/www/html/wp-content/themes/storefront-child/content.php on line 81

2019-04-18T17:35:25+00:00 CRITICAL Uncaught Error: Call to undefined function raymondvoyage_posted_by() in /var/www/html/wp-content/themes/storefront-child/content.php:81
Stack trace:
#0 /var/www/html/wp-includes/template.php(706): require()
#1 /var/www/html/wp-includes/template.php(653): load_template('/var/www/html/w...', false)
#2 /var/www/html/wp-includes/general-template.php(157): locate_template(Array, true, false)
#3 /var/www/html/wp-content/themes/storefront-child/single.php(19): get_template_part('content', 'post')
#4 /var/www/html/wp-includes/template-loader.php(77): include('/var/www/html/w...')
#5 /var/www/html/wp-blog-header.php(19): require_once('/var/www/html/w...')
#6 /var/www/html/index.php(17): require('/var/www/html/w...')
#7 {main}
  thrown in /var/www/html/wp-content/themes/storefront-child/content.php on line 81

2019-04-18T17:40:15+00:00 CRITICAL Uncaught Error: Call to undefined function raymondvoyage_posted_by() in /var/www/html/wp-content/themes/storefront-child/content.php:81
Stack trace:
#0 /var/www/html/wp-includes/template.php(706): require()
#1 /var/www/html/wp-includes/template.php(653): load_template('/var/www/html/w...', false)
#2 /var/www/html/wp-includes/general-template.php(157): locate_template(Array, true, false)
#3 /var/www/html/wp-content/themes/storefront-child/single.php(19): get_template_part('content', 'post')
#4 /var/www/html/wp-includes/template-loader.php(77): include('/var/www/html/w...')
#5 /var/www/html/wp-blog-header.php(19): require_once('/var/www/html/w...')
#6 /var/www/html/index.php(17): require('/var/www/html/w...')
#7 {main}
  thrown in /var/www/html/wp-content/themes/storefront-child/content.php on line 81

2019-04-18T17:42:55+00:00 CRITICAL Uncaught Error: Call to undefined function raymondvoyage_posted_by() in /var/www/html/wp-content/themes/storefront-child/content.php:81
Stack trace:
#0 /var/www/html/wp-includes/template.php(706): require()
#1 /var/www/html/wp-includes/template.php(653): load_template('/var/www/html/w...', false)
#2 /var/www/html/wp-includes/general-template.php(157): locate_template(Array, true, false)
#3 /var/www/html/wp-content/themes/storefront-child/single.php(19): get_template_part('content', 'post')
#4 /var/www/html/wp-includes/template-loader.php(77): include('/var/www/html/w...')
#5 /var/www/html/wp-blog-header.php(19): require_once('/var/www/html/w...')
#6 /var/www/html/index.php(17): require('/var/www/html/w...')
#7 {main}
  thrown in /var/www/html/wp-content/themes/storefront-child/content.php on line 81

2019-04-18T17:43:07+00:00 CRITICAL Uncaught Error: Call to undefined function raymondvoyage_posted_by() in /var/www/html/wp-content/themes/storefront-child/content.php:81
Stack trace:
#0 /var/www/html/wp-includes/template.php(706): require()
#1 /var/www/html/wp-includes/template.php(653): load_template('/var/www/html/w...', false)
#2 /var/www/html/wp-includes/general-template.php(157): locate_template(Array, true, false)
#3 /var/www/html/wp-content/themes/storefront-child/single.php(19): get_template_part('content', 'post')
#4 /var/www/html/wp-includes/template-loader.php(77): include('/var/www/html/w...')
#5 /var/www/html/wp-blog-header.php(19): require_once('/var/www/html/w...')
#6 /var/www/html/index.php(17): require('/var/www/html/w...')
#7 {main}
  thrown in /var/www/html/wp-content/themes/storefront-child/content.php on line 81

2019-04-18T17:43:12+00:00 CRITICAL Uncaught Error: Call to undefined function raymondvoyage_posted_by() in /var/www/html/wp-content/themes/storefront-child/content.php:81
Stack trace:
#0 /var/www/html/wp-includes/template.php(706): require()
#1 /var/www/html/wp-includes/template.php(653): load_template('/var/www/html/w...', false)
#2 /var/www/html/wp-includes/general-template.php(157): locate_template(Array, true, false)
#3 /var/www/html/wp-content/themes/storefront-child/single.php(19): get_template_part('content', 'post')
#4 /var/www/html/wp-includes/template-loader.php(77): include('/var/www/html/w...')
#5 /var/www/html/wp-blog-header.php(19): require_once('/var/www/html/w...')
#6 /var/www/html/index.php(17): require('/var/www/html/w...')
#7 {main}
  thrown in /var/www/html/wp-content/themes/storefront-child/content.php on line 81

2019-04-18T17:43:15+00:00 CRITICAL Uncaught Error: Call to undefined function raymondvoyage_posted_by() in /var/www/html/wp-content/themes/storefront-child/content.php:81
Stack trace:
#0 /var/www/html/wp-includes/template.php(706): require()
#1 /var/www/html/wp-includes/template.php(653): load_template('/var/www/html/w...', false)
#2 /var/www/html/wp-includes/general-template.php(157): locate_template(Array, true, false)
#3 /var/www/html/wp-content/themes/storefront-child/single.php(19): get_template_part('content', 'post')
#4 /var/www/html/wp-includes/template-loader.php(77): include('/var/www/html/w...')
#5 /var/www/html/wp-blog-header.php(19): require_once('/var/www/html/w...')
#6 /var/www/html/index.php(17): require('/var/www/html/w...')
#7 {main}
  thrown in /var/www/html/wp-content/themes/storefront-child/content.php on line 81

2019-04-18T17:43:57+00:00 CRITICAL Uncaught Error: Call to undefined function raymondvoyage_posted_by() in /var/www/html/wp-content/themes/storefront-child/content.php:81
Stack trace:
#0 /var/www/html/wp-includes/template.php(706): require()
#1 /var/www/html/wp-includes/template.php(653): load_template('/var/www/html/w...', false)
#2 /var/www/html/wp-includes/general-template.php(157): locate_template(Array, true, false)
#3 /var/www/html/wp-content/themes/storefront-child/single.php(19): get_template_part('content', 'post')
#4 /var/www/html/wp-includes/template-loader.php(77): include('/var/www/html/w...')
#5 /var/www/html/wp-blog-header.php(19): require_once('/var/www/html/w...')
#6 /var/www/html/index.php(17): require('/var/www/html/w...')
#7 {main}
  thrown in /var/www/html/wp-content/themes/storefront-child/content.php on line 81

2019-04-18T17:44:04+00:00 CRITICAL Uncaught Error: Call to undefined function raymondvoyage_posted_by() in /var/www/html/wp-content/themes/storefront-child/content.php:81
Stack trace:
#0 /var/www/html/wp-includes/template.php(706): require()
#1 /var/www/html/wp-includes/template.php(653): load_template('/var/www/html/w...', false)
#2 /var/www/html/wp-includes/general-template.php(157): locate_template(Array, true, false)
#3 /var/www/html/wp-content/themes/storefront-child/single.php(19): get_template_part('content', 'post')
#4 /var/www/html/wp-includes/template-loader.php(77): include('/var/www/html/w...')
#5 /var/www/html/wp-blog-header.php(19): require_once('/var/www/html/w...')
#6 /var/www/html/index.php(17): require('/var/www/html/w...')
#7 {main}
  thrown in /var/www/html/wp-content/themes/storefront-child/content.php on line 81

2019-04-18T17:44:13+00:00 CRITICAL Uncaught Error: Call to undefined function raymondvoyage_posted_by() in /var/www/html/wp-content/themes/storefront-child/content.php:81
Stack trace:
#0 /var/www/html/wp-includes/template.php(706): require()
#1 /var/www/html/wp-includes/template.php(653): load_template('/var/www/html/w...', false)
#2 /var/www/html/wp-includes/general-template.php(157): locate_template(Array, true, false)
#3 /var/www/html/wp-content/themes/storefront-child/single.php(19): get_template_part('content', 'post')
#4 /var/www/html/wp-includes/template-loader.php(77): include('/var/www/html/w...')
#5 /var/www/html/wp-blog-header.php(19): require_once('/var/www/html/w...')
#6 /var/www/html/index.php(17): require('/var/www/html/w...')
#7 {main}
  thrown in /var/www/html/wp-content/themes/storefront-child/content.php on line 81

2019-04-18T17:44:15+00:00 CRITICAL Uncaught Error: Call to undefined function raymondvoyage_posted_by() in /var/www/html/wp-content/themes/storefront-child/content.php:81
Stack trace:
#0 /var/www/html/wp-includes/template.php(706): require()
#1 /var/www/html/wp-includes/template.php(653): load_template('/var/www/html/w...', false)
#2 /var/www/html/wp-includes/general-template.php(157): locate_template(Array, true, false)
#3 /var/www/html/wp-content/themes/storefront-child/single.php(19): get_template_part('content', 'post')
#4 /var/www/html/wp-includes/template-loader.php(77): include('/var/www/html/w...')
#5 /var/www/html/wp-blog-header.php(19): require_once('/var/www/html/w...')
#6 /var/www/html/index.php(17): require('/var/www/html/w...')
#7 {main}
  thrown in /var/www/html/wp-content/themes/storefront-child/content.php on line 81

2019-04-18T17:44:18+00:00 CRITICAL Uncaught Error: Call to undefined function raymondvoyage_posted_by() in /var/www/html/wp-content/themes/storefront-child/content.php:81
Stack trace:
#0 /var/www/html/wp-includes/template.php(706): require()
#1 /var/www/html/wp-includes/template.php(653): load_template('/var/www/html/w...', false)
#2 /var/www/html/wp-includes/general-template.php(157): locate_template(Array, true, false)
#3 /var/www/html/wp-content/themes/storefront-child/single.php(19): get_template_part('content', 'post')
#4 /var/www/html/wp-includes/template-loader.php(77): include('/var/www/html/w...')
#5 /var/www/html/wp-blog-header.php(19): require_once('/var/www/html/w...')
#6 /var/www/html/index.php(17): require('/var/www/html/w...')
#7 {main}
  thrown in /var/www/html/wp-content/themes/storefront-child/content.php on line 81

2019-04-18T17:44:19+00:00 CRITICAL Uncaught Error: Call to undefined function raymondvoyage_posted_by() in /var/www/html/wp-content/themes/storefront-child/content.php:81
Stack trace:
#0 /var/www/html/wp-includes/template.php(706): require()
#1 /var/www/html/wp-includes/template.php(653): load_template('/var/www/html/w...', false)
#2 /var/www/html/wp-includes/general-template.php(157): locate_template(Array, true, false)
#3 /var/www/html/wp-content/themes/storefront-child/single.php(19): get_template_part('content', 'post')
#4 /var/www/html/wp-includes/template-loader.php(77): include('/var/www/html/w...')
#5 /var/www/html/wp-blog-header.php(19): require_once('/var/www/html/w...')
#6 /var/www/html/index.php(17): require('/var/www/html/w...')
#7 {main}
  thrown in /var/www/html/wp-content/themes/storefront-child/content.php on line 81

2019-04-18T17:44:21+00:00 CRITICAL Uncaught Error: Call to undefined function raymondvoyage_posted_by() in /var/www/html/wp-content/themes/storefront-child/content.php:81
Stack trace:
#0 /var/www/html/wp-includes/template.php(706): require()
#1 /var/www/html/wp-includes/template.php(653): load_template('/var/www/html/w...', false)
#2 /var/www/html/wp-includes/general-template.php(157): locate_template(Array, true, false)
#3 /var/www/html/wp-content/themes/storefront-child/single.php(19): get_template_part('content', 'post')
#4 /var/www/html/wp-includes/template-loader.php(77): include('/var/www/html/w...')
#5 /var/www/html/wp-blog-header.php(19): require_once('/var/www/html/w...')
#6 /var/www/html/index.php(17): require('/var/www/html/w...')
#7 {main}
  thrown in /var/www/html/wp-content/themes/storefront-child/content.php on line 81

2019-04-18T17:44:31+00:00 CRITICAL Uncaught Error: Call to undefined function raymondvoyage_posted_by() in /var/www/html/wp-content/themes/storefront-child/content.php:81
Stack trace:
#0 /var/www/html/wp-includes/template.php(706): require()
#1 /var/www/html/wp-includes/template.php(653): load_template('/var/www/html/w...', false)
#2 /var/www/html/wp-includes/general-template.php(157): locate_template(Array, true, false)
#3 /var/www/html/wp-content/themes/storefront-child/single.php(19): get_template_part('content', 'post')
#4 /var/www/html/wp-includes/template-loader.php(77): include('/var/www/html/w...')
#5 /var/www/html/wp-blog-header.php(19): require_once('/var/www/html/w...')
#6 /var/www/html/index.php(17): require('/var/www/html/w...')
#7 {main}
  thrown in /var/www/html/wp-content/themes/storefront-child/content.php on line 81

2019-04-18T17:44:39+00:00 CRITICAL Uncaught Error: Call to undefined function raymondvoyage_posted_by() in /var/www/html/wp-content/themes/storefront-child/content.php:81
Stack trace:
#0 /var/www/html/wp-includes/template.php(706): require()
#1 /var/www/html/wp-includes/template.php(653): load_template('/var/www/html/w...', false)
#2 /var/www/html/wp-includes/general-template.php(157): locate_template(Array, true, false)
#3 /var/www/html/wp-content/themes/storefront-child/single.php(19): get_template_part('content', 'post')
#4 /var/www/html/wp-includes/template-loader.php(77): include('/var/www/html/w...')
#5 /var/www/html/wp-blog-header.php(19): require_once('/var/www/html/w...')
#6 /var/www/html/index.php(17): require('/var/www/html/w...')
#7 {main}
  thrown in /var/www/html/wp-content/themes/storefront-child/content.php on line 81

2019-04-18T17:45:08+00:00 CRITICAL Uncaught Error: Call to undefined function raymondvoyage_posted_by() in /var/www/html/wp-content/themes/storefront-child/content.php:81
Stack trace:
#0 /var/www/html/wp-includes/template.php(706): require()
#1 /var/www/html/wp-includes/template.php(653): load_template('/var/www/html/w...', false)
#2 /var/www/html/wp-includes/general-template.php(157): locate_template(Array, true, false)
#3 /var/www/html/wp-content/themes/storefront-child/single.php(19): get_template_part('content', 'post')
#4 /var/www/html/wp-includes/template-loader.php(77): include('/var/www/html/w...')
#5 /var/www/html/wp-blog-header.php(19): require_once('/var/www/html/w...')
#6 /var/www/html/index.php(17): require('/var/www/html/w...')
#7 {main}
  thrown in /var/www/html/wp-content/themes/storefront-child/content.php on line 81

2019-04-18T17:45:25+00:00 CRITICAL Uncaught Error: Call to undefined function raymondvoyage_posted_by() in /var/www/html/wp-content/themes/storefront-child/content.php:81
Stack trace:
#0 /var/www/html/wp-includes/template.php(706): require()
#1 /var/www/html/wp-includes/template.php(653): load_template('/var/www/html/w...', false)
#2 /var/www/html/wp-includes/general-template.php(157): locate_template(Array, true, false)
#3 /var/www/html/wp-content/themes/storefront-child/single.php(19): get_template_part('content', 'post')
#4 /var/www/html/wp-includes/template-loader.php(77): include('/var/www/html/w...')
#5 /var/www/html/wp-blog-header.php(19): require_once('/var/www/html/w...')
#6 /var/www/html/index.php(17): require('/var/www/html/w...')
#7 {main}
  thrown in /var/www/html/wp-content/themes/storefront-child/content.php on line 81

2019-04-18T17:45:26+00:00 CRITICAL Uncaught Error: Call to undefined function raymondvoyage_posted_by() in /var/www/html/wp-content/themes/storefront-child/content.php:81
Stack trace:
#0 /var/www/html/wp-includes/template.php(706): require()
#1 /var/www/html/wp-includes/template.php(653): load_template('/var/www/html/w...', false)
#2 /var/www/html/wp-includes/general-template.php(157): locate_template(Array, true, false)
#3 /var/www/html/wp-content/themes/storefront-child/single.php(19): get_template_part('content', 'post')
#4 /var/www/html/wp-includes/template-loader.php(77): include('/var/www/html/w...')
#5 /var/www/html/wp-blog-header.php(19): require_once('/var/www/html/w...')
#6 /var/www/html/index.php(17): require('/var/www/html/w...')
#7 {main}
  thrown in /var/www/html/wp-content/themes/storefront-child/content.php on line 81

2019-04-18T17:45:26+00:00 CRITICAL Uncaught Error: Call to undefined function raymondvoyage_posted_by() in /var/www/html/wp-content/themes/storefront-child/content.php:81
Stack trace:
#0 /var/www/html/wp-includes/template.php(706): require()
#1 /var/www/html/wp-includes/template.php(653): load_template('/var/www/html/w...', false)
#2 /var/www/html/wp-includes/general-template.php(157): locate_template(Array, true, false)
#3 /var/www/html/wp-content/themes/storefront-child/single.php(19): get_template_part('content', 'post')
#4 /var/www/html/wp-includes/template-loader.php(77): include('/var/www/html/w...')
#5 /var/www/html/wp-blog-header.php(19): require_once('/var/www/html/w...')
#6 /var/www/html/index.php(17): require('/var/www/html/w...')
#7 {main}
  thrown in /var/www/html/wp-content/themes/storefront-child/content.php on line 81

2019-04-18T17:45:27+00:00 CRITICAL Uncaught Error: Call to undefined function raymondvoyage_posted_by() in /var/www/html/wp-content/themes/storefront-child/content.php:81
Stack trace:
#0 /var/www/html/wp-includes/template.php(706): require()
#1 /var/www/html/wp-includes/template.php(653): load_template('/var/www/html/w...', false)
#2 /var/www/html/wp-includes/general-template.php(157): locate_template(Array, true, false)
#3 /var/www/html/wp-content/themes/storefront-child/single.php(19): get_template_part('content', 'post')
#4 /var/www/html/wp-includes/template-loader.php(77): include('/var/www/html/w...')
#5 /var/www/html/wp-blog-header.php(19): require_once('/var/www/html/w...')
#6 /var/www/html/index.php(17): require('/var/www/html/w...')
#7 {main}
  thrown in /var/www/html/wp-content/themes/storefront-child/content.php on line 81

2019-04-18T17:45:47+00:00 CRITICAL Uncaught Error: Call to undefined function raymondvoyage_posted_by() in /var/www/html/wp-content/themes/storefront-child/content.php:81
Stack trace:
#0 /var/www/html/wp-includes/template.php(706): require()
#1 /var/www/html/wp-includes/template.php(653): load_template('/var/www/html/w...', false)
#2 /var/www/html/wp-includes/general-template.php(157): locate_template(Array, true, false)
#3 /var/www/html/wp-content/themes/storefront-child/single.php(19): get_template_part('content', 'post')
#4 /var/www/html/wp-includes/template-loader.php(77): include('/var/www/html/w...')
#5 /var/www/html/wp-blog-header.php(19): require_once('/var/www/html/w...')
#6 /var/www/html/index.php(17): require('/var/www/html/w...')
#7 {main}
  thrown in /var/www/html/wp-content/themes/storefront-child/content.php on line 81

2019-04-18T17:46:29+00:00 CRITICAL Uncaught Error: Call to undefined function raymondvoyage_posted_by() in /var/www/html/wp-content/themes/storefront-child/content.php:76
Stack trace:
#0 /var/www/html/wp-includes/template.php(706): require()
#1 /var/www/html/wp-includes/template.php(653): load_template('/var/www/html/w...', false)
#2 /var/www/html/wp-includes/general-template.php(157): locate_template(Array, true, false)
#3 /var/www/html/wp-content/themes/storefront-child/single.php(19): get_template_part('content', 'post')
#4 /var/www/html/wp-includes/template-loader.php(77): include('/var/www/html/w...')
#5 /var/www/html/wp-blog-header.php(19): require_once('/var/www/html/w...')
#6 /var/www/html/index.php(17): require('/var/www/html/w...')
#7 {main}
  thrown in /var/www/html/wp-content/themes/storefront-child/content.php on line 76

2019-04-18T17:46:48+00:00 CRITICAL Uncaught Error: Call to undefined function raymondvoyage_posted_by() in /var/www/html/wp-content/themes/storefront-child/content.php:64
Stack trace:
#0 /var/www/html/wp-includes/template.php(706): require()
#1 /var/www/html/wp-includes/template.php(653): load_template('/var/www/html/w...', false)
#2 /var/www/html/wp-includes/general-template.php(157): locate_template(Array, true, false)
#3 /var/www/html/wp-content/themes/storefront-child/single.php(19): get_template_part('content', 'post')
#4 /var/www/html/wp-includes/template-loader.php(77): include('/var/www/html/w...')
#5 /var/www/html/wp-blog-header.php(19): require_once('/var/www/html/w...')
#6 /var/www/html/index.php(17): require('/var/www/html/w...')
#7 {main}
  thrown in /var/www/html/wp-content/themes/storefront-child/content.php on line 64

2019-04-18T17:47:44+00:00 CRITICAL Uncaught Error: Call to undefined function raymondvoyage_posted_by() in /var/www/html/wp-content/themes/storefront-child/content.php:64
Stack trace:
#0 /var/www/html/wp-includes/template.php(706): require()
#1 /var/www/html/wp-includes/template.php(653): load_template('/var/www/html/w...', false)
#2 /var/www/html/wp-includes/general-template.php(157): locate_template(Array, true, false)
#3 /var/www/html/wp-content/themes/storefront-child/single.php(19): get_template_part('content', 'post')
#4 /var/www/html/wp-includes/template-loader.php(77): include('/var/www/html/w...')
#5 /var/www/html/wp-blog-header.php(19): require_once('/var/www/html/w...')
#6 /var/www/html/index.php(17): require('/var/www/html/w...')
#7 {main}
  thrown in /var/www/html/wp-content/themes/storefront-child/content.php on line 64

2019-04-18T18:16:48+00:00 CRITICAL Uncaught Error: Call to undefined function raymondvoyage_posted_by() in /var/www/html/wp-content/themes/storefront-child/content.php:64
Stack trace:
#0 /var/www/html/wp-includes/template.php(706): require()
#1 /var/www/html/wp-includes/template.php(653): load_template('/var/www/html/w...', false)
#2 /var/www/html/wp-includes/general-template.php(157): locate_template(Array, true, false)
#3 /var/www/html/wp-content/themes/storefront-child/single.php(19): get_template_part('content', 'post')
#4 /var/www/html/wp-includes/template-loader.php(77): include('/var/www/html/w...')
#5 /var/www/html/wp-blog-header.php(19): require_once('/var/www/html/w...')
#6 /var/www/html/index.php(17): require('/var/www/html/w...')
#7 {main}
  thrown in /var/www/html/wp-content/themes/storefront-child/content.php on line 64

2019-04-18T23:45:22+00:00 CRITICAL Uncaught Error: Call to undefined function raymondvoyage_posted_by() in /var/www/html/wp-content/themes/storefront-child/content.php:64
Stack trace:
#0 /var/www/html/wp-includes/template.php(706): require()
#1 /var/www/html/wp-includes/template.php(653): load_template('/var/www/html/w...', false)
#2 /var/www/html/wp-includes/general-template.php(157): locate_template(Array, true, false)
#3 /var/www/html/wp-content/themes/storefront-child/single.php(19): get_template_part('content', 'post')
#4 /var/www/html/wp-includes/template-loader.php(77): include('/var/www/html/w...')
#5 /var/www/html/wp-blog-header.php(19): require_once('/var/www/html/w...')
#6 /var/www/html/index.php(17): require('/var/www/html/w...')
#7 {main}
  thrown in /var/www/html/wp-content/themes/storefront-child/content.php on line 64

