2019-04-23T00:00:32+00:00 CRITICAL Uncaught Error: Call to undefined function raymondvoyage_posted_by() in /var/www/html/wp-content/themes/storefront-child/content.php:64
Stack trace:
#0 /var/www/html/wp-includes/template.php(706): require()
#1 /var/www/html/wp-includes/template.php(653): load_template('/var/www/html/w...', false)
#2 /var/www/html/wp-includes/general-template.php(157): locate_template(Array, true, false)
#3 /var/www/html/wp-content/themes/storefront-child/single.php(19): get_template_part('content', 'post')
#4 /var/www/html/wp-includes/template-loader.php(77): include('/var/www/html/w...')
#5 /var/www/html/wp-blog-header.php(19): require_once('/var/www/html/w...')
#6 /var/www/html/index.php(17): require('/var/www/html/w...')
#7 {main}
  thrown in /var/www/html/wp-content/themes/storefront-child/content.php on line 64

2019-04-23T00:00:46+00:00 CRITICAL Uncaught Error: Call to undefined function raymondvoyage_posted_by() in /var/www/html/wp-content/themes/storefront-child/content.php:64
Stack trace:
#0 /var/www/html/wp-includes/template.php(706): require()
#1 /var/www/html/wp-includes/template.php(653): load_template('/var/www/html/w...', false)
#2 /var/www/html/wp-includes/general-template.php(157): locate_template(Array, true, false)
#3 /var/www/html/wp-content/themes/storefront-child/single.php(19): get_template_part('content', 'post')
#4 /var/www/html/wp-includes/template-loader.php(77): include('/var/www/html/w...')
#5 /var/www/html/wp-blog-header.php(19): require_once('/var/www/html/w...')
#6 /var/www/html/index.php(17): require('/var/www/html/w...')
#7 {main}
  thrown in /var/www/html/wp-content/themes/storefront-child/content.php on line 64

2019-04-23T00:00:52+00:00 CRITICAL Uncaught Error: Call to undefined function raymondvoyage_posted_by() in /var/www/html/wp-content/themes/storefront-child/content.php:64
Stack trace:
#0 /var/www/html/wp-includes/template.php(706): require()
#1 /var/www/html/wp-includes/template.php(653): load_template('/var/www/html/w...', false)
#2 /var/www/html/wp-includes/general-template.php(157): locate_template(Array, true, false)
#3 /var/www/html/wp-content/themes/storefront-child/single.php(19): get_template_part('content', 'post')
#4 /var/www/html/wp-includes/template-loader.php(77): include('/var/www/html/w...')
#5 /var/www/html/wp-blog-header.php(19): require_once('/var/www/html/w...')
#6 /var/www/html/index.php(17): require('/var/www/html/w...')
#7 {main}
  thrown in /var/www/html/wp-content/themes/storefront-child/content.php on line 64

2019-04-23T00:00:54+00:00 CRITICAL Uncaught Error: Call to undefined function raymondvoyage_posted_by() in /var/www/html/wp-content/themes/storefront-child/content.php:64
Stack trace:
#0 /var/www/html/wp-includes/template.php(706): require()
#1 /var/www/html/wp-includes/template.php(653): load_template('/var/www/html/w...', false)
#2 /var/www/html/wp-includes/general-template.php(157): locate_template(Array, true, false)
#3 /var/www/html/wp-content/themes/storefront-child/single.php(19): get_template_part('content', 'post')
#4 /var/www/html/wp-includes/template-loader.php(77): include('/var/www/html/w...')
#5 /var/www/html/wp-blog-header.php(19): require_once('/var/www/html/w...')
#6 /var/www/html/index.php(17): require('/var/www/html/w...')
#7 {main}
  thrown in /var/www/html/wp-content/themes/storefront-child/content.php on line 64

2019-04-23T00:00:55+00:00 CRITICAL Uncaught Error: Call to undefined function raymondvoyage_posted_by() in /var/www/html/wp-content/themes/storefront-child/content.php:64
Stack trace:
#0 /var/www/html/wp-includes/template.php(706): require()
#1 /var/www/html/wp-includes/template.php(653): load_template('/var/www/html/w...', false)
#2 /var/www/html/wp-includes/general-template.php(157): locate_template(Array, true, false)
#3 /var/www/html/wp-content/themes/storefront-child/single.php(19): get_template_part('content', 'post')
#4 /var/www/html/wp-includes/template-loader.php(77): include('/var/www/html/w...')
#5 /var/www/html/wp-blog-header.php(19): require_once('/var/www/html/w...')
#6 /var/www/html/index.php(17): require('/var/www/html/w...')
#7 {main}
  thrown in /var/www/html/wp-content/themes/storefront-child/content.php on line 64

2019-04-23T00:01:03+00:00 CRITICAL Uncaught Error: Call to undefined function raymondvoyage_posted_by() in /var/www/html/wp-content/themes/storefront-child/content.php:64
Stack trace:
#0 /var/www/html/wp-includes/template.php(706): require()
#1 /var/www/html/wp-includes/template.php(653): load_template('/var/www/html/w...', false)
#2 /var/www/html/wp-includes/general-template.php(157): locate_template(Array, true, false)
#3 /var/www/html/wp-content/themes/storefront-child/single.php(19): get_template_part('content', 'post')
#4 /var/www/html/wp-includes/template-loader.php(77): include('/var/www/html/w...')
#5 /var/www/html/wp-blog-header.php(19): require_once('/var/www/html/w...')
#6 /var/www/html/index.php(17): require('/var/www/html/w...')
#7 {main}
  thrown in /var/www/html/wp-content/themes/storefront-child/content.php on line 64

2019-04-23T00:01:57+00:00 CRITICAL Uncaught Error: Call to undefined function raymondvoyage_posted_by() in /var/www/html/wp-content/themes/storefront-child/content.php:64
Stack trace:
#0 /var/www/html/wp-includes/template.php(706): require()
#1 /var/www/html/wp-includes/template.php(653): load_template('/var/www/html/w...', false)
#2 /var/www/html/wp-includes/general-template.php(157): locate_template(Array, true, false)
#3 /var/www/html/wp-content/themes/storefront-child/single.php(19): get_template_part('content', 'post')
#4 /var/www/html/wp-includes/template-loader.php(77): include('/var/www/html/w...')
#5 /var/www/html/wp-blog-header.php(19): require_once('/var/www/html/w...')
#6 /var/www/html/index.php(17): require('/var/www/html/w...')
#7 {main}
  thrown in /var/www/html/wp-content/themes/storefront-child/content.php on line 64

2019-04-23T00:02:02+00:00 CRITICAL Uncaught Error: Call to undefined function raymondvoyage_posted_by() in /var/www/html/wp-content/themes/storefront-child/content.php:64
Stack trace:
#0 /var/www/html/wp-includes/template.php(706): require()
#1 /var/www/html/wp-includes/template.php(653): load_template('/var/www/html/w...', false)
#2 /var/www/html/wp-includes/general-template.php(157): locate_template(Array, true, false)
#3 /var/www/html/wp-content/themes/storefront-child/single.php(19): get_template_part('content', 'post')
#4 /var/www/html/wp-includes/template-loader.php(77): include('/var/www/html/w...')
#5 /var/www/html/wp-blog-header.php(19): require_once('/var/www/html/w...')
#6 /var/www/html/index.php(17): require('/var/www/html/w...')
#7 {main}
  thrown in /var/www/html/wp-content/themes/storefront-child/content.php on line 64

2019-04-23T00:02:07+00:00 CRITICAL Uncaught Error: Call to undefined function raymondvoyage_posted_by() in /var/www/html/wp-content/themes/storefront-child/content.php:64
Stack trace:
#0 /var/www/html/wp-includes/template.php(706): require()
#1 /var/www/html/wp-includes/template.php(653): load_template('/var/www/html/w...', false)
#2 /var/www/html/wp-includes/general-template.php(157): locate_template(Array, true, false)
#3 /var/www/html/wp-content/themes/storefront-child/single.php(19): get_template_part('content', 'post')
#4 /var/www/html/wp-includes/template-loader.php(77): include('/var/www/html/w...')
#5 /var/www/html/wp-blog-header.php(19): require_once('/var/www/html/w...')
#6 /var/www/html/index.php(17): require('/var/www/html/w...')
#7 {main}
  thrown in /var/www/html/wp-content/themes/storefront-child/content.php on line 64

2019-04-23T00:03:07+00:00 CRITICAL Uncaught Error: Call to undefined function raymondvoyage_posted_by() in /var/www/html/wp-content/themes/storefront-child/content.php:64
Stack trace:
#0 /var/www/html/wp-includes/template.php(706): require()
#1 /var/www/html/wp-includes/template.php(653): load_template('/var/www/html/w...', false)
#2 /var/www/html/wp-includes/general-template.php(157): locate_template(Array, true, false)
#3 /var/www/html/wp-content/themes/storefront-child/single.php(19): get_template_part('content', 'post')
#4 /var/www/html/wp-includes/template-loader.php(77): include('/var/www/html/w...')
#5 /var/www/html/wp-blog-header.php(19): require_once('/var/www/html/w...')
#6 /var/www/html/index.php(17): require('/var/www/html/w...')
#7 {main}
  thrown in /var/www/html/wp-content/themes/storefront-child/content.php on line 64

2019-04-23T00:03:15+00:00 CRITICAL Uncaught Error: Call to undefined function raymondvoyage_posted_by() in /var/www/html/wp-content/themes/storefront-child/content.php:64
Stack trace:
#0 /var/www/html/wp-includes/template.php(706): require()
#1 /var/www/html/wp-includes/template.php(653): load_template('/var/www/html/w...', false)
#2 /var/www/html/wp-includes/general-template.php(157): locate_template(Array, true, false)
#3 /var/www/html/wp-content/themes/storefront-child/single.php(19): get_template_part('content', 'post')
#4 /var/www/html/wp-includes/template-loader.php(77): include('/var/www/html/w...')
#5 /var/www/html/wp-blog-header.php(19): require_once('/var/www/html/w...')
#6 /var/www/html/index.php(17): require('/var/www/html/w...')
#7 {main}
  thrown in /var/www/html/wp-content/themes/storefront-child/content.php on line 64

2019-04-23T00:04:42+00:00 CRITICAL Uncaught Error: Call to undefined function raymondvoyage_posted_by() in /var/www/html/wp-content/themes/storefront-child/content.php:64
Stack trace:
#0 /var/www/html/wp-includes/template.php(706): require()
#1 /var/www/html/wp-includes/template.php(653): load_template('/var/www/html/w...', false)
#2 /var/www/html/wp-includes/general-template.php(157): locate_template(Array, true, false)
#3 /var/www/html/wp-content/themes/storefront-child/single.php(19): get_template_part('content', 'post')
#4 /var/www/html/wp-includes/template-loader.php(77): include('/var/www/html/w...')
#5 /var/www/html/wp-blog-header.php(19): require_once('/var/www/html/w...')
#6 /var/www/html/index.php(17): require('/var/www/html/w...')
#7 {main}
  thrown in /var/www/html/wp-content/themes/storefront-child/content.php on line 64

2019-04-23T00:04:44+00:00 CRITICAL Uncaught Error: Call to undefined function raymondvoyage_posted_by() in /var/www/html/wp-content/themes/storefront-child/content.php:64
Stack trace:
#0 /var/www/html/wp-includes/template.php(706): require()
#1 /var/www/html/wp-includes/template.php(653): load_template('/var/www/html/w...', false)
#2 /var/www/html/wp-includes/general-template.php(157): locate_template(Array, true, false)
#3 /var/www/html/wp-content/themes/storefront-child/single.php(19): get_template_part('content', 'post')
#4 /var/www/html/wp-includes/template-loader.php(77): include('/var/www/html/w...')
#5 /var/www/html/wp-blog-header.php(19): require_once('/var/www/html/w...')
#6 /var/www/html/index.php(17): require('/var/www/html/w...')
#7 {main}
  thrown in /var/www/html/wp-content/themes/storefront-child/content.php on line 64

2019-04-23T00:04:46+00:00 CRITICAL Uncaught Error: Call to undefined function raymondvoyage_posted_by() in /var/www/html/wp-content/themes/storefront-child/content.php:64
Stack trace:
#0 /var/www/html/wp-includes/template.php(706): require()
#1 /var/www/html/wp-includes/template.php(653): load_template('/var/www/html/w...', false)
#2 /var/www/html/wp-includes/general-template.php(157): locate_template(Array, true, false)
#3 /var/www/html/wp-content/themes/storefront-child/single.php(19): get_template_part('content', 'post')
#4 /var/www/html/wp-includes/template-loader.php(77): include('/var/www/html/w...')
#5 /var/www/html/wp-blog-header.php(19): require_once('/var/www/html/w...')
#6 /var/www/html/index.php(17): require('/var/www/html/w...')
#7 {main}
  thrown in /var/www/html/wp-content/themes/storefront-child/content.php on line 64

2019-04-23T00:04:47+00:00 CRITICAL Uncaught Error: Call to undefined function raymondvoyage_posted_by() in /var/www/html/wp-content/themes/storefront-child/content.php:64
Stack trace:
#0 /var/www/html/wp-includes/template.php(706): require()
#1 /var/www/html/wp-includes/template.php(653): load_template('/var/www/html/w...', false)
#2 /var/www/html/wp-includes/general-template.php(157): locate_template(Array, true, false)
#3 /var/www/html/wp-content/themes/storefront-child/single.php(19): get_template_part('content', 'post')
#4 /var/www/html/wp-includes/template-loader.php(77): include('/var/www/html/w...')
#5 /var/www/html/wp-blog-header.php(19): require_once('/var/www/html/w...')
#6 /var/www/html/index.php(17): require('/var/www/html/w...')
#7 {main}
  thrown in /var/www/html/wp-content/themes/storefront-child/content.php on line 64

2019-04-23T00:04:47+00:00 CRITICAL Uncaught Error: Call to undefined function raymondvoyage_posted_by() in /var/www/html/wp-content/themes/storefront-child/content.php:64
Stack trace:
#0 /var/www/html/wp-includes/template.php(706): require()
#1 /var/www/html/wp-includes/template.php(653): load_template('/var/www/html/w...', false)
#2 /var/www/html/wp-includes/general-template.php(157): locate_template(Array, true, false)
#3 /var/www/html/wp-content/themes/storefront-child/single.php(19): get_template_part('content', 'post')
#4 /var/www/html/wp-includes/template-loader.php(77): include('/var/www/html/w...')
#5 /var/www/html/wp-blog-header.php(19): require_once('/var/www/html/w...')
#6 /var/www/html/index.php(17): require('/var/www/html/w...')
#7 {main}
  thrown in /var/www/html/wp-content/themes/storefront-child/content.php on line 64

2019-04-23T00:04:47+00:00 CRITICAL Uncaught Error: Call to undefined function raymondvoyage_posted_by() in /var/www/html/wp-content/themes/storefront-child/content.php:64
Stack trace:
#0 /var/www/html/wp-includes/template.php(706): require()
#1 /var/www/html/wp-includes/template.php(653): load_template('/var/www/html/w...', false)
#2 /var/www/html/wp-includes/general-template.php(157): locate_template(Array, true, false)
#3 /var/www/html/wp-content/themes/storefront-child/single.php(19): get_template_part('content', 'post')
#4 /var/www/html/wp-includes/template-loader.php(77): include('/var/www/html/w...')
#5 /var/www/html/wp-blog-header.php(19): require_once('/var/www/html/w...')
#6 /var/www/html/index.php(17): require('/var/www/html/w...')
#7 {main}
  thrown in /var/www/html/wp-content/themes/storefront-child/content.php on line 64

2019-04-23T00:04:47+00:00 CRITICAL Uncaught Error: Call to undefined function raymondvoyage_posted_by() in /var/www/html/wp-content/themes/storefront-child/content.php:64
Stack trace:
#0 /var/www/html/wp-includes/template.php(706): require()
#1 /var/www/html/wp-includes/template.php(653): load_template('/var/www/html/w...', false)
#2 /var/www/html/wp-includes/general-template.php(157): locate_template(Array, true, false)
#3 /var/www/html/wp-content/themes/storefront-child/single.php(19): get_template_part('content', 'post')
#4 /var/www/html/wp-includes/template-loader.php(77): include('/var/www/html/w...')
#5 /var/www/html/wp-blog-header.php(19): require_once('/var/www/html/w...')
#6 /var/www/html/index.php(17): require('/var/www/html/w...')
#7 {main}
  thrown in /var/www/html/wp-content/themes/storefront-child/content.php on line 64

2019-04-23T00:05:01+00:00 CRITICAL Uncaught Error: Call to undefined function raymondvoyage_posted_by() in /var/www/html/wp-content/themes/storefront-child/content.php:64
Stack trace:
#0 /var/www/html/wp-includes/template.php(706): require()
#1 /var/www/html/wp-includes/template.php(653): load_template('/var/www/html/w...', false)
#2 /var/www/html/wp-includes/general-template.php(157): locate_template(Array, true, false)
#3 /var/www/html/wp-content/themes/storefront-child/single.php(19): get_template_part('content', 'post')
#4 /var/www/html/wp-includes/template-loader.php(77): include('/var/www/html/w...')
#5 /var/www/html/wp-blog-header.php(19): require_once('/var/www/html/w...')
#6 /var/www/html/index.php(17): require('/var/www/html/w...')
#7 {main}
  thrown in /var/www/html/wp-content/themes/storefront-child/content.php on line 64

2019-04-23T00:05:04+00:00 CRITICAL Uncaught Error: Call to undefined function raymondvoyage_posted_by() in /var/www/html/wp-content/themes/storefront-child/content.php:64
Stack trace:
#0 /var/www/html/wp-includes/template.php(706): require()
#1 /var/www/html/wp-includes/template.php(653): load_template('/var/www/html/w...', false)
#2 /var/www/html/wp-includes/general-template.php(157): locate_template(Array, true, false)
#3 /var/www/html/wp-content/themes/storefront-child/single.php(19): get_template_part('content', 'post')
#4 /var/www/html/wp-includes/template-loader.php(77): include('/var/www/html/w...')
#5 /var/www/html/wp-blog-header.php(19): require_once('/var/www/html/w...')
#6 /var/www/html/index.php(17): require('/var/www/html/w...')
#7 {main}
  thrown in /var/www/html/wp-content/themes/storefront-child/content.php on line 64

2019-04-23T00:09:11+00:00 CRITICAL Uncaught Error: Call to undefined function raymondvoyage_posted_by() in /var/www/html/wp-content/themes/storefront-child/content.php:64
Stack trace:
#0 /var/www/html/wp-includes/template.php(706): require()
#1 /var/www/html/wp-includes/template.php(653): load_template('/var/www/html/w...', false)
#2 /var/www/html/wp-includes/general-template.php(157): locate_template(Array, true, false)
#3 /var/www/html/wp-content/themes/storefront-child/single.php(19): get_template_part('content', 'post')
#4 /var/www/html/wp-includes/template-loader.php(77): include('/var/www/html/w...')
#5 /var/www/html/wp-blog-header.php(19): require_once('/var/www/html/w...')
#6 /var/www/html/index.php(17): require('/var/www/html/w...')
#7 {main}
  thrown in /var/www/html/wp-content/themes/storefront-child/content.php on line 64

2019-04-23T00:09:12+00:00 CRITICAL Uncaught Error: Call to undefined function raymondvoyage_posted_by() in /var/www/html/wp-content/themes/storefront-child/content.php:64
Stack trace:
#0 /var/www/html/wp-includes/template.php(706): require()
#1 /var/www/html/wp-includes/template.php(653): load_template('/var/www/html/w...', false)
#2 /var/www/html/wp-includes/general-template.php(157): locate_template(Array, true, false)
#3 /var/www/html/wp-content/themes/storefront-child/single.php(19): get_template_part('content', 'post')
#4 /var/www/html/wp-includes/template-loader.php(77): include('/var/www/html/w...')
#5 /var/www/html/wp-blog-header.php(19): require_once('/var/www/html/w...')
#6 /var/www/html/index.php(17): require('/var/www/html/w...')
#7 {main}
  thrown in /var/www/html/wp-content/themes/storefront-child/content.php on line 64

2019-04-23T00:09:16+00:00 CRITICAL Uncaught Error: Call to undefined function raymondvoyage_posted_by() in /var/www/html/wp-content/themes/storefront-child/content.php:64
Stack trace:
#0 /var/www/html/wp-includes/template.php(706): require()
#1 /var/www/html/wp-includes/template.php(653): load_template('/var/www/html/w...', false)
#2 /var/www/html/wp-includes/general-template.php(157): locate_template(Array, true, false)
#3 /var/www/html/wp-content/themes/storefront-child/single.php(19): get_template_part('content', 'post')
#4 /var/www/html/wp-includes/template-loader.php(77): include('/var/www/html/w...')
#5 /var/www/html/wp-blog-header.php(19): require_once('/var/www/html/w...')
#6 /var/www/html/index.php(17): require('/var/www/html/w...')
#7 {main}
  thrown in /var/www/html/wp-content/themes/storefront-child/content.php on line 64

2019-04-23T00:09:24+00:00 CRITICAL Uncaught Error: Call to undefined function raymondvoyage_posted_by() in /var/www/html/wp-content/themes/storefront-child/content.php:64
Stack trace:
#0 /var/www/html/wp-includes/template.php(706): require()
#1 /var/www/html/wp-includes/template.php(653): load_template('/var/www/html/w...', false)
#2 /var/www/html/wp-includes/general-template.php(157): locate_template(Array, true, false)
#3 /var/www/html/wp-content/themes/storefront-child/single.php(19): get_template_part('content', 'post')
#4 /var/www/html/wp-includes/template-loader.php(77): include('/var/www/html/w...')
#5 /var/www/html/wp-blog-header.php(19): require_once('/var/www/html/w...')
#6 /var/www/html/index.php(17): require('/var/www/html/w...')
#7 {main}
  thrown in /var/www/html/wp-content/themes/storefront-child/content.php on line 64

2019-04-23T00:10:24+00:00 CRITICAL Uncaught Error: Call to undefined function raymondvoyage_posted_by() in /var/www/html/wp-content/themes/storefront-child/content.php:64
Stack trace:
#0 /var/www/html/wp-includes/template.php(706): require()
#1 /var/www/html/wp-includes/template.php(653): load_template('/var/www/html/w...', false)
#2 /var/www/html/wp-includes/general-template.php(157): locate_template(Array, true, false)
#3 /var/www/html/wp-content/themes/storefront-child/single.php(19): get_template_part('content', 'post')
#4 /var/www/html/wp-includes/template-loader.php(77): include('/var/www/html/w...')
#5 /var/www/html/wp-blog-header.php(19): require_once('/var/www/html/w...')
#6 /var/www/html/index.php(17): require('/var/www/html/w...')
#7 {main}
  thrown in /var/www/html/wp-content/themes/storefront-child/content.php on line 64

2019-04-23T00:10:29+00:00 CRITICAL Uncaught Error: Call to undefined function raymondvoyage_posted_by() in /var/www/html/wp-content/themes/storefront-child/content.php:64
Stack trace:
#0 /var/www/html/wp-includes/template.php(706): require()
#1 /var/www/html/wp-includes/template.php(653): load_template('/var/www/html/w...', false)
#2 /var/www/html/wp-includes/general-template.php(157): locate_template(Array, true, false)
#3 /var/www/html/wp-content/themes/storefront-child/single.php(19): get_template_part('content', 'post')
#4 /var/www/html/wp-includes/template-loader.php(77): include('/var/www/html/w...')
#5 /var/www/html/wp-blog-header.php(19): require_once('/var/www/html/w...')
#6 /var/www/html/index.php(17): require('/var/www/html/w...')
#7 {main}
  thrown in /var/www/html/wp-content/themes/storefront-child/content.php on line 64

2019-04-23T00:12:07+00:00 CRITICAL Uncaught Error: Call to undefined function raymondvoyage_posted_by() in /var/www/html/wp-content/themes/storefront-child/content.php:64
Stack trace:
#0 /var/www/html/wp-includes/template.php(706): require()
#1 /var/www/html/wp-includes/template.php(653): load_template('/var/www/html/w...', false)
#2 /var/www/html/wp-includes/general-template.php(157): locate_template(Array, true, false)
#3 /var/www/html/wp-content/themes/storefront-child/single.php(19): get_template_part('content', 'post')
#4 /var/www/html/wp-includes/template-loader.php(77): include('/var/www/html/w...')
#5 /var/www/html/wp-blog-header.php(19): require_once('/var/www/html/w...')
#6 /var/www/html/index.php(17): require('/var/www/html/w...')
#7 {main}
  thrown in /var/www/html/wp-content/themes/storefront-child/content.php on line 64

2019-04-23T00:12:16+00:00 CRITICAL Uncaught Error: Call to undefined function raymondvoyage_posted_by() in /var/www/html/wp-content/themes/storefront-child/content.php:64
Stack trace:
#0 /var/www/html/wp-includes/template.php(706): require()
#1 /var/www/html/wp-includes/template.php(653): load_template('/var/www/html/w...', false)
#2 /var/www/html/wp-includes/general-template.php(157): locate_template(Array, true, false)
#3 /var/www/html/wp-content/themes/storefront-child/single.php(19): get_template_part('content', 'post')
#4 /var/www/html/wp-includes/template-loader.php(77): include('/var/www/html/w...')
#5 /var/www/html/wp-blog-header.php(19): require_once('/var/www/html/w...')
#6 /var/www/html/index.php(17): require('/var/www/html/w...')
#7 {main}
  thrown in /var/www/html/wp-content/themes/storefront-child/content.php on line 64

2019-04-23T00:12:27+00:00 CRITICAL Uncaught Error: Call to undefined function raymondvoyage_posted_by() in /var/www/html/wp-content/themes/storefront-child/content.php:64
Stack trace:
#0 /var/www/html/wp-includes/template.php(706): require()
#1 /var/www/html/wp-includes/template.php(653): load_template('/var/www/html/w...', false)
#2 /var/www/html/wp-includes/general-template.php(157): locate_template(Array, true, false)
#3 /var/www/html/wp-content/themes/storefront-child/single.php(19): get_template_part('content', 'post')
#4 /var/www/html/wp-includes/template-loader.php(77): include('/var/www/html/w...')
#5 /var/www/html/wp-blog-header.php(19): require_once('/var/www/html/w...')
#6 /var/www/html/index.php(17): require('/var/www/html/w...')
#7 {main}
  thrown in /var/www/html/wp-content/themes/storefront-child/content.php on line 64

2019-04-23T00:12:30+00:00 CRITICAL Uncaught Error: Call to undefined function raymondvoyage_posted_by() in /var/www/html/wp-content/themes/storefront-child/content.php:64
Stack trace:
#0 /var/www/html/wp-includes/template.php(706): require()
#1 /var/www/html/wp-includes/template.php(653): load_template('/var/www/html/w...', false)
#2 /var/www/html/wp-includes/general-template.php(157): locate_template(Array, true, false)
#3 /var/www/html/wp-content/themes/storefront-child/single.php(19): get_template_part('content', 'post')
#4 /var/www/html/wp-includes/template-loader.php(77): include('/var/www/html/w...')
#5 /var/www/html/wp-blog-header.php(19): require_once('/var/www/html/w...')
#6 /var/www/html/index.php(17): require('/var/www/html/w...')
#7 {main}
  thrown in /var/www/html/wp-content/themes/storefront-child/content.php on line 64

2019-04-23T00:16:13+00:00 CRITICAL syntax error, unexpected '<', expecting end of file in /var/www/html/wp-content/themes/storefront-child/single.php on line 11

2019-04-23T00:23:34+00:00 CRITICAL Uncaught Error: Call to undefined function raymondvoyage_posted_by() in /var/www/html/wp-content/themes/storefront-child/content.php:64
Stack trace:
#0 /var/www/html/wp-includes/template.php(706): require()
#1 /var/www/html/wp-includes/template.php(653): load_template('/var/www/html/w...', false)
#2 /var/www/html/wp-includes/general-template.php(157): locate_template(Array, true, false)
#3 /var/www/html/wp-content/themes/storefront-child/single.php(19): get_template_part('content', 'post')
#4 /var/www/html/wp-includes/template-loader.php(77): include('/var/www/html/w...')
#5 /var/www/html/wp-blog-header.php(19): require_once('/var/www/html/w...')
#6 /var/www/html/index.php(17): require('/var/www/html/w...')
#7 {main}
  thrown in /var/www/html/wp-content/themes/storefront-child/content.php on line 64

2019-04-23T00:23:47+00:00 CRITICAL Uncaught Error: Call to undefined function raymondvoyage_posted_by() in /var/www/html/wp-content/themes/storefront-child/content.php:64
Stack trace:
#0 /var/www/html/wp-includes/template.php(706): require()
#1 /var/www/html/wp-includes/template.php(653): load_template('/var/www/html/w...', false)
#2 /var/www/html/wp-includes/general-template.php(157): locate_template(Array, true, false)
#3 /var/www/html/wp-content/themes/storefront-child/single.php(19): get_template_part('content', 'post')
#4 /var/www/html/wp-includes/template-loader.php(77): include('/var/www/html/w...')
#5 /var/www/html/wp-blog-header.php(19): require_once('/var/www/html/w...')
#6 /var/www/html/index.php(17): require('/var/www/html/w...')
#7 {main}
  thrown in /var/www/html/wp-content/themes/storefront-child/content.php on line 64

2019-04-23T00:26:28+00:00 CRITICAL Uncaught Error: Call to undefined function raymondvoyage_posted_by() in /var/www/html/wp-content/themes/storefront-child/content.php:64
Stack trace:
#0 /var/www/html/wp-includes/template.php(706): require()
#1 /var/www/html/wp-includes/template.php(653): load_template('/var/www/html/w...', false)
#2 /var/www/html/wp-includes/general-template.php(157): locate_template(Array, true, false)
#3 /var/www/html/wp-content/themes/storefront-child/single.php(18): get_template_part('content', 'post')
#4 /var/www/html/wp-includes/template-loader.php(77): include('/var/www/html/w...')
#5 /var/www/html/wp-blog-header.php(19): require_once('/var/www/html/w...')
#6 /var/www/html/index.php(17): require('/var/www/html/w...')
#7 {main}
  thrown in /var/www/html/wp-content/themes/storefront-child/content.php on line 64

2019-04-23T00:26:33+00:00 CRITICAL syntax error, unexpected 'endwhile' (T_ENDWHILE), expecting end of file in /var/www/html/wp-content/themes/storefront-child/single.php on line 25

2019-04-23T00:27:13+00:00 CRITICAL Uncaught Error: Call to undefined function raymondvoyage_posted_by() in /var/www/html/wp-content/themes/storefront-child/content.php:64
Stack trace:
#0 /var/www/html/wp-includes/template.php(706): require()
#1 /var/www/html/wp-includes/template.php(653): load_template('/var/www/html/w...', false)
#2 /var/www/html/wp-includes/general-template.php(157): locate_template(Array, true, false)
#3 /var/www/html/wp-content/themes/storefront-child/single.php(18): get_template_part('content', 'post')
#4 /var/www/html/wp-includes/template-loader.php(77): include('/var/www/html/w...')
#5 /var/www/html/wp-blog-header.php(19): require_once('/var/www/html/w...')
#6 /var/www/html/index.php(17): require('/var/www/html/w...')
#7 {main}
  thrown in /var/www/html/wp-content/themes/storefront-child/content.php on line 64

2019-04-23T00:29:39+00:00 CRITICAL Uncaught Error: Call to undefined function raymondvoyage_posted_by() in /var/www/html/wp-content/themes/storefront-child/content.php:64
Stack trace:
#0 /var/www/html/wp-includes/template.php(706): require()
#1 /var/www/html/wp-includes/template.php(653): load_template('/var/www/html/w...', false)
#2 /var/www/html/wp-includes/general-template.php(157): locate_template(Array, true, false)
#3 /var/www/html/wp-content/themes/storefront-child/single.php(18): get_template_part('content', 'post')
#4 /var/www/html/wp-includes/template-loader.php(77): include('/var/www/html/w...')
#5 /var/www/html/wp-blog-header.php(19): require_once('/var/www/html/w...')
#6 /var/www/html/index.php(17): require('/var/www/html/w...')
#7 {main}
  thrown in /var/www/html/wp-content/themes/storefront-child/content.php on line 64

2019-04-23T00:30:14+00:00 CRITICAL Uncaught Error: Call to undefined function raymondvoyage_posted_by() in /var/www/html/wp-content/themes/storefront-child/content.php:61
Stack trace:
#0 /var/www/html/wp-includes/template.php(706): require()
#1 /var/www/html/wp-includes/template.php(653): load_template('/var/www/html/w...', false)
#2 /var/www/html/wp-includes/general-template.php(157): locate_template(Array, true, false)
#3 /var/www/html/wp-content/themes/storefront-child/single.php(18): get_template_part('content', 'post')
#4 /var/www/html/wp-includes/template-loader.php(77): include('/var/www/html/w...')
#5 /var/www/html/wp-blog-header.php(19): require_once('/var/www/html/w...')
#6 /var/www/html/index.php(17): require('/var/www/html/w...')
#7 {main}
  thrown in /var/www/html/wp-content/themes/storefront-child/content.php on line 61

2019-04-23T00:30:18+00:00 CRITICAL Uncaught Error: Call to undefined function raymondvoyage_posted_by() in /var/www/html/wp-content/themes/storefront-child/content.php:61
Stack trace:
#0 /var/www/html/wp-includes/template.php(706): require()
#1 /var/www/html/wp-includes/template.php(653): load_template('/var/www/html/w...', false)
#2 /var/www/html/wp-includes/general-template.php(157): locate_template(Array, true, false)
#3 /var/www/html/wp-content/themes/storefront-child/single.php(18): get_template_part('content', 'post')
#4 /var/www/html/wp-includes/template-loader.php(77): include('/var/www/html/w...')
#5 /var/www/html/wp-blog-header.php(19): require_once('/var/www/html/w...')
#6 /var/www/html/index.php(17): require('/var/www/html/w...')
#7 {main}
  thrown in /var/www/html/wp-content/themes/storefront-child/content.php on line 61

2019-04-23T00:31:50+00:00 CRITICAL syntax error, unexpected '<', expecting elseif (T_ELSEIF) or else (T_ELSE) or endif (T_ENDIF) in /var/www/html/wp-content/themes/storefront-child/content.php on line 23

2019-04-23T00:32:26+00:00 CRITICAL Uncaught Error: Call to undefined function raymondvoyage_posted_by() in /var/www/html/wp-content/themes/storefront-child/content.php:64
Stack trace:
#0 /var/www/html/wp-includes/template.php(706): require()
#1 /var/www/html/wp-includes/template.php(653): load_template('/var/www/html/w...', false)
#2 /var/www/html/wp-includes/general-template.php(157): locate_template(Array, true, false)
#3 /var/www/html/wp-content/themes/storefront-child/single.php(18): get_template_part('content', 'post')
#4 /var/www/html/wp-includes/template-loader.php(77): include('/var/www/html/w...')
#5 /var/www/html/wp-blog-header.php(19): require_once('/var/www/html/w...')
#6 /var/www/html/index.php(17): require('/var/www/html/w...')
#7 {main}
  thrown in /var/www/html/wp-content/themes/storefront-child/content.php on line 64

2019-04-23T00:37:50+00:00 CRITICAL Uncaught Error: Call to undefined function raymondvoyage_posted_by() in /var/www/html/wp-content/themes/storefront-child/content.php:65
Stack trace:
#0 /var/www/html/wp-includes/template.php(706): require()
#1 /var/www/html/wp-includes/template.php(653): load_template('/var/www/html/w...', false)
#2 /var/www/html/wp-includes/general-template.php(157): locate_template(Array, true, false)
#3 /var/www/html/wp-content/themes/storefront-child/single.php(18): get_template_part('content', 'post')
#4 /var/www/html/wp-includes/template-loader.php(77): include('/var/www/html/w...')
#5 /var/www/html/wp-blog-header.php(19): require_once('/var/www/html/w...')
#6 /var/www/html/index.php(17): require('/var/www/html/w...')
#7 {main}
  thrown in /var/www/html/wp-content/themes/storefront-child/content.php on line 65

2019-04-23T00:38:00+00:00 CRITICAL Uncaught Error: Call to undefined function raymondvoyage_posted_by() in /var/www/html/wp-content/themes/storefront-child/content.php:65
Stack trace:
#0 /var/www/html/wp-includes/template.php(706): require()
#1 /var/www/html/wp-includes/template.php(653): load_template('/var/www/html/w...', false)
#2 /var/www/html/wp-includes/general-template.php(157): locate_template(Array, true, false)
#3 /var/www/html/wp-content/themes/storefront-child/single.php(18): get_template_part('content', 'post')
#4 /var/www/html/wp-includes/template-loader.php(77): include('/var/www/html/w...')
#5 /var/www/html/wp-blog-header.php(19): require_once('/var/www/html/w...')
#6 /var/www/html/index.php(17): require('/var/www/html/w...')
#7 {main}
  thrown in /var/www/html/wp-content/themes/storefront-child/content.php on line 65

2019-04-23T00:39:27+00:00 CRITICAL Uncaught Error: Call to undefined function raymondvoyage_posted_by() in /var/www/html/wp-content/themes/storefront-child/content.php:65
Stack trace:
#0 /var/www/html/wp-includes/template.php(706): require()
#1 /var/www/html/wp-includes/template.php(653): load_template('/var/www/html/w...', false)
#2 /var/www/html/wp-includes/general-template.php(157): locate_template(Array, true, false)
#3 /var/www/html/wp-content/themes/storefront-child/single.php(18): get_template_part('content', 'post')
#4 /var/www/html/wp-includes/template-loader.php(77): include('/var/www/html/w...')
#5 /var/www/html/wp-blog-header.php(19): require_once('/var/www/html/w...')
#6 /var/www/html/index.php(17): require('/var/www/html/w...')
#7 {main}
  thrown in /var/www/html/wp-content/themes/storefront-child/content.php on line 65

2019-04-23T00:44:51+00:00 CRITICAL Uncaught Error: Call to undefined function raymondvoyage_posted_by() in /var/www/html/wp-content/themes/storefront-child/content.php:65
Stack trace:
#0 /var/www/html/wp-includes/template.php(706): require()
#1 /var/www/html/wp-includes/template.php(653): load_template('/var/www/html/w...', false)
#2 /var/www/html/wp-includes/general-template.php(157): locate_template(Array, true, false)
#3 /var/www/html/wp-content/themes/storefront-child/single.php(16): get_template_part('content', 'post')
#4 /var/www/html/wp-includes/template-loader.php(77): include('/var/www/html/w...')
#5 /var/www/html/wp-blog-header.php(19): require_once('/var/www/html/w...')
#6 /var/www/html/index.php(17): require('/var/www/html/w...')
#7 {main}
  thrown in /var/www/html/wp-content/themes/storefront-child/content.php on line 65

2019-04-23T00:44:59+00:00 CRITICAL Uncaught Error: Call to undefined function raymondvoyage_posted_by() in /var/www/html/wp-content/themes/storefront-child/content.php:65
Stack trace:
#0 /var/www/html/wp-includes/template.php(706): require()
#1 /var/www/html/wp-includes/template.php(653): load_template('/var/www/html/w...', false)
#2 /var/www/html/wp-includes/general-template.php(157): locate_template(Array, true, false)
#3 /var/www/html/wp-content/themes/storefront-child/single.php(16): get_template_part('content', 'post')
#4 /var/www/html/wp-includes/template-loader.php(77): include('/var/www/html/w...')
#5 /var/www/html/wp-blog-header.php(19): require_once('/var/www/html/w...')
#6 /var/www/html/index.php(17): require('/var/www/html/w...')
#7 {main}
  thrown in /var/www/html/wp-content/themes/storefront-child/content.php on line 65

2019-04-23T00:45:01+00:00 CRITICAL Uncaught Error: Call to undefined function raymondvoyage_posted_by() in /var/www/html/wp-content/themes/storefront-child/content.php:65
Stack trace:
#0 /var/www/html/wp-includes/template.php(706): require()
#1 /var/www/html/wp-includes/template.php(653): load_template('/var/www/html/w...', false)
#2 /var/www/html/wp-includes/general-template.php(157): locate_template(Array, true, false)
#3 /var/www/html/wp-content/themes/storefront-child/single.php(16): get_template_part('content', 'post')
#4 /var/www/html/wp-includes/template-loader.php(77): include('/var/www/html/w...')
#5 /var/www/html/wp-blog-header.php(19): require_once('/var/www/html/w...')
#6 /var/www/html/index.php(17): require('/var/www/html/w...')
#7 {main}
  thrown in /var/www/html/wp-content/themes/storefront-child/content.php on line 65

2019-04-23T00:45:24+00:00 CRITICAL Uncaught Error: Call to undefined function raymondvoyage_posted_by() in /var/www/html/wp-content/themes/storefront-child/content.php:62
Stack trace:
#0 /var/www/html/wp-includes/template.php(706): require()
#1 /var/www/html/wp-includes/template.php(653): load_template('/var/www/html/w...', false)
#2 /var/www/html/wp-includes/general-template.php(157): locate_template(Array, true, false)
#3 /var/www/html/wp-content/themes/storefront-child/single.php(16): get_template_part('content', 'post')
#4 /var/www/html/wp-includes/template-loader.php(77): include('/var/www/html/w...')
#5 /var/www/html/wp-blog-header.php(19): require_once('/var/www/html/w...')
#6 /var/www/html/index.php(17): require('/var/www/html/w...')
#7 {main}
  thrown in /var/www/html/wp-content/themes/storefront-child/content.php on line 62

2019-04-23T00:45:51+00:00 CRITICAL Uncaught Error: Call to undefined function raymondvoyage_posted_by() in /var/www/html/wp-content/themes/storefront-child/content.php:47
Stack trace:
#0 /var/www/html/wp-includes/template.php(706): require()
#1 /var/www/html/wp-includes/template.php(653): load_template('/var/www/html/w...', false)
#2 /var/www/html/wp-includes/general-template.php(157): locate_template(Array, true, false)
#3 /var/www/html/wp-content/themes/storefront-child/single.php(16): get_template_part('content', 'post')
#4 /var/www/html/wp-includes/template-loader.php(77): include('/var/www/html/w...')
#5 /var/www/html/wp-blog-header.php(19): require_once('/var/www/html/w...')
#6 /var/www/html/index.php(17): require('/var/www/html/w...')
#7 {main}
  thrown in /var/www/html/wp-content/themes/storefront-child/content.php on line 47

2019-04-23T00:45:54+00:00 CRITICAL Uncaught Error: Call to undefined function raymondvoyage_posted_by() in /var/www/html/wp-content/themes/storefront-child/content.php:47
Stack trace:
#0 /var/www/html/wp-includes/template.php(706): require()
#1 /var/www/html/wp-includes/template.php(653): load_template('/var/www/html/w...', false)
#2 /var/www/html/wp-includes/general-template.php(157): locate_template(Array, true, false)
#3 /var/www/html/wp-content/themes/storefront-child/single.php(16): get_template_part('content', 'post')
#4 /var/www/html/wp-includes/template-loader.php(77): include('/var/www/html/w...')
#5 /var/www/html/wp-blog-header.php(19): require_once('/var/www/html/w...')
#6 /var/www/html/index.php(17): require('/var/www/html/w...')
#7 {main}
  thrown in /var/www/html/wp-content/themes/storefront-child/content.php on line 47

2019-04-23T00:45:56+00:00 CRITICAL Uncaught Error: Call to undefined function raymondvoyage_posted_by() in /var/www/html/wp-content/themes/storefront-child/content.php:47
Stack trace:
#0 /var/www/html/wp-includes/template.php(706): require()
#1 /var/www/html/wp-includes/template.php(653): load_template('/var/www/html/w...', false)
#2 /var/www/html/wp-includes/general-template.php(157): locate_template(Array, true, false)
#3 /var/www/html/wp-content/themes/storefront-child/single.php(16): get_template_part('content', 'post')
#4 /var/www/html/wp-includes/template-loader.php(77): include('/var/www/html/w...')
#5 /var/www/html/wp-blog-header.php(19): require_once('/var/www/html/w...')
#6 /var/www/html/index.php(17): require('/var/www/html/w...')
#7 {main}
  thrown in /var/www/html/wp-content/themes/storefront-child/content.php on line 47

2019-04-23T01:10:42+00:00 CRITICAL syntax error, unexpected '=' in /var/www/html/wp-content/themes/storefront-child/woocommerce/checkout/thankyou.php on line 49

2019-04-23T01:10:42+00:00 CRITICAL syntax error, unexpected '=' in /var/www/html/wp-content/themes/storefront-child/woocommerce/checkout/thankyou.php on line 49

2019-04-23T01:10:57+00:00 CRITICAL syntax error, unexpected '=' in /var/www/html/wp-content/themes/storefront-child/woocommerce/checkout/thankyou.php on line 49

2019-04-23T01:13:45+00:00 CRITICAL Uncaught Error: Call to a member function get_name() on null in /var/www/html/wp-content/plugins/woocommerce/templates/order/order-details-item.php:33
Stack trace:
#0 /var/www/html/wp-content/plugins/woocommerce/includes/wc-core-functions.php(249): include()
#1 /var/www/html/wp-content/themes/storefront-child/woocommerce/order/order-details.php(53): wc_get_template('order/order-det...', Array)
#2 /var/www/html/wp-content/plugins/woocommerce/includes/wc-core-functions.php(249): include('/var/www/html/w...')
#3 /var/www/html/wp-content/plugins/woocommerce/includes/wc-template-functions.php(2502): wc_get_template('order/order-det...', Array)
#4 /var/www/html/wp-includes/class-wp-hook.php(286): woocommerce_order_details_table(1056)
#5 /var/www/html/wp-includes/class-wp-hook.php(310): WP_Hook->apply_filters('', Array)
#6 /var/www/html/wp-includes/plugin.php(465): WP_Hook->do_action(Array)
#7 /var/www/html/wp-content/themes/storefront-child/woocommerce/checkout/thankyou.php(47): do_action('woocommerce_tha...', 1056 in /var/www/html/wp-content/plugins/woocommerce/templates/order/order-details-item.php on line 33

2019-04-23T01:13:51+00:00 CRITICAL Uncaught Error: Call to a member function get_name() on null in /var/www/html/wp-content/plugins/woocommerce/templates/order/order-details-item.php:33
Stack trace:
#0 /var/www/html/wp-content/plugins/woocommerce/includes/wc-core-functions.php(249): include()
#1 /var/www/html/wp-content/themes/storefront-child/woocommerce/order/order-details.php(53): wc_get_template('order/order-det...', Array)
#2 /var/www/html/wp-content/plugins/woocommerce/includes/wc-core-functions.php(249): include('/var/www/html/w...')
#3 /var/www/html/wp-content/plugins/woocommerce/includes/wc-template-functions.php(2502): wc_get_template('order/order-det...', Array)
#4 /var/www/html/wp-includes/class-wp-hook.php(286): woocommerce_order_details_table(1055)
#5 /var/www/html/wp-includes/class-wp-hook.php(310): WP_Hook->apply_filters('', Array)
#6 /var/www/html/wp-includes/plugin.php(465): WP_Hook->do_action(Array)
#7 /var/www/html/wp-content/themes/storefront-child/woocommerce/checkout/thankyou.php(47): do_action('woocommerce_tha...', 1055 in /var/www/html/wp-content/plugins/woocommerce/templates/order/order-details-item.php on line 33

2019-04-23T01:13:53+00:00 CRITICAL Uncaught Error: Call to a member function get_name() on null in /var/www/html/wp-content/plugins/woocommerce/templates/order/order-details-item.php:33
Stack trace:
#0 /var/www/html/wp-content/plugins/woocommerce/includes/wc-core-functions.php(249): include()
#1 /var/www/html/wp-content/themes/storefront-child/woocommerce/order/order-details.php(55): wc_get_template('order/order-det...', Array)
#2 /var/www/html/wp-content/plugins/woocommerce/includes/wc-core-functions.php(249): include('/var/www/html/w...')
#3 /var/www/html/wp-content/plugins/woocommerce/includes/wc-template-functions.php(2502): wc_get_template('order/order-det...', Array)
#4 /var/www/html/wp-includes/class-wp-hook.php(286): woocommerce_order_details_table(1056)
#5 /var/www/html/wp-includes/class-wp-hook.php(310): WP_Hook->apply_filters('', Array)
#6 /var/www/html/wp-includes/plugin.php(465): WP_Hook->do_action(Array)
#7 /var/www/html/wp-content/themes/storefront-child/woocommerce/checkout/thankyou.php(47): do_action('woocommerce_tha...', 1056 in /var/www/html/wp-content/plugins/woocommerce/templates/order/order-details-item.php on line 33

2019-04-23T01:13:55+00:00 CRITICAL Uncaught Error: Call to a member function get_name() on null in /var/www/html/wp-content/plugins/woocommerce/templates/order/order-details-item.php:33
Stack trace:
#0 /var/www/html/wp-content/plugins/woocommerce/includes/wc-core-functions.php(249): include()
#1 /var/www/html/wp-content/themes/storefront-child/woocommerce/order/order-details.php(55): wc_get_template('order/order-det...', Array)
#2 /var/www/html/wp-content/plugins/woocommerce/includes/wc-core-functions.php(249): include('/var/www/html/w...')
#3 /var/www/html/wp-content/plugins/woocommerce/includes/wc-template-functions.php(2502): wc_get_template('order/order-det...', Array)
#4 /var/www/html/wp-includes/class-wp-hook.php(286): woocommerce_order_details_table(1056)
#5 /var/www/html/wp-includes/class-wp-hook.php(310): WP_Hook->apply_filters('', Array)
#6 /var/www/html/wp-includes/plugin.php(465): WP_Hook->do_action(Array)
#7 /var/www/html/wp-content/themes/storefront-child/woocommerce/checkout/thankyou.php(47): do_action('woocommerce_tha...', 1056 in /var/www/html/wp-content/plugins/woocommerce/templates/order/order-details-item.php on line 33

2019-04-23T01:14:01+00:00 CRITICAL Uncaught Error: Call to a member function get_name() on null in /var/www/html/wp-content/plugins/woocommerce/templates/order/order-details-item.php:33
Stack trace:
#0 /var/www/html/wp-content/plugins/woocommerce/includes/wc-core-functions.php(249): include()
#1 /var/www/html/wp-content/themes/storefront-child/woocommerce/order/order-details.php(55): wc_get_template('order/order-det...', Array)
#2 /var/www/html/wp-content/plugins/woocommerce/includes/wc-core-functions.php(249): include('/var/www/html/w...')
#3 /var/www/html/wp-content/plugins/woocommerce/includes/wc-template-functions.php(2502): wc_get_template('order/order-det...', Array)
#4 /var/www/html/wp-includes/class-wp-hook.php(286): woocommerce_order_details_table(1055)
#5 /var/www/html/wp-includes/class-wp-hook.php(310): WP_Hook->apply_filters('', Array)
#6 /var/www/html/wp-includes/plugin.php(465): WP_Hook->do_action(Array)
#7 /var/www/html/wp-content/themes/storefront-child/woocommerce/checkout/thankyou.php(47): do_action('woocommerce_tha...', 1055 in /var/www/html/wp-content/plugins/woocommerce/templates/order/order-details-item.php on line 33

