2019-04-16T15:14:20+00:00 CRITICAL Uncaught Error: Call to undefined function mb_detect_encoding() in /var/www/html/wp-content/plugins/loco-translate/lib/compiled/gettext.php:13
Stack trace:
#0 /var/www/html/wp-content/plugins/loco-translate/src/gettext/Data.php(58): LocoPoParser->__construct('# <!=Copyright ...')
#1 /var/www/html/wp-content/plugins/loco-translate/src/gettext/Data.php(34): Loco_gettext_Data::fromSource('# <!=Copyright ...')
#2 /var/www/html/wp-content/plugins/loco-translate/src/gettext/Metadata.php(70): Loco_gettext_Data::load(Object(Loco_fs_LocaleFile))
#3 /var/www/html/wp-content/plugins/loco-translate/src/admin/bundle/ViewController.php(209): Loco_gettext_Metadata::load(Object(Loco_fs_LocaleFile))
#4 /var/www/html/wp-content/plugins/loco-translate/src/admin/bundle/ViewController.php(196): Loco_admin_bundle_ViewController->createFileParams(Object(Loco_package_Project), Object(Loco_fs_LocaleFile), NULL)
#5 /var/www/html/wp-content/plugins/loco-translate/src/admin/bundle/ViewController.php(91): Loco_admin_bundle_ViewController in /var/www/html/wp-content/plugins/loco-translate/lib/compiled/gettext.php on line 13

2019-04-16T16:01:09+00:00 CRITICAL syntax error, unexpected end of file in /var/www/html/wp-content/themes/storefront-child/functions.php on line 104

2019-04-16T18:54:34+00:00 CRITICAL Uncaught Error: Call to undefined function r() in /var/www/html/wp-content/themes/storefront-child/functions.php:139
Stack trace:
#0 /var/www/html/wp-includes/class-wp-hook.php(286): remove_my_action('')
#1 /var/www/html/wp-includes/class-wp-hook.php(310): WP_Hook->apply_filters(NULL, Array)
#2 /var/www/html/wp-includes/plugin.php(465): WP_Hook->do_action(Array)
#3 /var/www/html/wp-includes/general-template.php(2668): do_action('wp_head')
#4 /var/www/html/wp-content/themes/storefront-child/header.php(18): wp_head()
#5 /var/www/html/wp-includes/template.php(704): require_once('/var/www/html/w...')
#6 /var/www/html/wp-includes/template.php(653): load_template('/var/www/html/w...', true)
#7 /var/www/html/wp-includes/general-template.php(41): locate_template(Array, true)
#8 /var/www/html/wp-content/themes/storefront-child/template-homepage.php(15): get_header()
#9 /var/www/html/wp-includes/template-loader.php(77): include('/var/www/html/w...')
#10 /var/www/html/wp-blog-header.php(19): require_once('/var/www/html/ in /var/www/html/wp-content/themes/storefront-child/functions.php on line 139

2019-04-16T18:54:43+00:00 CRITICAL Uncaught Error: Call to undefined function remove() in /var/www/html/wp-content/themes/storefront-child/functions.php:139
Stack trace:
#0 /var/www/html/wp-includes/class-wp-hook.php(286): remove_my_action('')
#1 /var/www/html/wp-includes/class-wp-hook.php(310): WP_Hook->apply_filters(NULL, Array)
#2 /var/www/html/wp-includes/plugin.php(465): WP_Hook->do_action(Array)
#3 /var/www/html/wp-includes/general-template.php(2668): do_action('wp_head')
#4 /var/www/html/wp-content/themes/storefront-child/header.php(18): wp_head()
#5 /var/www/html/wp-includes/template.php(704): require_once('/var/www/html/w...')
#6 /var/www/html/wp-includes/template.php(653): load_template('/var/www/html/w...', true)
#7 /var/www/html/wp-includes/general-template.php(41): locate_template(Array, true)
#8 /var/www/html/wp-content/themes/storefront-child/template-homepage.php(15): get_header()
#9 /var/www/html/wp-includes/template-loader.php(77): include('/var/www/html/w...')
#10 /var/www/html/wp-blog-header.php(19): require_once('/var/www/ in /var/www/html/wp-content/themes/storefront-child/functions.php on line 139

2019-04-16T19:00:19+00:00 CRITICAL syntax error, unexpected 'do_action' (T_STRING) in /var/www/html/wp-content/themes/storefront-child/content.php on line 20

2019-04-16T19:00:25+00:00 CRITICAL syntax error, unexpected 'do_action' (T_STRING) in /var/www/html/wp-content/themes/storefront-child/content.php on line 20

2019-04-16T19:11:46+00:00 CRITICAL Cannot redeclare post_custom() (previously declared in /var/www/html/wp-includes/post-template.php:1050) in /var/www/html/wp-content/themes/storefront-child/functions.php on line 154

2019-04-16T19:16:27+00:00 CRITICAL syntax error, unexpected ')' in /var/www/html/wp-content/themes/storefront-child/functions.php on line 153

