2019-04-22T03:11:43+00:00 CRITICAL Uncaught Error: Call to undefined function raymondvoyage_posted_by() in /var/www/html/wp-content/themes/storefront-child/content.php:64
Stack trace:
#0 /var/www/html/wp-includes/template.php(706): require()
#1 /var/www/html/wp-includes/template.php(653): load_template('/var/www/html/w...', false)
#2 /var/www/html/wp-includes/general-template.php(157): locate_template(Array, true, false)
#3 /var/www/html/wp-content/themes/storefront-child/single.php(19): get_template_part('content', 'post')
#4 /var/www/html/wp-includes/template-loader.php(77): include('/var/www/html/w...')
#5 /var/www/html/wp-blog-header.php(19): require_once('/var/www/html/w...')
#6 /var/www/html/index.php(17): require('/var/www/html/w...')
#7 {main}
  thrown in /var/www/html/wp-content/themes/storefront-child/content.php on line 64

2019-04-22T03:11:51+00:00 CRITICAL Uncaught Error: Call to undefined function raymondvoyage_posted_by() in /var/www/html/wp-content/themes/storefront-child/content.php:64
Stack trace:
#0 /var/www/html/wp-includes/template.php(706): require()
#1 /var/www/html/wp-includes/template.php(653): load_template('/var/www/html/w...', false)
#2 /var/www/html/wp-includes/general-template.php(157): locate_template(Array, true, false)
#3 /var/www/html/wp-content/themes/storefront-child/loop.php(21): get_template_part('content', '')
#4 /var/www/html/wp-includes/template.php(706): require('/var/www/html/w...')
#5 /var/www/html/wp-includes/template.php(653): load_template('/var/www/html/w...', false)
#6 /var/www/html/wp-includes/general-template.php(157): locate_template(Array, true, false)
#7 /var/www/html/wp-content/themes/storefront-child/archive.php(27): get_template_part('loop')
#8 /var/www/html/wp-includes/template-loader.php(77): include('/var/www/html/w...')
#9 /var/www/html/wp-blog-header.php(19): require_once('/var/www/html/w...')
#10 /var/www/html/i in /var/www/html/wp-content/themes/storefront-child/content.php on line 64

2019-04-22T03:53:06+00:00 CRITICAL Uncaught Error: Call to undefined function raymondvoyage_posted_by() in /var/www/html/wp-content/themes/storefront-child/content.php:64
Stack trace:
#0 /var/www/html/wp-includes/template.php(706): require()
#1 /var/www/html/wp-includes/template.php(653): load_template('/var/www/html/w...', false)
#2 /var/www/html/wp-includes/general-template.php(157): locate_template(Array, true, false)
#3 /var/www/html/wp-content/themes/storefront-child/single.php(19): get_template_part('content', 'attachment')
#4 /var/www/html/wp-includes/template-loader.php(77): include('/var/www/html/w...')
#5 /var/www/html/wp-blog-header.php(19): require_once('/var/www/html/w...')
#6 /var/www/html/index.php(17): require('/var/www/html/w...')
#7 {main}
  thrown in /var/www/html/wp-content/themes/storefront-child/content.php on line 64

2019-04-22T04:49:24+00:00 CRITICAL Uncaught Error: Call to undefined function raymondvoyage_posted_by() in /var/www/html/wp-content/themes/storefront-child/content.php:64
Stack trace:
#0 /var/www/html/wp-includes/template.php(706): require()
#1 /var/www/html/wp-includes/template.php(653): load_template('/var/www/html/w...', false)
#2 /var/www/html/wp-includes/general-template.php(157): locate_template(Array, true, false)
#3 /var/www/html/wp-content/themes/storefront-child/loop.php(21): get_template_part('content', '')
#4 /var/www/html/wp-includes/template.php(706): require('/var/www/html/w...')
#5 /var/www/html/wp-includes/template.php(653): load_template('/var/www/html/w...', false)
#6 /var/www/html/wp-includes/general-template.php(157): locate_template(Array, true, false)
#7 /var/www/html/wp-content/themes/storefront-child/archive.php(27): get_template_part('loop')
#8 /var/www/html/wp-includes/template-loader.php(77): include('/var/www/html/w...')
#9 /var/www/html/wp-blog-header.php(19): require_once('/var/www/html/w...')
#10 /var/www/html/i in /var/www/html/wp-content/themes/storefront-child/content.php on line 64

2019-04-22T04:49:37+00:00 CRITICAL Uncaught Error: Call to undefined function raymondvoyage_posted_by() in /var/www/html/wp-content/themes/storefront-child/content.php:64
Stack trace:
#0 /var/www/html/wp-includes/template.php(706): require()
#1 /var/www/html/wp-includes/template.php(653): load_template('/var/www/html/w...', false)
#2 /var/www/html/wp-includes/general-template.php(157): locate_template(Array, true, false)
#3 /var/www/html/wp-content/themes/storefront-child/loop.php(21): get_template_part('content', '')
#4 /var/www/html/wp-includes/template.php(706): require('/var/www/html/w...')
#5 /var/www/html/wp-includes/template.php(653): load_template('/var/www/html/w...', false)
#6 /var/www/html/wp-includes/general-template.php(157): locate_template(Array, true, false)
#7 /var/www/html/wp-content/themes/storefront-child/archive.php(27): get_template_part('loop')
#8 /var/www/html/wp-includes/template-loader.php(77): include('/var/www/html/w...')
#9 /var/www/html/wp-blog-header.php(19): require_once('/var/www/html/w...')
#10 /var/www/html/i in /var/www/html/wp-content/themes/storefront-child/content.php on line 64

2019-04-22T04:49:39+00:00 CRITICAL Uncaught Error: Call to undefined function raymondvoyage_posted_by() in /var/www/html/wp-content/themes/storefront-child/content.php:64
Stack trace:
#0 /var/www/html/wp-includes/template.php(706): require()
#1 /var/www/html/wp-includes/template.php(653): load_template('/var/www/html/w...', false)
#2 /var/www/html/wp-includes/general-template.php(157): locate_template(Array, true, false)
#3 /var/www/html/wp-content/themes/storefront-child/loop.php(21): get_template_part('content', '')
#4 /var/www/html/wp-includes/template.php(706): require('/var/www/html/w...')
#5 /var/www/html/wp-includes/template.php(653): load_template('/var/www/html/w...', false)
#6 /var/www/html/wp-includes/general-template.php(157): locate_template(Array, true, false)
#7 /var/www/html/wp-content/themes/storefront-child/archive.php(27): get_template_part('loop')
#8 /var/www/html/wp-includes/template-loader.php(77): include('/var/www/html/w...')
#9 /var/www/html/wp-blog-header.php(19): require_once('/var/www/html/w...')
#10 /var/www/html/i in /var/www/html/wp-content/themes/storefront-child/content.php on line 64

2019-04-22T04:49:42+00:00 CRITICAL Uncaught Error: Call to undefined function raymondvoyage_posted_by() in /var/www/html/wp-content/themes/storefront-child/content.php:64
Stack trace:
#0 /var/www/html/wp-includes/template.php(706): require()
#1 /var/www/html/wp-includes/template.php(653): load_template('/var/www/html/w...', false)
#2 /var/www/html/wp-includes/general-template.php(157): locate_template(Array, true, false)
#3 /var/www/html/wp-content/themes/storefront-child/loop.php(21): get_template_part('content', '')
#4 /var/www/html/wp-includes/template.php(706): require('/var/www/html/w...')
#5 /var/www/html/wp-includes/template.php(653): load_template('/var/www/html/w...', false)
#6 /var/www/html/wp-includes/general-template.php(157): locate_template(Array, true, false)
#7 /var/www/html/wp-content/themes/storefront-child/archive.php(27): get_template_part('loop')
#8 /var/www/html/wp-includes/template-loader.php(77): include('/var/www/html/w...')
#9 /var/www/html/wp-blog-header.php(19): require_once('/var/www/html/w...')
#10 /var/www/html/i in /var/www/html/wp-content/themes/storefront-child/content.php on line 64

2019-04-22T04:49:45+00:00 CRITICAL Uncaught Error: Call to undefined function raymondvoyage_posted_by() in /var/www/html/wp-content/themes/storefront-child/content.php:64
Stack trace:
#0 /var/www/html/wp-includes/template.php(706): require()
#1 /var/www/html/wp-includes/template.php(653): load_template('/var/www/html/w...', false)
#2 /var/www/html/wp-includes/general-template.php(157): locate_template(Array, true, false)
#3 /var/www/html/wp-content/themes/storefront-child/loop.php(21): get_template_part('content', '')
#4 /var/www/html/wp-includes/template.php(706): require('/var/www/html/w...')
#5 /var/www/html/wp-includes/template.php(653): load_template('/var/www/html/w...', false)
#6 /var/www/html/wp-includes/general-template.php(157): locate_template(Array, true, false)
#7 /var/www/html/wp-content/themes/storefront-child/archive.php(27): get_template_part('loop')
#8 /var/www/html/wp-includes/template-loader.php(77): include('/var/www/html/w...')
#9 /var/www/html/wp-blog-header.php(19): require_once('/var/www/html/w...')
#10 /var/www/html/i in /var/www/html/wp-content/themes/storefront-child/content.php on line 64

2019-04-22T04:49:47+00:00 CRITICAL Uncaught Error: Call to undefined function raymondvoyage_posted_by() in /var/www/html/wp-content/themes/storefront-child/content.php:64
Stack trace:
#0 /var/www/html/wp-includes/template.php(706): require()
#1 /var/www/html/wp-includes/template.php(653): load_template('/var/www/html/w...', false)
#2 /var/www/html/wp-includes/general-template.php(157): locate_template(Array, true, false)
#3 /var/www/html/wp-content/themes/storefront-child/loop.php(21): get_template_part('content', '')
#4 /var/www/html/wp-includes/template.php(706): require('/var/www/html/w...')
#5 /var/www/html/wp-includes/template.php(653): load_template('/var/www/html/w...', false)
#6 /var/www/html/wp-includes/general-template.php(157): locate_template(Array, true, false)
#7 /var/www/html/wp-content/themes/storefront-child/archive.php(27): get_template_part('loop')
#8 /var/www/html/wp-includes/template-loader.php(77): include('/var/www/html/w...')
#9 /var/www/html/wp-blog-header.php(19): require_once('/var/www/html/w...')
#10 /var/www/html/i in /var/www/html/wp-content/themes/storefront-child/content.php on line 64

2019-04-22T04:50:26+00:00 CRITICAL Uncaught Error: Call to undefined function raymondvoyage_posted_by() in /var/www/html/wp-content/themes/storefront-child/content.php:64
Stack trace:
#0 /var/www/html/wp-includes/template.php(706): require()
#1 /var/www/html/wp-includes/template.php(653): load_template('/var/www/html/w...', false)
#2 /var/www/html/wp-includes/general-template.php(157): locate_template(Array, true, false)
#3 /var/www/html/wp-content/themes/storefront-child/loop.php(21): get_template_part('content', '')
#4 /var/www/html/wp-includes/template.php(706): require('/var/www/html/w...')
#5 /var/www/html/wp-includes/template.php(653): load_template('/var/www/html/w...', false)
#6 /var/www/html/wp-includes/general-template.php(157): locate_template(Array, true, false)
#7 /var/www/html/wp-content/themes/storefront-child/archive.php(27): get_template_part('loop')
#8 /var/www/html/wp-includes/template-loader.php(77): include('/var/www/html/w...')
#9 /var/www/html/wp-blog-header.php(19): require_once('/var/www/html/w...')
#10 /var/www/html/i in /var/www/html/wp-content/themes/storefront-child/content.php on line 64

2019-04-22T04:50:36+00:00 CRITICAL Uncaught Error: Call to undefined function raymondvoyage_posted_by() in /var/www/html/wp-content/themes/storefront-child/content.php:64
Stack trace:
#0 /var/www/html/wp-includes/template.php(706): require()
#1 /var/www/html/wp-includes/template.php(653): load_template('/var/www/html/w...', false)
#2 /var/www/html/wp-includes/general-template.php(157): locate_template(Array, true, false)
#3 /var/www/html/wp-content/themes/storefront-child/loop.php(21): get_template_part('content', '')
#4 /var/www/html/wp-includes/template.php(706): require('/var/www/html/w...')
#5 /var/www/html/wp-includes/template.php(653): load_template('/var/www/html/w...', false)
#6 /var/www/html/wp-includes/general-template.php(157): locate_template(Array, true, false)
#7 /var/www/html/wp-content/themes/storefront-child/archive.php(27): get_template_part('loop')
#8 /var/www/html/wp-includes/template-loader.php(77): include('/var/www/html/w...')
#9 /var/www/html/wp-blog-header.php(19): require_once('/var/www/html/w...')
#10 /var/www/html/i in /var/www/html/wp-content/themes/storefront-child/content.php on line 64

2019-04-22T04:51:17+00:00 CRITICAL Uncaught Error: Call to undefined function raymondvoyage_posted_by() in /var/www/html/wp-content/themes/storefront-child/content.php:64
Stack trace:
#0 /var/www/html/wp-includes/template.php(706): require()
#1 /var/www/html/wp-includes/template.php(653): load_template('/var/www/html/w...', false)
#2 /var/www/html/wp-includes/general-template.php(157): locate_template(Array, true, false)
#3 /var/www/html/wp-content/themes/storefront-child/loop.php(21): get_template_part('content', '')
#4 /var/www/html/wp-includes/template.php(706): require('/var/www/html/w...')
#5 /var/www/html/wp-includes/template.php(653): load_template('/var/www/html/w...', false)
#6 /var/www/html/wp-includes/general-template.php(157): locate_template(Array, true, false)
#7 /var/www/html/wp-content/themes/storefront-child/archive.php(27): get_template_part('loop')
#8 /var/www/html/wp-includes/template-loader.php(77): include('/var/www/html/w...')
#9 /var/www/html/wp-blog-header.php(19): require_once('/var/www/html/w...')
#10 /var/www/html/i in /var/www/html/wp-content/themes/storefront-child/content.php on line 64

2019-04-22T04:51:41+00:00 CRITICAL Uncaught Error: Call to undefined function raymondvoyage_posted_by() in /var/www/html/wp-content/themes/storefront-child/content.php:64
Stack trace:
#0 /var/www/html/wp-includes/template.php(706): require()
#1 /var/www/html/wp-includes/template.php(653): load_template('/var/www/html/w...', false)
#2 /var/www/html/wp-includes/general-template.php(157): locate_template(Array, true, false)
#3 /var/www/html/wp-content/themes/storefront-child/loop.php(21): get_template_part('content', '')
#4 /var/www/html/wp-includes/template.php(706): require('/var/www/html/w...')
#5 /var/www/html/wp-includes/template.php(653): load_template('/var/www/html/w...', false)
#6 /var/www/html/wp-includes/general-template.php(157): locate_template(Array, true, false)
#7 /var/www/html/wp-content/themes/storefront-child/archive.php(27): get_template_part('loop')
#8 /var/www/html/wp-includes/template-loader.php(77): include('/var/www/html/w...')
#9 /var/www/html/wp-blog-header.php(19): require_once('/var/www/html/w...')
#10 /var/www/html/i in /var/www/html/wp-content/themes/storefront-child/content.php on line 64

2019-04-22T04:53:02+00:00 CRITICAL Uncaught Error: Call to undefined function raymondvoyage_posted_by() in /var/www/html/wp-content/themes/storefront-child/content.php:64
Stack trace:
#0 /var/www/html/wp-includes/template.php(706): require()
#1 /var/www/html/wp-includes/template.php(653): load_template('/var/www/html/w...', false)
#2 /var/www/html/wp-includes/general-template.php(157): locate_template(Array, true, false)
#3 /var/www/html/wp-content/themes/storefront-child/loop.php(21): get_template_part('content', '')
#4 /var/www/html/wp-includes/template.php(706): require('/var/www/html/w...')
#5 /var/www/html/wp-includes/template.php(653): load_template('/var/www/html/w...', false)
#6 /var/www/html/wp-includes/general-template.php(157): locate_template(Array, true, false)
#7 /var/www/html/wp-content/themes/storefront-child/archive.php(27): get_template_part('loop')
#8 /var/www/html/wp-includes/template-loader.php(77): include('/var/www/html/w...')
#9 /var/www/html/wp-blog-header.php(19): require_once('/var/www/html/w...')
#10 /var/www/html/i in /var/www/html/wp-content/themes/storefront-child/content.php on line 64

2019-04-22T04:56:46+00:00 CRITICAL Uncaught Error: Call to undefined function raymondvoyage_posted_by() in /var/www/html/wp-content/themes/storefront-child/content.php:64
Stack trace:
#0 /var/www/html/wp-includes/template.php(706): require()
#1 /var/www/html/wp-includes/template.php(653): load_template('/var/www/html/w...', false)
#2 /var/www/html/wp-includes/general-template.php(157): locate_template(Array, true, false)
#3 /var/www/html/wp-content/themes/storefront-child/loop.php(21): get_template_part('content', '')
#4 /var/www/html/wp-includes/template.php(706): require('/var/www/html/w...')
#5 /var/www/html/wp-includes/template.php(653): load_template('/var/www/html/w...', false)
#6 /var/www/html/wp-includes/general-template.php(157): locate_template(Array, true, false)
#7 /var/www/html/wp-content/themes/storefront-child/archive.php(27): get_template_part('loop')
#8 /var/www/html/wp-includes/template-loader.php(77): include('/var/www/html/w...')
#9 /var/www/html/wp-blog-header.php(19): require_once('/var/www/html/w...')
#10 /var/www/html/i in /var/www/html/wp-content/themes/storefront-child/content.php on line 64

2019-04-22T04:56:51+00:00 CRITICAL Uncaught Error: Call to undefined function raymondvoyage_posted_by() in /var/www/html/wp-content/themes/storefront-child/content.php:64
Stack trace:
#0 /var/www/html/wp-includes/template.php(706): require()
#1 /var/www/html/wp-includes/template.php(653): load_template('/var/www/html/w...', false)
#2 /var/www/html/wp-includes/general-template.php(157): locate_template(Array, true, false)
#3 /var/www/html/wp-content/themes/storefront-child/loop.php(21): get_template_part('content', '')
#4 /var/www/html/wp-includes/template.php(706): require('/var/www/html/w...')
#5 /var/www/html/wp-includes/template.php(653): load_template('/var/www/html/w...', false)
#6 /var/www/html/wp-includes/general-template.php(157): locate_template(Array, true, false)
#7 /var/www/html/wp-content/themes/storefront-child/archive.php(27): get_template_part('loop')
#8 /var/www/html/wp-includes/template-loader.php(77): include('/var/www/html/w...')
#9 /var/www/html/wp-blog-header.php(19): require_once('/var/www/html/w...')
#10 /var/www/html/i in /var/www/html/wp-content/themes/storefront-child/content.php on line 64

2019-04-22T04:57:00+00:00 CRITICAL Uncaught Error: Call to undefined function raymondvoyage_posted_by() in /var/www/html/wp-content/themes/storefront-child/content.php:64
Stack trace:
#0 /var/www/html/wp-includes/template.php(706): require()
#1 /var/www/html/wp-includes/template.php(653): load_template('/var/www/html/w...', false)
#2 /var/www/html/wp-includes/general-template.php(157): locate_template(Array, true, false)
#3 /var/www/html/wp-content/themes/storefront-child/loop.php(21): get_template_part('content', '')
#4 /var/www/html/wp-includes/template.php(706): require('/var/www/html/w...')
#5 /var/www/html/wp-includes/template.php(653): load_template('/var/www/html/w...', false)
#6 /var/www/html/wp-includes/general-template.php(157): locate_template(Array, true, false)
#7 /var/www/html/wp-content/themes/storefront-child/archive.php(27): get_template_part('loop')
#8 /var/www/html/wp-includes/template-loader.php(77): include('/var/www/html/w...')
#9 /var/www/html/wp-blog-header.php(19): require_once('/var/www/html/w...')
#10 /var/www/html/i in /var/www/html/wp-content/themes/storefront-child/content.php on line 64

2019-04-22T04:58:20+00:00 CRITICAL Uncaught Error: Call to undefined function raymondvoyage_posted_by() in /var/www/html/wp-content/themes/storefront-child/content.php:64
Stack trace:
#0 /var/www/html/wp-includes/template.php(706): require()
#1 /var/www/html/wp-includes/template.php(653): load_template('/var/www/html/w...', false)
#2 /var/www/html/wp-includes/general-template.php(157): locate_template(Array, true, false)
#3 /var/www/html/wp-content/themes/storefront-child/loop.php(21): get_template_part('content', '')
#4 /var/www/html/wp-includes/template.php(706): require('/var/www/html/w...')
#5 /var/www/html/wp-includes/template.php(653): load_template('/var/www/html/w...', false)
#6 /var/www/html/wp-includes/general-template.php(157): locate_template(Array, true, false)
#7 /var/www/html/wp-content/themes/storefront-child/archive.php(27): get_template_part('loop')
#8 /var/www/html/wp-includes/template-loader.php(77): include('/var/www/html/w...')
#9 /var/www/html/wp-blog-header.php(19): require_once('/var/www/html/w...')
#10 /var/www/html/i in /var/www/html/wp-content/themes/storefront-child/content.php on line 64

2019-04-22T04:58:33+00:00 CRITICAL Uncaught Error: Call to undefined function raymondvoyage_posted_by() in /var/www/html/wp-content/themes/storefront-child/content.php:64
Stack trace:
#0 /var/www/html/wp-includes/template.php(706): require()
#1 /var/www/html/wp-includes/template.php(653): load_template('/var/www/html/w...', false)
#2 /var/www/html/wp-includes/general-template.php(157): locate_template(Array, true, false)
#3 /var/www/html/wp-content/themes/storefront-child/loop.php(21): get_template_part('content', '')
#4 /var/www/html/wp-includes/template.php(706): require('/var/www/html/w...')
#5 /var/www/html/wp-includes/template.php(653): load_template('/var/www/html/w...', false)
#6 /var/www/html/wp-includes/general-template.php(157): locate_template(Array, true, false)
#7 /var/www/html/wp-content/themes/storefront-child/archive.php(27): get_template_part('loop')
#8 /var/www/html/wp-includes/template-loader.php(77): include('/var/www/html/w...')
#9 /var/www/html/wp-blog-header.php(19): require_once('/var/www/html/w...')
#10 /var/www/html/i in /var/www/html/wp-content/themes/storefront-child/content.php on line 64

2019-04-22T05:00:10+00:00 CRITICAL Uncaught Error: Call to undefined function raymondvoyage_posted_by() in /var/www/html/wp-content/themes/storefront-child/content.php:64
Stack trace:
#0 /var/www/html/wp-includes/template.php(706): require()
#1 /var/www/html/wp-includes/template.php(653): load_template('/var/www/html/w...', false)
#2 /var/www/html/wp-includes/general-template.php(157): locate_template(Array, true, false)
#3 /var/www/html/wp-content/themes/storefront-child/loop.php(21): get_template_part('content', '')
#4 /var/www/html/wp-includes/template.php(706): require('/var/www/html/w...')
#5 /var/www/html/wp-includes/template.php(653): load_template('/var/www/html/w...', false)
#6 /var/www/html/wp-includes/general-template.php(157): locate_template(Array, true, false)
#7 /var/www/html/wp-content/themes/storefront-child/archive.php(27): get_template_part('loop')
#8 /var/www/html/wp-includes/template-loader.php(77): include('/var/www/html/w...')
#9 /var/www/html/wp-blog-header.php(19): require_once('/var/www/html/w...')
#10 /var/www/html/i in /var/www/html/wp-content/themes/storefront-child/content.php on line 64

2019-04-22T05:00:12+00:00 CRITICAL Uncaught Error: Call to undefined function raymondvoyage_posted_by() in /var/www/html/wp-content/themes/storefront-child/content.php:64
Stack trace:
#0 /var/www/html/wp-includes/template.php(706): require()
#1 /var/www/html/wp-includes/template.php(653): load_template('/var/www/html/w...', false)
#2 /var/www/html/wp-includes/general-template.php(157): locate_template(Array, true, false)
#3 /var/www/html/wp-content/themes/storefront-child/loop.php(21): get_template_part('content', '')
#4 /var/www/html/wp-includes/template.php(706): require('/var/www/html/w...')
#5 /var/www/html/wp-includes/template.php(653): load_template('/var/www/html/w...', false)
#6 /var/www/html/wp-includes/general-template.php(157): locate_template(Array, true, false)
#7 /var/www/html/wp-content/themes/storefront-child/archive.php(27): get_template_part('loop')
#8 /var/www/html/wp-includes/template-loader.php(77): include('/var/www/html/w...')
#9 /var/www/html/wp-blog-header.php(19): require_once('/var/www/html/w...')
#10 /var/www/html/i in /var/www/html/wp-content/themes/storefront-child/content.php on line 64

2019-04-22T05:00:28+00:00 CRITICAL Uncaught Error: Call to undefined function raymondvoyage_posted_by() in /var/www/html/wp-content/themes/storefront-child/content.php:64
Stack trace:
#0 /var/www/html/wp-includes/template.php(706): require()
#1 /var/www/html/wp-includes/template.php(653): load_template('/var/www/html/w...', false)
#2 /var/www/html/wp-includes/general-template.php(157): locate_template(Array, true, false)
#3 /var/www/html/wp-content/themes/storefront-child/loop.php(21): get_template_part('content', '')
#4 /var/www/html/wp-includes/template.php(706): require('/var/www/html/w...')
#5 /var/www/html/wp-includes/template.php(653): load_template('/var/www/html/w...', false)
#6 /var/www/html/wp-includes/general-template.php(157): locate_template(Array, true, false)
#7 /var/www/html/wp-content/themes/storefront-child/archive.php(27): get_template_part('loop')
#8 /var/www/html/wp-includes/template-loader.php(77): include('/var/www/html/w...')
#9 /var/www/html/wp-blog-header.php(19): require_once('/var/www/html/w...')
#10 /var/www/html/i in /var/www/html/wp-content/themes/storefront-child/content.php on line 64

2019-04-22T05:03:14+00:00 CRITICAL Uncaught Error: Call to undefined function raymondvoyage_posted_by() in /var/www/html/wp-content/themes/storefront-child/content.php:64
Stack trace:
#0 /var/www/html/wp-includes/template.php(706): require()
#1 /var/www/html/wp-includes/template.php(653): load_template('/var/www/html/w...', false)
#2 /var/www/html/wp-includes/general-template.php(157): locate_template(Array, true, false)
#3 /var/www/html/wp-content/themes/storefront-child/loop.php(21): get_template_part('content', '')
#4 /var/www/html/wp-includes/template.php(706): require('/var/www/html/w...')
#5 /var/www/html/wp-includes/template.php(653): load_template('/var/www/html/w...', false)
#6 /var/www/html/wp-includes/general-template.php(157): locate_template(Array, true, false)
#7 /var/www/html/wp-content/themes/storefront-child/archive.php(27): get_template_part('loop')
#8 /var/www/html/wp-includes/template-loader.php(77): include('/var/www/html/w...')
#9 /var/www/html/wp-blog-header.php(19): require_once('/var/www/html/w...')
#10 /var/www/html/i in /var/www/html/wp-content/themes/storefront-child/content.php on line 64

2019-04-22T05:03:19+00:00 CRITICAL Uncaught Error: Call to undefined function raymondvoyage_posted_by() in /var/www/html/wp-content/themes/storefront-child/content.php:64
Stack trace:
#0 /var/www/html/wp-includes/template.php(706): require()
#1 /var/www/html/wp-includes/template.php(653): load_template('/var/www/html/w...', false)
#2 /var/www/html/wp-includes/general-template.php(157): locate_template(Array, true, false)
#3 /var/www/html/wp-content/themes/storefront-child/loop.php(21): get_template_part('content', '')
#4 /var/www/html/wp-includes/template.php(706): require('/var/www/html/w...')
#5 /var/www/html/wp-includes/template.php(653): load_template('/var/www/html/w...', false)
#6 /var/www/html/wp-includes/general-template.php(157): locate_template(Array, true, false)
#7 /var/www/html/wp-content/themes/storefront-child/archive.php(27): get_template_part('loop')
#8 /var/www/html/wp-includes/template-loader.php(77): include('/var/www/html/w...')
#9 /var/www/html/wp-blog-header.php(19): require_once('/var/www/html/w...')
#10 /var/www/html/i in /var/www/html/wp-content/themes/storefront-child/content.php on line 64

2019-04-22T05:04:32+00:00 CRITICAL Uncaught Error: Call to undefined function raymondvoyage_posted_by() in /var/www/html/wp-content/themes/storefront-child/content.php:64
Stack trace:
#0 /var/www/html/wp-includes/template.php(706): require()
#1 /var/www/html/wp-includes/template.php(653): load_template('/var/www/html/w...', false)
#2 /var/www/html/wp-includes/general-template.php(157): locate_template(Array, true, false)
#3 /var/www/html/wp-content/themes/storefront-child/loop.php(21): get_template_part('content', '')
#4 /var/www/html/wp-includes/template.php(706): require('/var/www/html/w...')
#5 /var/www/html/wp-includes/template.php(653): load_template('/var/www/html/w...', false)
#6 /var/www/html/wp-includes/general-template.php(157): locate_template(Array, true, false)
#7 /var/www/html/wp-content/themes/storefront-child/archive.php(27): get_template_part('loop')
#8 /var/www/html/wp-includes/template-loader.php(77): include('/var/www/html/w...')
#9 /var/www/html/wp-blog-header.php(19): require_once('/var/www/html/w...')
#10 /var/www/html/i in /var/www/html/wp-content/themes/storefront-child/content.php on line 64

2019-04-22T05:04:35+00:00 CRITICAL Uncaught Error: Call to undefined function raymondvoyage_posted_by() in /var/www/html/wp-content/themes/storefront-child/content.php:64
Stack trace:
#0 /var/www/html/wp-includes/template.php(706): require()
#1 /var/www/html/wp-includes/template.php(653): load_template('/var/www/html/w...', false)
#2 /var/www/html/wp-includes/general-template.php(157): locate_template(Array, true, false)
#3 /var/www/html/wp-content/themes/storefront-child/loop.php(21): get_template_part('content', '')
#4 /var/www/html/wp-includes/template.php(706): require('/var/www/html/w...')
#5 /var/www/html/wp-includes/template.php(653): load_template('/var/www/html/w...', false)
#6 /var/www/html/wp-includes/general-template.php(157): locate_template(Array, true, false)
#7 /var/www/html/wp-content/themes/storefront-child/archive.php(27): get_template_part('loop')
#8 /var/www/html/wp-includes/template-loader.php(77): include('/var/www/html/w...')
#9 /var/www/html/wp-blog-header.php(19): require_once('/var/www/html/w...')
#10 /var/www/html/i in /var/www/html/wp-content/themes/storefront-child/content.php on line 64

2019-04-22T05:04:38+00:00 CRITICAL Uncaught Error: Call to undefined function raymondvoyage_posted_by() in /var/www/html/wp-content/themes/storefront-child/content.php:64
Stack trace:
#0 /var/www/html/wp-includes/template.php(706): require()
#1 /var/www/html/wp-includes/template.php(653): load_template('/var/www/html/w...', false)
#2 /var/www/html/wp-includes/general-template.php(157): locate_template(Array, true, false)
#3 /var/www/html/wp-content/themes/storefront-child/loop.php(21): get_template_part('content', '')
#4 /var/www/html/wp-includes/template.php(706): require('/var/www/html/w...')
#5 /var/www/html/wp-includes/template.php(653): load_template('/var/www/html/w...', false)
#6 /var/www/html/wp-includes/general-template.php(157): locate_template(Array, true, false)
#7 /var/www/html/wp-content/themes/storefront-child/archive.php(27): get_template_part('loop')
#8 /var/www/html/wp-includes/template-loader.php(77): include('/var/www/html/w...')
#9 /var/www/html/wp-blog-header.php(19): require_once('/var/www/html/w...')
#10 /var/www/html/i in /var/www/html/wp-content/themes/storefront-child/content.php on line 64

2019-04-22T05:04:43+00:00 CRITICAL Uncaught Error: Call to undefined function raymondvoyage_posted_by() in /var/www/html/wp-content/themes/storefront-child/content.php:64
Stack trace:
#0 /var/www/html/wp-includes/template.php(706): require()
#1 /var/www/html/wp-includes/template.php(653): load_template('/var/www/html/w...', false)
#2 /var/www/html/wp-includes/general-template.php(157): locate_template(Array, true, false)
#3 /var/www/html/wp-content/themes/storefront-child/loop.php(21): get_template_part('content', '')
#4 /var/www/html/wp-includes/template.php(706): require('/var/www/html/w...')
#5 /var/www/html/wp-includes/template.php(653): load_template('/var/www/html/w...', false)
#6 /var/www/html/wp-includes/general-template.php(157): locate_template(Array, true, false)
#7 /var/www/html/wp-content/themes/storefront-child/archive.php(27): get_template_part('loop')
#8 /var/www/html/wp-includes/template-loader.php(77): include('/var/www/html/w...')
#9 /var/www/html/wp-blog-header.php(19): require_once('/var/www/html/w...')
#10 /var/www/html/i in /var/www/html/wp-content/themes/storefront-child/content.php on line 64

2019-04-22T05:04:44+00:00 CRITICAL Uncaught Error: Call to undefined function raymondvoyage_posted_by() in /var/www/html/wp-content/themes/storefront-child/content.php:64
Stack trace:
#0 /var/www/html/wp-includes/template.php(706): require()
#1 /var/www/html/wp-includes/template.php(653): load_template('/var/www/html/w...', false)
#2 /var/www/html/wp-includes/general-template.php(157): locate_template(Array, true, false)
#3 /var/www/html/wp-content/themes/storefront-child/loop.php(21): get_template_part('content', '')
#4 /var/www/html/wp-includes/template.php(706): require('/var/www/html/w...')
#5 /var/www/html/wp-includes/template.php(653): load_template('/var/www/html/w...', false)
#6 /var/www/html/wp-includes/general-template.php(157): locate_template(Array, true, false)
#7 /var/www/html/wp-content/themes/storefront-child/archive.php(27): get_template_part('loop')
#8 /var/www/html/wp-includes/template-loader.php(77): include('/var/www/html/w...')
#9 /var/www/html/wp-blog-header.php(19): require_once('/var/www/html/w...')
#10 /var/www/html/i in /var/www/html/wp-content/themes/storefront-child/content.php on line 64

2019-04-22T05:04:46+00:00 CRITICAL Uncaught Error: Call to undefined function raymondvoyage_posted_by() in /var/www/html/wp-content/themes/storefront-child/content.php:64
Stack trace:
#0 /var/www/html/wp-includes/template.php(706): require()
#1 /var/www/html/wp-includes/template.php(653): load_template('/var/www/html/w...', false)
#2 /var/www/html/wp-includes/general-template.php(157): locate_template(Array, true, false)
#3 /var/www/html/wp-content/themes/storefront-child/loop.php(21): get_template_part('content', '')
#4 /var/www/html/wp-includes/template.php(706): require('/var/www/html/w...')
#5 /var/www/html/wp-includes/template.php(653): load_template('/var/www/html/w...', false)
#6 /var/www/html/wp-includes/general-template.php(157): locate_template(Array, true, false)
#7 /var/www/html/wp-content/themes/storefront-child/archive.php(27): get_template_part('loop')
#8 /var/www/html/wp-includes/template-loader.php(77): include('/var/www/html/w...')
#9 /var/www/html/wp-blog-header.php(19): require_once('/var/www/html/w...')
#10 /var/www/html/i in /var/www/html/wp-content/themes/storefront-child/content.php on line 64

2019-04-22T05:04:47+00:00 CRITICAL Uncaught Error: Call to undefined function raymondvoyage_posted_by() in /var/www/html/wp-content/themes/storefront-child/content.php:64
Stack trace:
#0 /var/www/html/wp-includes/template.php(706): require()
#1 /var/www/html/wp-includes/template.php(653): load_template('/var/www/html/w...', false)
#2 /var/www/html/wp-includes/general-template.php(157): locate_template(Array, true, false)
#3 /var/www/html/wp-content/themes/storefront-child/loop.php(21): get_template_part('content', '')
#4 /var/www/html/wp-includes/template.php(706): require('/var/www/html/w...')
#5 /var/www/html/wp-includes/template.php(653): load_template('/var/www/html/w...', false)
#6 /var/www/html/wp-includes/general-template.php(157): locate_template(Array, true, false)
#7 /var/www/html/wp-content/themes/storefront-child/archive.php(27): get_template_part('loop')
#8 /var/www/html/wp-includes/template-loader.php(77): include('/var/www/html/w...')
#9 /var/www/html/wp-blog-header.php(19): require_once('/var/www/html/w...')
#10 /var/www/html/i in /var/www/html/wp-content/themes/storefront-child/content.php on line 64

2019-04-22T05:04:47+00:00 CRITICAL Uncaught Error: Call to undefined function raymondvoyage_posted_by() in /var/www/html/wp-content/themes/storefront-child/content.php:64
Stack trace:
#0 /var/www/html/wp-includes/template.php(706): require()
#1 /var/www/html/wp-includes/template.php(653): load_template('/var/www/html/w...', false)
#2 /var/www/html/wp-includes/general-template.php(157): locate_template(Array, true, false)
#3 /var/www/html/wp-content/themes/storefront-child/loop.php(21): get_template_part('content', '')
#4 /var/www/html/wp-includes/template.php(706): require('/var/www/html/w...')
#5 /var/www/html/wp-includes/template.php(653): load_template('/var/www/html/w...', false)
#6 /var/www/html/wp-includes/general-template.php(157): locate_template(Array, true, false)
#7 /var/www/html/wp-content/themes/storefront-child/archive.php(27): get_template_part('loop')
#8 /var/www/html/wp-includes/template-loader.php(77): include('/var/www/html/w...')
#9 /var/www/html/wp-blog-header.php(19): require_once('/var/www/html/w...')
#10 /var/www/html/i in /var/www/html/wp-content/themes/storefront-child/content.php on line 64

2019-04-22T05:04:48+00:00 CRITICAL Uncaught Error: Call to undefined function raymondvoyage_posted_by() in /var/www/html/wp-content/themes/storefront-child/content.php:64
Stack trace:
#0 /var/www/html/wp-includes/template.php(706): require()
#1 /var/www/html/wp-includes/template.php(653): load_template('/var/www/html/w...', false)
#2 /var/www/html/wp-includes/general-template.php(157): locate_template(Array, true, false)
#3 /var/www/html/wp-content/themes/storefront-child/loop.php(21): get_template_part('content', '')
#4 /var/www/html/wp-includes/template.php(706): require('/var/www/html/w...')
#5 /var/www/html/wp-includes/template.php(653): load_template('/var/www/html/w...', false)
#6 /var/www/html/wp-includes/general-template.php(157): locate_template(Array, true, false)
#7 /var/www/html/wp-content/themes/storefront-child/archive.php(27): get_template_part('loop')
#8 /var/www/html/wp-includes/template-loader.php(77): include('/var/www/html/w...')
#9 /var/www/html/wp-blog-header.php(19): require_once('/var/www/html/w...')
#10 /var/www/html/i in /var/www/html/wp-content/themes/storefront-child/content.php on line 64

2019-04-22T05:04:48+00:00 CRITICAL Uncaught Error: Call to undefined function raymondvoyage_posted_by() in /var/www/html/wp-content/themes/storefront-child/content.php:64
Stack trace:
#0 /var/www/html/wp-includes/template.php(706): require()
#1 /var/www/html/wp-includes/template.php(653): load_template('/var/www/html/w...', false)
#2 /var/www/html/wp-includes/general-template.php(157): locate_template(Array, true, false)
#3 /var/www/html/wp-content/themes/storefront-child/loop.php(21): get_template_part('content', '')
#4 /var/www/html/wp-includes/template.php(706): require('/var/www/html/w...')
#5 /var/www/html/wp-includes/template.php(653): load_template('/var/www/html/w...', false)
#6 /var/www/html/wp-includes/general-template.php(157): locate_template(Array, true, false)
#7 /var/www/html/wp-content/themes/storefront-child/archive.php(27): get_template_part('loop')
#8 /var/www/html/wp-includes/template-loader.php(77): include('/var/www/html/w...')
#9 /var/www/html/wp-blog-header.php(19): require_once('/var/www/html/w...')
#10 /var/www/html/i in /var/www/html/wp-content/themes/storefront-child/content.php on line 64

2019-04-22T05:04:55+00:00 CRITICAL Uncaught Error: Call to undefined function raymondvoyage_posted_by() in /var/www/html/wp-content/themes/storefront-child/content.php:64
Stack trace:
#0 /var/www/html/wp-includes/template.php(706): require()
#1 /var/www/html/wp-includes/template.php(653): load_template('/var/www/html/w...', false)
#2 /var/www/html/wp-includes/general-template.php(157): locate_template(Array, true, false)
#3 /var/www/html/wp-content/themes/storefront-child/loop.php(21): get_template_part('content', '')
#4 /var/www/html/wp-includes/template.php(706): require('/var/www/html/w...')
#5 /var/www/html/wp-includes/template.php(653): load_template('/var/www/html/w...', false)
#6 /var/www/html/wp-includes/general-template.php(157): locate_template(Array, true, false)
#7 /var/www/html/wp-content/themes/storefront-child/archive.php(27): get_template_part('loop')
#8 /var/www/html/wp-includes/template-loader.php(77): include('/var/www/html/w...')
#9 /var/www/html/wp-blog-header.php(19): require_once('/var/www/html/w...')
#10 /var/www/html/i in /var/www/html/wp-content/themes/storefront-child/content.php on line 64

2019-04-22T05:04:58+00:00 CRITICAL Uncaught Error: Call to undefined function raymondvoyage_posted_by() in /var/www/html/wp-content/themes/storefront-child/content.php:64
Stack trace:
#0 /var/www/html/wp-includes/template.php(706): require()
#1 /var/www/html/wp-includes/template.php(653): load_template('/var/www/html/w...', false)
#2 /var/www/html/wp-includes/general-template.php(157): locate_template(Array, true, false)
#3 /var/www/html/wp-content/themes/storefront-child/loop.php(21): get_template_part('content', '')
#4 /var/www/html/wp-includes/template.php(706): require('/var/www/html/w...')
#5 /var/www/html/wp-includes/template.php(653): load_template('/var/www/html/w...', false)
#6 /var/www/html/wp-includes/general-template.php(157): locate_template(Array, true, false)
#7 /var/www/html/wp-content/themes/storefront-child/archive.php(27): get_template_part('loop')
#8 /var/www/html/wp-includes/template-loader.php(77): include('/var/www/html/w...')
#9 /var/www/html/wp-blog-header.php(19): require_once('/var/www/html/w...')
#10 /var/www/html/i in /var/www/html/wp-content/themes/storefront-child/content.php on line 64

2019-04-22T05:04:59+00:00 CRITICAL Uncaught Error: Call to undefined function raymondvoyage_posted_by() in /var/www/html/wp-content/themes/storefront-child/content.php:64
Stack trace:
#0 /var/www/html/wp-includes/template.php(706): require()
#1 /var/www/html/wp-includes/template.php(653): load_template('/var/www/html/w...', false)
#2 /var/www/html/wp-includes/general-template.php(157): locate_template(Array, true, false)
#3 /var/www/html/wp-content/themes/storefront-child/loop.php(21): get_template_part('content', '')
#4 /var/www/html/wp-includes/template.php(706): require('/var/www/html/w...')
#5 /var/www/html/wp-includes/template.php(653): load_template('/var/www/html/w...', false)
#6 /var/www/html/wp-includes/general-template.php(157): locate_template(Array, true, false)
#7 /var/www/html/wp-content/themes/storefront-child/archive.php(27): get_template_part('loop')
#8 /var/www/html/wp-includes/template-loader.php(77): include('/var/www/html/w...')
#9 /var/www/html/wp-blog-header.php(19): require_once('/var/www/html/w...')
#10 /var/www/html/i in /var/www/html/wp-content/themes/storefront-child/content.php on line 64

2019-04-22T05:05:01+00:00 CRITICAL Uncaught Error: Call to undefined function raymondvoyage_posted_by() in /var/www/html/wp-content/themes/storefront-child/content.php:64
Stack trace:
#0 /var/www/html/wp-includes/template.php(706): require()
#1 /var/www/html/wp-includes/template.php(653): load_template('/var/www/html/w...', false)
#2 /var/www/html/wp-includes/general-template.php(157): locate_template(Array, true, false)
#3 /var/www/html/wp-content/themes/storefront-child/loop.php(21): get_template_part('content', '')
#4 /var/www/html/wp-includes/template.php(706): require('/var/www/html/w...')
#5 /var/www/html/wp-includes/template.php(653): load_template('/var/www/html/w...', false)
#6 /var/www/html/wp-includes/general-template.php(157): locate_template(Array, true, false)
#7 /var/www/html/wp-content/themes/storefront-child/archive.php(27): get_template_part('loop')
#8 /var/www/html/wp-includes/template-loader.php(77): include('/var/www/html/w...')
#9 /var/www/html/wp-blog-header.php(19): require_once('/var/www/html/w...')
#10 /var/www/html/i in /var/www/html/wp-content/themes/storefront-child/content.php on line 64

2019-04-22T05:05:02+00:00 CRITICAL Uncaught Error: Call to undefined function raymondvoyage_posted_by() in /var/www/html/wp-content/themes/storefront-child/content.php:64
Stack trace:
#0 /var/www/html/wp-includes/template.php(706): require()
#1 /var/www/html/wp-includes/template.php(653): load_template('/var/www/html/w...', false)
#2 /var/www/html/wp-includes/general-template.php(157): locate_template(Array, true, false)
#3 /var/www/html/wp-content/themes/storefront-child/loop.php(21): get_template_part('content', '')
#4 /var/www/html/wp-includes/template.php(706): require('/var/www/html/w...')
#5 /var/www/html/wp-includes/template.php(653): load_template('/var/www/html/w...', false)
#6 /var/www/html/wp-includes/general-template.php(157): locate_template(Array, true, false)
#7 /var/www/html/wp-content/themes/storefront-child/archive.php(27): get_template_part('loop')
#8 /var/www/html/wp-includes/template-loader.php(77): include('/var/www/html/w...')
#9 /var/www/html/wp-blog-header.php(19): require_once('/var/www/html/w...')
#10 /var/www/html/i in /var/www/html/wp-content/themes/storefront-child/content.php on line 64

2019-04-22T05:10:57+00:00 CRITICAL Uncaught Error: Call to undefined function raymondvoyage_posted_by() in /var/www/html/wp-content/themes/storefront-child/content.php:64
Stack trace:
#0 /var/www/html/wp-includes/template.php(706): require()
#1 /var/www/html/wp-includes/template.php(653): load_template('/var/www/html/w...', false)
#2 /var/www/html/wp-includes/general-template.php(157): locate_template(Array, true, false)
#3 /var/www/html/wp-content/themes/storefront-child/loop.php(21): get_template_part('content', '')
#4 /var/www/html/wp-includes/template.php(706): require('/var/www/html/w...')
#5 /var/www/html/wp-includes/template.php(653): load_template('/var/www/html/w...', false)
#6 /var/www/html/wp-includes/general-template.php(157): locate_template(Array, true, false)
#7 /var/www/html/wp-content/themes/storefront-child/archive.php(27): get_template_part('loop')
#8 /var/www/html/wp-includes/template-loader.php(77): include('/var/www/html/w...')
#9 /var/www/html/wp-blog-header.php(19): require_once('/var/www/html/w...')
#10 /var/www/html/i in /var/www/html/wp-content/themes/storefront-child/content.php on line 64

2019-04-22T05:13:42+00:00 CRITICAL Uncaught Error: Call to undefined function raymondvoyage_posted_by() in /var/www/html/wp-content/themes/storefront-child/content.php:64
Stack trace:
#0 /var/www/html/wp-includes/template.php(706): require()
#1 /var/www/html/wp-includes/template.php(653): load_template('/var/www/html/w...', false)
#2 /var/www/html/wp-includes/general-template.php(157): locate_template(Array, true, false)
#3 /var/www/html/wp-content/themes/storefront-child/loop.php(21): get_template_part('content', '')
#4 /var/www/html/wp-includes/template.php(706): require('/var/www/html/w...')
#5 /var/www/html/wp-includes/template.php(653): load_template('/var/www/html/w...', false)
#6 /var/www/html/wp-includes/general-template.php(157): locate_template(Array, true, false)
#7 /var/www/html/wp-content/themes/storefront-child/archive.php(27): get_template_part('loop')
#8 /var/www/html/wp-includes/template-loader.php(77): include('/var/www/html/w...')
#9 /var/www/html/wp-blog-header.php(19): require_once('/var/www/html/w...')
#10 /var/www/html/i in /var/www/html/wp-content/themes/storefront-child/content.php on line 64

2019-04-22T05:13:50+00:00 CRITICAL Uncaught Error: Call to undefined function raymondvoyage_posted_by() in /var/www/html/wp-content/themes/storefront-child/content.php:64
Stack trace:
#0 /var/www/html/wp-includes/template.php(706): require()
#1 /var/www/html/wp-includes/template.php(653): load_template('/var/www/html/w...', false)
#2 /var/www/html/wp-includes/general-template.php(157): locate_template(Array, true, false)
#3 /var/www/html/wp-content/themes/storefront-child/loop.php(21): get_template_part('content', '')
#4 /var/www/html/wp-includes/template.php(706): require('/var/www/html/w...')
#5 /var/www/html/wp-includes/template.php(653): load_template('/var/www/html/w...', false)
#6 /var/www/html/wp-includes/general-template.php(157): locate_template(Array, true, false)
#7 /var/www/html/wp-content/themes/storefront-child/archive.php(27): get_template_part('loop')
#8 /var/www/html/wp-includes/template-loader.php(77): include('/var/www/html/w...')
#9 /var/www/html/wp-blog-header.php(19): require_once('/var/www/html/w...')
#10 /var/www/html/i in /var/www/html/wp-content/themes/storefront-child/content.php on line 64

2019-04-22T05:13:52+00:00 CRITICAL Uncaught Error: Call to undefined function raymondvoyage_posted_by() in /var/www/html/wp-content/themes/storefront-child/content.php:64
Stack trace:
#0 /var/www/html/wp-includes/template.php(706): require()
#1 /var/www/html/wp-includes/template.php(653): load_template('/var/www/html/w...', false)
#2 /var/www/html/wp-includes/general-template.php(157): locate_template(Array, true, false)
#3 /var/www/html/wp-content/themes/storefront-child/loop.php(21): get_template_part('content', '')
#4 /var/www/html/wp-includes/template.php(706): require('/var/www/html/w...')
#5 /var/www/html/wp-includes/template.php(653): load_template('/var/www/html/w...', false)
#6 /var/www/html/wp-includes/general-template.php(157): locate_template(Array, true, false)
#7 /var/www/html/wp-content/themes/storefront-child/archive.php(27): get_template_part('loop')
#8 /var/www/html/wp-includes/template-loader.php(77): include('/var/www/html/w...')
#9 /var/www/html/wp-blog-header.php(19): require_once('/var/www/html/w...')
#10 /var/www/html/i in /var/www/html/wp-content/themes/storefront-child/content.php on line 64

2019-04-22T05:13:55+00:00 CRITICAL Uncaught Error: Call to undefined function raymondvoyage_posted_by() in /var/www/html/wp-content/themes/storefront-child/content.php:64
Stack trace:
#0 /var/www/html/wp-includes/template.php(706): require()
#1 /var/www/html/wp-includes/template.php(653): load_template('/var/www/html/w...', false)
#2 /var/www/html/wp-includes/general-template.php(157): locate_template(Array, true, false)
#3 /var/www/html/wp-content/themes/storefront-child/loop.php(21): get_template_part('content', '')
#4 /var/www/html/wp-includes/template.php(706): require('/var/www/html/w...')
#5 /var/www/html/wp-includes/template.php(653): load_template('/var/www/html/w...', false)
#6 /var/www/html/wp-includes/general-template.php(157): locate_template(Array, true, false)
#7 /var/www/html/wp-content/themes/storefront-child/archive.php(27): get_template_part('loop')
#8 /var/www/html/wp-includes/template-loader.php(77): include('/var/www/html/w...')
#9 /var/www/html/wp-blog-header.php(19): require_once('/var/www/html/w...')
#10 /var/www/html/i in /var/www/html/wp-content/themes/storefront-child/content.php on line 64

2019-04-22T05:13:57+00:00 CRITICAL Uncaught Error: Call to undefined function raymondvoyage_posted_by() in /var/www/html/wp-content/themes/storefront-child/content.php:64
Stack trace:
#0 /var/www/html/wp-includes/template.php(706): require()
#1 /var/www/html/wp-includes/template.php(653): load_template('/var/www/html/w...', false)
#2 /var/www/html/wp-includes/general-template.php(157): locate_template(Array, true, false)
#3 /var/www/html/wp-content/themes/storefront-child/loop.php(21): get_template_part('content', '')
#4 /var/www/html/wp-includes/template.php(706): require('/var/www/html/w...')
#5 /var/www/html/wp-includes/template.php(653): load_template('/var/www/html/w...', false)
#6 /var/www/html/wp-includes/general-template.php(157): locate_template(Array, true, false)
#7 /var/www/html/wp-content/themes/storefront-child/archive.php(27): get_template_part('loop')
#8 /var/www/html/wp-includes/template-loader.php(77): include('/var/www/html/w...')
#9 /var/www/html/wp-blog-header.php(19): require_once('/var/www/html/w...')
#10 /var/www/html/i in /var/www/html/wp-content/themes/storefront-child/content.php on line 64

2019-04-22T05:13:59+00:00 CRITICAL Uncaught Error: Call to undefined function raymondvoyage_posted_by() in /var/www/html/wp-content/themes/storefront-child/content.php:64
Stack trace:
#0 /var/www/html/wp-includes/template.php(706): require()
#1 /var/www/html/wp-includes/template.php(653): load_template('/var/www/html/w...', false)
#2 /var/www/html/wp-includes/general-template.php(157): locate_template(Array, true, false)
#3 /var/www/html/wp-content/themes/storefront-child/loop.php(21): get_template_part('content', '')
#4 /var/www/html/wp-includes/template.php(706): require('/var/www/html/w...')
#5 /var/www/html/wp-includes/template.php(653): load_template('/var/www/html/w...', false)
#6 /var/www/html/wp-includes/general-template.php(157): locate_template(Array, true, false)
#7 /var/www/html/wp-content/themes/storefront-child/archive.php(27): get_template_part('loop')
#8 /var/www/html/wp-includes/template-loader.php(77): include('/var/www/html/w...')
#9 /var/www/html/wp-blog-header.php(19): require_once('/var/www/html/w...')
#10 /var/www/html/i in /var/www/html/wp-content/themes/storefront-child/content.php on line 64

2019-04-22T05:14:06+00:00 CRITICAL Uncaught Error: Call to undefined function raymondvoyage_posted_by() in /var/www/html/wp-content/themes/storefront-child/content.php:64
Stack trace:
#0 /var/www/html/wp-includes/template.php(706): require()
#1 /var/www/html/wp-includes/template.php(653): load_template('/var/www/html/w...', false)
#2 /var/www/html/wp-includes/general-template.php(157): locate_template(Array, true, false)
#3 /var/www/html/wp-content/themes/storefront-child/single.php(19): get_template_part('content', 'post')
#4 /var/www/html/wp-includes/template-loader.php(77): include('/var/www/html/w...')
#5 /var/www/html/wp-blog-header.php(19): require_once('/var/www/html/w...')
#6 /var/www/html/index.php(17): require('/var/www/html/w...')
#7 {main}
  thrown in /var/www/html/wp-content/themes/storefront-child/content.php on line 64

2019-04-22T05:14:11+00:00 CRITICAL Uncaught Error: Call to undefined function raymondvoyage_posted_by() in /var/www/html/wp-content/themes/storefront-child/content.php:64
Stack trace:
#0 /var/www/html/wp-includes/template.php(706): require()
#1 /var/www/html/wp-includes/template.php(653): load_template('/var/www/html/w...', false)
#2 /var/www/html/wp-includes/general-template.php(157): locate_template(Array, true, false)
#3 /var/www/html/wp-content/themes/storefront-child/single.php(19): get_template_part('content', 'post')
#4 /var/www/html/wp-includes/template-loader.php(77): include('/var/www/html/w...')
#5 /var/www/html/wp-blog-header.php(19): require_once('/var/www/html/w...')
#6 /var/www/html/index.php(17): require('/var/www/html/w...')
#7 {main}
  thrown in /var/www/html/wp-content/themes/storefront-child/content.php on line 64

2019-04-22T05:14:13+00:00 CRITICAL Uncaught Error: Call to undefined function raymondvoyage_posted_by() in /var/www/html/wp-content/themes/storefront-child/content.php:64
Stack trace:
#0 /var/www/html/wp-includes/template.php(706): require()
#1 /var/www/html/wp-includes/template.php(653): load_template('/var/www/html/w...', false)
#2 /var/www/html/wp-includes/general-template.php(157): locate_template(Array, true, false)
#3 /var/www/html/wp-content/themes/storefront-child/single.php(19): get_template_part('content', 'post')
#4 /var/www/html/wp-includes/template-loader.php(77): include('/var/www/html/w...')
#5 /var/www/html/wp-blog-header.php(19): require_once('/var/www/html/w...')
#6 /var/www/html/index.php(17): require('/var/www/html/w...')
#7 {main}
  thrown in /var/www/html/wp-content/themes/storefront-child/content.php on line 64

2019-04-22T05:14:15+00:00 CRITICAL Uncaught Error: Call to undefined function raymondvoyage_posted_by() in /var/www/html/wp-content/themes/storefront-child/content.php:64
Stack trace:
#0 /var/www/html/wp-includes/template.php(706): require()
#1 /var/www/html/wp-includes/template.php(653): load_template('/var/www/html/w...', false)
#2 /var/www/html/wp-includes/general-template.php(157): locate_template(Array, true, false)
#3 /var/www/html/wp-content/themes/storefront-child/single.php(19): get_template_part('content', 'post')
#4 /var/www/html/wp-includes/template-loader.php(77): include('/var/www/html/w...')
#5 /var/www/html/wp-blog-header.php(19): require_once('/var/www/html/w...')
#6 /var/www/html/index.php(17): require('/var/www/html/w...')
#7 {main}
  thrown in /var/www/html/wp-content/themes/storefront-child/content.php on line 64

2019-04-22T05:14:17+00:00 CRITICAL Uncaught Error: Call to undefined function raymondvoyage_posted_by() in /var/www/html/wp-content/themes/storefront-child/content.php:64
Stack trace:
#0 /var/www/html/wp-includes/template.php(706): require()
#1 /var/www/html/wp-includes/template.php(653): load_template('/var/www/html/w...', false)
#2 /var/www/html/wp-includes/general-template.php(157): locate_template(Array, true, false)
#3 /var/www/html/wp-content/themes/storefront-child/loop.php(21): get_template_part('content', '')
#4 /var/www/html/wp-includes/template.php(706): require('/var/www/html/w...')
#5 /var/www/html/wp-includes/template.php(653): load_template('/var/www/html/w...', false)
#6 /var/www/html/wp-includes/general-template.php(157): locate_template(Array, true, false)
#7 /var/www/html/wp-content/themes/storefront-child/archive.php(27): get_template_part('loop')
#8 /var/www/html/wp-includes/template-loader.php(77): include('/var/www/html/w...')
#9 /var/www/html/wp-blog-header.php(19): require_once('/var/www/html/w...')
#10 /var/www/html/i in /var/www/html/wp-content/themes/storefront-child/content.php on line 64

2019-04-22T05:15:35+00:00 CRITICAL Uncaught Error: Call to undefined function raymondvoyage_posted_by() in /var/www/html/wp-content/themes/storefront-child/content.php:64
Stack trace:
#0 /var/www/html/wp-includes/template.php(706): require()
#1 /var/www/html/wp-includes/template.php(653): load_template('/var/www/html/w...', false)
#2 /var/www/html/wp-includes/general-template.php(157): locate_template(Array, true, false)
#3 /var/www/html/wp-content/themes/storefront-child/loop.php(21): get_template_part('content', '')
#4 /var/www/html/wp-includes/template.php(706): require('/var/www/html/w...')
#5 /var/www/html/wp-includes/template.php(653): load_template('/var/www/html/w...', false)
#6 /var/www/html/wp-includes/general-template.php(157): locate_template(Array, true, false)
#7 /var/www/html/wp-content/themes/storefront-child/archive.php(27): get_template_part('loop')
#8 /var/www/html/wp-includes/template-loader.php(77): include('/var/www/html/w...')
#9 /var/www/html/wp-blog-header.php(19): require_once('/var/www/html/w...')
#10 /var/www/html/i in /var/www/html/wp-content/themes/storefront-child/content.php on line 64

2019-04-22T05:15:37+00:00 CRITICAL Uncaught Error: Call to undefined function raymondvoyage_posted_by() in /var/www/html/wp-content/themes/storefront-child/content.php:64
Stack trace:
#0 /var/www/html/wp-includes/template.php(706): require()
#1 /var/www/html/wp-includes/template.php(653): load_template('/var/www/html/w...', false)
#2 /var/www/html/wp-includes/general-template.php(157): locate_template(Array, true, false)
#3 /var/www/html/wp-content/themes/storefront-child/loop.php(21): get_template_part('content', '')
#4 /var/www/html/wp-includes/template.php(706): require('/var/www/html/w...')
#5 /var/www/html/wp-includes/template.php(653): load_template('/var/www/html/w...', false)
#6 /var/www/html/wp-includes/general-template.php(157): locate_template(Array, true, false)
#7 /var/www/html/wp-content/themes/storefront-child/archive.php(27): get_template_part('loop')
#8 /var/www/html/wp-includes/template-loader.php(77): include('/var/www/html/w...')
#9 /var/www/html/wp-blog-header.php(19): require_once('/var/www/html/w...')
#10 /var/www/html/i in /var/www/html/wp-content/themes/storefront-child/content.php on line 64

2019-04-22T05:16:36+00:00 CRITICAL Uncaught Error: Call to undefined function raymondvoyage_posted_by() in /var/www/html/wp-content/themes/storefront-child/content.php:64
Stack trace:
#0 /var/www/html/wp-includes/template.php(706): require()
#1 /var/www/html/wp-includes/template.php(653): load_template('/var/www/html/w...', false)
#2 /var/www/html/wp-includes/general-template.php(157): locate_template(Array, true, false)
#3 /var/www/html/wp-content/themes/storefront-child/loop.php(21): get_template_part('content', '')
#4 /var/www/html/wp-includes/template.php(706): require('/var/www/html/w...')
#5 /var/www/html/wp-includes/template.php(653): load_template('/var/www/html/w...', false)
#6 /var/www/html/wp-includes/general-template.php(157): locate_template(Array, true, false)
#7 /var/www/html/wp-content/themes/storefront-child/archive.php(27): get_template_part('loop')
#8 /var/www/html/wp-includes/template-loader.php(77): include('/var/www/html/w...')
#9 /var/www/html/wp-blog-header.php(19): require_once('/var/www/html/w...')
#10 /var/www/html/i in /var/www/html/wp-content/themes/storefront-child/content.php on line 64

2019-04-22T05:18:22+00:00 CRITICAL Uncaught Error: Call to undefined function raymondvoyage_posted_by() in /var/www/html/wp-content/themes/storefront-child/content.php:64
Stack trace:
#0 /var/www/html/wp-includes/template.php(706): require()
#1 /var/www/html/wp-includes/template.php(653): load_template('/var/www/html/w...', false)
#2 /var/www/html/wp-includes/general-template.php(157): locate_template(Array, true, false)
#3 /var/www/html/wp-content/themes/storefront-child/loop.php(21): get_template_part('content', '')
#4 /var/www/html/wp-includes/template.php(706): require('/var/www/html/w...')
#5 /var/www/html/wp-includes/template.php(653): load_template('/var/www/html/w...', false)
#6 /var/www/html/wp-includes/general-template.php(157): locate_template(Array, true, false)
#7 /var/www/html/wp-content/themes/storefront-child/archive.php(27): get_template_part('loop')
#8 /var/www/html/wp-includes/template-loader.php(77): include('/var/www/html/w...')
#9 /var/www/html/wp-blog-header.php(19): require_once('/var/www/html/w...')
#10 /var/www/html/i in /var/www/html/wp-content/themes/storefront-child/content.php on line 64

2019-04-22T05:19:35+00:00 CRITICAL Uncaught Error: Call to undefined function raymondvoyage_posted_by() in /var/www/html/wp-content/themes/storefront-child/content.php:64
Stack trace:
#0 /var/www/html/wp-includes/template.php(706): require()
#1 /var/www/html/wp-includes/template.php(653): load_template('/var/www/html/w...', false)
#2 /var/www/html/wp-includes/general-template.php(157): locate_template(Array, true, false)
#3 /var/www/html/wp-content/themes/storefront-child/single.php(19): get_template_part('content', 'post')
#4 /var/www/html/wp-includes/template-loader.php(77): include('/var/www/html/w...')
#5 /var/www/html/wp-blog-header.php(19): require_once('/var/www/html/w...')
#6 /var/www/html/index.php(17): require('/var/www/html/w...')
#7 {main}
  thrown in /var/www/html/wp-content/themes/storefront-child/content.php on line 64

2019-04-22T05:20:12+00:00 CRITICAL Uncaught Error: Call to undefined function raymondvoyage_posted_by() in /var/www/html/wp-content/themes/storefront-child/content.php:64
Stack trace:
#0 /var/www/html/wp-includes/template.php(706): require()
#1 /var/www/html/wp-includes/template.php(653): load_template('/var/www/html/w...', false)
#2 /var/www/html/wp-includes/general-template.php(157): locate_template(Array, true, false)
#3 /var/www/html/wp-content/themes/storefront-child/loop.php(21): get_template_part('content', '')
#4 /var/www/html/wp-includes/template.php(706): require('/var/www/html/w...')
#5 /var/www/html/wp-includes/template.php(653): load_template('/var/www/html/w...', false)
#6 /var/www/html/wp-includes/general-template.php(157): locate_template(Array, true, false)
#7 /var/www/html/wp-content/themes/storefront-child/archive.php(27): get_template_part('loop')
#8 /var/www/html/wp-includes/template-loader.php(77): include('/var/www/html/w...')
#9 /var/www/html/wp-blog-header.php(19): require_once('/var/www/html/w...')
#10 /var/www/html/i in /var/www/html/wp-content/themes/storefront-child/content.php on line 64

2019-04-22T05:20:51+00:00 CRITICAL Uncaught Error: Call to undefined function raymondvoyage_posted_by() in /var/www/html/wp-content/themes/storefront-child/content.php:64
Stack trace:
#0 /var/www/html/wp-includes/template.php(706): require()
#1 /var/www/html/wp-includes/template.php(653): load_template('/var/www/html/w...', false)
#2 /var/www/html/wp-includes/general-template.php(157): locate_template(Array, true, false)
#3 /var/www/html/wp-content/themes/storefront-child/loop.php(21): get_template_part('content', '')
#4 /var/www/html/wp-includes/template.php(706): require('/var/www/html/w...')
#5 /var/www/html/wp-includes/template.php(653): load_template('/var/www/html/w...', false)
#6 /var/www/html/wp-includes/general-template.php(157): locate_template(Array, true, false)
#7 /var/www/html/wp-content/themes/storefront-child/archive.php(27): get_template_part('loop')
#8 /var/www/html/wp-includes/template-loader.php(77): include('/var/www/html/w...')
#9 /var/www/html/wp-blog-header.php(19): require_once('/var/www/html/w...')
#10 /var/www/html/i in /var/www/html/wp-content/themes/storefront-child/content.php on line 64

2019-04-22T05:21:07+00:00 CRITICAL Uncaught Error: Call to undefined function raymondvoyage_posted_by() in /var/www/html/wp-content/themes/storefront-child/content.php:64
Stack trace:
#0 /var/www/html/wp-includes/template.php(706): require()
#1 /var/www/html/wp-includes/template.php(653): load_template('/var/www/html/w...', false)
#2 /var/www/html/wp-includes/general-template.php(157): locate_template(Array, true, false)
#3 /var/www/html/wp-content/themes/storefront-child/loop.php(21): get_template_part('content', '')
#4 /var/www/html/wp-includes/template.php(706): require('/var/www/html/w...')
#5 /var/www/html/wp-includes/template.php(653): load_template('/var/www/html/w...', false)
#6 /var/www/html/wp-includes/general-template.php(157): locate_template(Array, true, false)
#7 /var/www/html/wp-content/themes/storefront-child/archive.php(27): get_template_part('loop')
#8 /var/www/html/wp-includes/template-loader.php(77): include('/var/www/html/w...')
#9 /var/www/html/wp-blog-header.php(19): require_once('/var/www/html/w...')
#10 /var/www/html/i in /var/www/html/wp-content/themes/storefront-child/content.php on line 64

2019-04-22T05:23:48+00:00 CRITICAL Uncaught Error: Call to undefined function raymondvoyage_posted_by() in /var/www/html/wp-content/themes/storefront-child/content.php:64
Stack trace:
#0 /var/www/html/wp-includes/template.php(706): require()
#1 /var/www/html/wp-includes/template.php(653): load_template('/var/www/html/w...', false)
#2 /var/www/html/wp-includes/general-template.php(157): locate_template(Array, true, false)
#3 /var/www/html/wp-content/themes/storefront-child/loop.php(21): get_template_part('content', '')
#4 /var/www/html/wp-includes/template.php(706): require('/var/www/html/w...')
#5 /var/www/html/wp-includes/template.php(653): load_template('/var/www/html/w...', false)
#6 /var/www/html/wp-includes/general-template.php(157): locate_template(Array, true, false)
#7 /var/www/html/wp-content/themes/storefront-child/archive.php(27): get_template_part('loop')
#8 /var/www/html/wp-includes/template-loader.php(77): include('/var/www/html/w...')
#9 /var/www/html/wp-blog-header.php(19): require_once('/var/www/html/w...')
#10 /var/www/html/i in /var/www/html/wp-content/themes/storefront-child/content.php on line 64

2019-04-22T05:23:50+00:00 CRITICAL Uncaught Error: Call to undefined function raymondvoyage_posted_by() in /var/www/html/wp-content/themes/storefront-child/content.php:64
Stack trace:
#0 /var/www/html/wp-includes/template.php(706): require()
#1 /var/www/html/wp-includes/template.php(653): load_template('/var/www/html/w...', false)
#2 /var/www/html/wp-includes/general-template.php(157): locate_template(Array, true, false)
#3 /var/www/html/wp-content/themes/storefront-child/loop.php(21): get_template_part('content', '')
#4 /var/www/html/wp-includes/template.php(706): require('/var/www/html/w...')
#5 /var/www/html/wp-includes/template.php(653): load_template('/var/www/html/w...', false)
#6 /var/www/html/wp-includes/general-template.php(157): locate_template(Array, true, false)
#7 /var/www/html/wp-content/themes/storefront-child/archive.php(27): get_template_part('loop')
#8 /var/www/html/wp-includes/template-loader.php(77): include('/var/www/html/w...')
#9 /var/www/html/wp-blog-header.php(19): require_once('/var/www/html/w...')
#10 /var/www/html/i in /var/www/html/wp-content/themes/storefront-child/content.php on line 64

2019-04-22T15:09:33+00:00 CRITICAL syntax error, unexpected end of file, expecting elseif (T_ELSEIF) or else (T_ELSE) or endif (T_ENDIF) in /var/www/html/wp-content/themes/storefront-child/archive.php on line 40

2019-04-22T15:10:42+00:00 CRITICAL Uncaught Error: Call to undefined function raymondvoyage_posted_by() in /var/www/html/wp-content/themes/storefront-child/content.php:64
Stack trace:
#0 /var/www/html/wp-includes/template.php(706): require()
#1 /var/www/html/wp-includes/template.php(653): load_template('/var/www/html/w...', false)
#2 /var/www/html/wp-includes/general-template.php(157): locate_template(Array, true, false)
#3 /var/www/html/wp-content/themes/storefront-child/loop.php(21): get_template_part('content', '')
#4 /var/www/html/wp-includes/template.php(706): require('/var/www/html/w...')
#5 /var/www/html/wp-includes/template.php(653): load_template('/var/www/html/w...', false)
#6 /var/www/html/wp-includes/general-template.php(157): locate_template(Array, true, false)
#7 /var/www/html/wp-content/themes/storefront-child/archive.php(27): get_template_part('loop')
#8 /var/www/html/wp-includes/template-loader.php(77): include('/var/www/html/w...')
#9 /var/www/html/wp-blog-header.php(19): require_once('/var/www/html/w...')
#10 /var/www/html/i in /var/www/html/wp-content/themes/storefront-child/content.php on line 64

2019-04-22T15:13:45+00:00 CRITICAL Uncaught Error: Call to undefined function raymondvoyage_posted_by() in /var/www/html/wp-content/themes/storefront-child/content.php:64
Stack trace:
#0 /var/www/html/wp-includes/template.php(706): require()
#1 /var/www/html/wp-includes/template.php(653): load_template('/var/www/html/w...', false)
#2 /var/www/html/wp-includes/general-template.php(157): locate_template(Array, true, false)
#3 /var/www/html/wp-content/themes/storefront-child/loop.php(21): get_template_part('content', '')
#4 /var/www/html/wp-includes/template.php(706): require('/var/www/html/w...')
#5 /var/www/html/wp-includes/template.php(653): load_template('/var/www/html/w...', false)
#6 /var/www/html/wp-includes/general-template.php(157): locate_template(Array, true, false)
#7 /var/www/html/wp-content/themes/storefront-child/archive.php(27): get_template_part('loop')
#8 /var/www/html/wp-includes/template-loader.php(77): include('/var/www/html/w...')
#9 /var/www/html/wp-blog-header.php(19): require_once('/var/www/html/w...')
#10 /var/www/html/i in /var/www/html/wp-content/themes/storefront-child/content.php on line 64

2019-04-22T15:14:03+00:00 CRITICAL Uncaught Error: Call to undefined function raymondvoyage_posted_by() in /var/www/html/wp-content/themes/storefront-child/content.php:64
Stack trace:
#0 /var/www/html/wp-includes/template.php(706): require()
#1 /var/www/html/wp-includes/template.php(653): load_template('/var/www/html/w...', false)
#2 /var/www/html/wp-includes/general-template.php(157): locate_template(Array, true, false)
#3 /var/www/html/wp-content/themes/storefront-child/loop.php(21): get_template_part('content', '')
#4 /var/www/html/wp-includes/template.php(706): require('/var/www/html/w...')
#5 /var/www/html/wp-includes/template.php(653): load_template('/var/www/html/w...', false)
#6 /var/www/html/wp-includes/general-template.php(157): locate_template(Array, true, false)
#7 /var/www/html/wp-content/themes/storefront-child/archive.php(27): get_template_part('loop')
#8 /var/www/html/wp-includes/template-loader.php(77): include('/var/www/html/w...')
#9 /var/www/html/wp-blog-header.php(19): require_once('/var/www/html/w...')
#10 /var/www/html/i in /var/www/html/wp-content/themes/storefront-child/content.php on line 64

2019-04-22T15:14:09+00:00 CRITICAL Uncaught Error: Call to undefined function raymondvoyage_posted_by() in /var/www/html/wp-content/themes/storefront-child/content.php:64
Stack trace:
#0 /var/www/html/wp-includes/template.php(706): require()
#1 /var/www/html/wp-includes/template.php(653): load_template('/var/www/html/w...', false)
#2 /var/www/html/wp-includes/general-template.php(157): locate_template(Array, true, false)
#3 /var/www/html/wp-content/themes/storefront-child/loop.php(21): get_template_part('content', '')
#4 /var/www/html/wp-includes/template.php(706): require('/var/www/html/w...')
#5 /var/www/html/wp-includes/template.php(653): load_template('/var/www/html/w...', false)
#6 /var/www/html/wp-includes/general-template.php(157): locate_template(Array, true, false)
#7 /var/www/html/wp-content/themes/storefront-child/archive.php(27): get_template_part('loop')
#8 /var/www/html/wp-includes/template-loader.php(77): include('/var/www/html/w...')
#9 /var/www/html/wp-blog-header.php(19): require_once('/var/www/html/w...')
#10 /var/www/html/i in /var/www/html/wp-content/themes/storefront-child/content.php on line 64

2019-04-22T15:14:14+00:00 CRITICAL Uncaught Error: Call to undefined function raymondvoyage_posted_by() in /var/www/html/wp-content/themes/storefront-child/content.php:64
Stack trace:
#0 /var/www/html/wp-includes/template.php(706): require()
#1 /var/www/html/wp-includes/template.php(653): load_template('/var/www/html/w...', false)
#2 /var/www/html/wp-includes/general-template.php(157): locate_template(Array, true, false)
#3 /var/www/html/wp-content/themes/storefront-child/loop.php(21): get_template_part('content', '')
#4 /var/www/html/wp-includes/template.php(706): require('/var/www/html/w...')
#5 /var/www/html/wp-includes/template.php(653): load_template('/var/www/html/w...', false)
#6 /var/www/html/wp-includes/general-template.php(157): locate_template(Array, true, false)
#7 /var/www/html/wp-content/themes/storefront-child/archive.php(27): get_template_part('loop')
#8 /var/www/html/wp-includes/template-loader.php(77): include('/var/www/html/w...')
#9 /var/www/html/wp-blog-header.php(19): require_once('/var/www/html/w...')
#10 /var/www/html/i in /var/www/html/wp-content/themes/storefront-child/content.php on line 64

2019-04-22T15:14:19+00:00 CRITICAL Uncaught Error: Call to undefined function raymondvoyage_posted_by() in /var/www/html/wp-content/themes/storefront-child/content.php:64
Stack trace:
#0 /var/www/html/wp-includes/template.php(706): require()
#1 /var/www/html/wp-includes/template.php(653): load_template('/var/www/html/w...', false)
#2 /var/www/html/wp-includes/general-template.php(157): locate_template(Array, true, false)
#3 /var/www/html/wp-content/themes/storefront-child/loop.php(21): get_template_part('content', '')
#4 /var/www/html/wp-includes/template.php(706): require('/var/www/html/w...')
#5 /var/www/html/wp-includes/template.php(653): load_template('/var/www/html/w...', false)
#6 /var/www/html/wp-includes/general-template.php(157): locate_template(Array, true, false)
#7 /var/www/html/wp-content/themes/storefront-child/archive.php(27): get_template_part('loop')
#8 /var/www/html/wp-includes/template-loader.php(77): include('/var/www/html/w...')
#9 /var/www/html/wp-blog-header.php(19): require_once('/var/www/html/w...')
#10 /var/www/html/i in /var/www/html/wp-content/themes/storefront-child/content.php on line 64

2019-04-22T15:14:56+00:00 CRITICAL Uncaught Error: Call to undefined function raymondvoyage_posted_by() in /var/www/html/wp-content/themes/storefront-child/content.php:64
Stack trace:
#0 /var/www/html/wp-includes/template.php(706): require()
#1 /var/www/html/wp-includes/template.php(653): load_template('/var/www/html/w...', false)
#2 /var/www/html/wp-includes/general-template.php(157): locate_template(Array, true, false)
#3 /var/www/html/wp-content/themes/storefront-child/loop.php(21): get_template_part('content', '')
#4 /var/www/html/wp-includes/template.php(706): require('/var/www/html/w...')
#5 /var/www/html/wp-includes/template.php(653): load_template('/var/www/html/w...', false)
#6 /var/www/html/wp-includes/general-template.php(157): locate_template(Array, true, false)
#7 /var/www/html/wp-content/themes/storefront-child/archive.php(27): get_template_part('loop')
#8 /var/www/html/wp-includes/template-loader.php(77): include('/var/www/html/w...')
#9 /var/www/html/wp-blog-header.php(19): require_once('/var/www/html/w...')
#10 /var/www/html/i in /var/www/html/wp-content/themes/storefront-child/content.php on line 64

2019-04-22T15:28:45+00:00 CRITICAL Uncaught Error: Call to undefined function raymondvoyage_posted_by() in /var/www/html/wp-content/themes/storefront-child/content.php:64
Stack trace:
#0 /var/www/html/wp-includes/template.php(706): require()
#1 /var/www/html/wp-includes/template.php(653): load_template('/var/www/html/w...', false)
#2 /var/www/html/wp-includes/general-template.php(157): locate_template(Array, true, false)
#3 /var/www/html/wp-content/themes/storefront-child/loop.php(21): get_template_part('content', '')
#4 /var/www/html/wp-includes/template.php(706): require('/var/www/html/w...')
#5 /var/www/html/wp-includes/template.php(653): load_template('/var/www/html/w...', false)
#6 /var/www/html/wp-includes/general-template.php(157): locate_template(Array, true, false)
#7 /var/www/html/wp-content/themes/storefront-child/archive.php(27): get_template_part('loop')
#8 /var/www/html/wp-includes/template-loader.php(77): include('/var/www/html/w...')
#9 /var/www/html/wp-blog-header.php(19): require_once('/var/www/html/w...')
#10 /var/www/html/i in /var/www/html/wp-content/themes/storefront-child/content.php on line 64

2019-04-22T15:28:50+00:00 CRITICAL Uncaught Error: Call to undefined function raymondvoyage_posted_by() in /var/www/html/wp-content/themes/storefront-child/content.php:64
Stack trace:
#0 /var/www/html/wp-includes/template.php(706): require()
#1 /var/www/html/wp-includes/template.php(653): load_template('/var/www/html/w...', false)
#2 /var/www/html/wp-includes/general-template.php(157): locate_template(Array, true, false)
#3 /var/www/html/wp-content/themes/storefront-child/single.php(19): get_template_part('content', 'post')
#4 /var/www/html/wp-includes/template-loader.php(77): include('/var/www/html/w...')
#5 /var/www/html/wp-blog-header.php(19): require_once('/var/www/html/w...')
#6 /var/www/html/index.php(17): require('/var/www/html/w...')
#7 {main}
  thrown in /var/www/html/wp-content/themes/storefront-child/content.php on line 64

2019-04-22T15:31:43+00:00 CRITICAL Uncaught Error: Call to undefined function raymondvoyage_posted_by() in /var/www/html/wp-content/themes/storefront-child/content.php:64
Stack trace:
#0 /var/www/html/wp-includes/template.php(706): require()
#1 /var/www/html/wp-includes/template.php(653): load_template('/var/www/html/w...', false)
#2 /var/www/html/wp-includes/general-template.php(157): locate_template(Array, true, false)
#3 /var/www/html/wp-content/themes/storefront-child/loop.php(21): get_template_part('content', '')
#4 /var/www/html/wp-includes/template.php(706): require('/var/www/html/w...')
#5 /var/www/html/wp-includes/template.php(653): load_template('/var/www/html/w...', false)
#6 /var/www/html/wp-includes/general-template.php(157): locate_template(Array, true, false)
#7 /var/www/html/wp-content/themes/storefront-child/archive.php(27): get_template_part('loop')
#8 /var/www/html/wp-includes/template-loader.php(77): include('/var/www/html/w...')
#9 /var/www/html/wp-blog-header.php(19): require_once('/var/www/html/w...')
#10 /var/www/html/i in /var/www/html/wp-content/themes/storefront-child/content.php on line 64

2019-04-22T15:31:45+00:00 CRITICAL Uncaught Error: Call to undefined function raymondvoyage_posted_by() in /var/www/html/wp-content/themes/storefront-child/content.php:64
Stack trace:
#0 /var/www/html/wp-includes/template.php(706): require()
#1 /var/www/html/wp-includes/template.php(653): load_template('/var/www/html/w...', false)
#2 /var/www/html/wp-includes/general-template.php(157): locate_template(Array, true, false)
#3 /var/www/html/wp-content/themes/storefront-child/loop.php(21): get_template_part('content', '')
#4 /var/www/html/wp-includes/template.php(706): require('/var/www/html/w...')
#5 /var/www/html/wp-includes/template.php(653): load_template('/var/www/html/w...', false)
#6 /var/www/html/wp-includes/general-template.php(157): locate_template(Array, true, false)
#7 /var/www/html/wp-content/themes/storefront-child/archive.php(27): get_template_part('loop')
#8 /var/www/html/wp-includes/template-loader.php(77): include('/var/www/html/w...')
#9 /var/www/html/wp-blog-header.php(19): require_once('/var/www/html/w...')
#10 /var/www/html/i in /var/www/html/wp-content/themes/storefront-child/content.php on line 64

2019-04-22T15:31:46+00:00 CRITICAL Uncaught Error: Call to undefined function raymondvoyage_posted_by() in /var/www/html/wp-content/themes/storefront-child/content.php:64
Stack trace:
#0 /var/www/html/wp-includes/template.php(706): require()
#1 /var/www/html/wp-includes/template.php(653): load_template('/var/www/html/w...', false)
#2 /var/www/html/wp-includes/general-template.php(157): locate_template(Array, true, false)
#3 /var/www/html/wp-content/themes/storefront-child/loop.php(21): get_template_part('content', '')
#4 /var/www/html/wp-includes/template.php(706): require('/var/www/html/w...')
#5 /var/www/html/wp-includes/template.php(653): load_template('/var/www/html/w...', false)
#6 /var/www/html/wp-includes/general-template.php(157): locate_template(Array, true, false)
#7 /var/www/html/wp-content/themes/storefront-child/archive.php(27): get_template_part('loop')
#8 /var/www/html/wp-includes/template-loader.php(77): include('/var/www/html/w...')
#9 /var/www/html/wp-blog-header.php(19): require_once('/var/www/html/w...')
#10 /var/www/html/i in /var/www/html/wp-content/themes/storefront-child/content.php on line 64

2019-04-22T16:30:39+00:00 CRITICAL Uncaught Error: Call to undefined function raymondvoyage_posted_by() in /var/www/html/wp-content/themes/storefront-child/content.php:64
Stack trace:
#0 /var/www/html/wp-includes/template.php(706): require()
#1 /var/www/html/wp-includes/template.php(653): load_template('/var/www/html/w...', false)
#2 /var/www/html/wp-includes/general-template.php(157): locate_template(Array, true, false)
#3 /var/www/html/wp-content/themes/storefront-child/single.php(19): get_template_part('content', 'post')
#4 /var/www/html/wp-includes/template-loader.php(77): include('/var/www/html/w...')
#5 /var/www/html/wp-blog-header.php(19): require_once('/var/www/html/w...')
#6 /var/www/html/index.php(17): require('/var/www/html/w...')
#7 {main}
  thrown in /var/www/html/wp-content/themes/storefront-child/content.php on line 64

2019-04-22T16:41:34+00:00 CRITICAL Uncaught Error: Call to undefined function raymondvoyage_posted_by() in /var/www/html/wp-content/themes/storefront-child/content.php:64
Stack trace:
#0 /var/www/html/wp-includes/template.php(706): require()
#1 /var/www/html/wp-includes/template.php(653): load_template('/var/www/html/w...', false)
#2 /var/www/html/wp-includes/general-template.php(157): locate_template(Array, true, false)
#3 /var/www/html/wp-content/themes/storefront-child/single.php(19): get_template_part('content', 'post')
#4 /var/www/html/wp-includes/template-loader.php(77): include('/var/www/html/w...')
#5 /var/www/html/wp-blog-header.php(19): require_once('/var/www/html/w...')
#6 /var/www/html/index.php(17): require('/var/www/html/w...')
#7 {main}
  thrown in /var/www/html/wp-content/themes/storefront-child/content.php on line 64

2019-04-22T16:41:35+00:00 CRITICAL Uncaught Error: Call to undefined function raymondvoyage_posted_by() in /var/www/html/wp-content/themes/storefront-child/content.php:64
Stack trace:
#0 /var/www/html/wp-includes/template.php(706): require()
#1 /var/www/html/wp-includes/template.php(653): load_template('/var/www/html/w...', false)
#2 /var/www/html/wp-includes/general-template.php(157): locate_template(Array, true, false)
#3 /var/www/html/wp-content/themes/storefront-child/single.php(19): get_template_part('content', 'post')
#4 /var/www/html/wp-includes/template-loader.php(77): include('/var/www/html/w...')
#5 /var/www/html/wp-blog-header.php(19): require_once('/var/www/html/w...')
#6 /var/www/html/index.php(17): require('/var/www/html/w...')
#7 {main}
  thrown in /var/www/html/wp-content/themes/storefront-child/content.php on line 64

2019-04-22T16:41:36+00:00 CRITICAL Uncaught Error: Call to undefined function raymondvoyage_posted_by() in /var/www/html/wp-content/themes/storefront-child/content.php:64
Stack trace:
#0 /var/www/html/wp-includes/template.php(706): require()
#1 /var/www/html/wp-includes/template.php(653): load_template('/var/www/html/w...', false)
#2 /var/www/html/wp-includes/general-template.php(157): locate_template(Array, true, false)
#3 /var/www/html/wp-content/themes/storefront-child/single.php(19): get_template_part('content', 'post')
#4 /var/www/html/wp-includes/template-loader.php(77): include('/var/www/html/w...')
#5 /var/www/html/wp-blog-header.php(19): require_once('/var/www/html/w...')
#6 /var/www/html/index.php(17): require('/var/www/html/w...')
#7 {main}
  thrown in /var/www/html/wp-content/themes/storefront-child/content.php on line 64

2019-04-22T16:41:38+00:00 CRITICAL Uncaught Error: Call to undefined function raymondvoyage_posted_by() in /var/www/html/wp-content/themes/storefront-child/content.php:64
Stack trace:
#0 /var/www/html/wp-includes/template.php(706): require()
#1 /var/www/html/wp-includes/template.php(653): load_template('/var/www/html/w...', false)
#2 /var/www/html/wp-includes/general-template.php(157): locate_template(Array, true, false)
#3 /var/www/html/wp-content/themes/storefront-child/single.php(19): get_template_part('content', 'post')
#4 /var/www/html/wp-includes/template-loader.php(77): include('/var/www/html/w...')
#5 /var/www/html/wp-blog-header.php(19): require_once('/var/www/html/w...')
#6 /var/www/html/index.php(17): require('/var/www/html/w...')
#7 {main}
  thrown in /var/www/html/wp-content/themes/storefront-child/content.php on line 64

2019-04-22T16:50:12+00:00 CRITICAL Uncaught Error: Call to undefined function raymondvoyage_posted_by() in /var/www/html/wp-content/themes/storefront-child/content.php:64
Stack trace:
#0 /var/www/html/wp-includes/template.php(706): require()
#1 /var/www/html/wp-includes/template.php(653): load_template('/var/www/html/w...', false)
#2 /var/www/html/wp-includes/general-template.php(157): locate_template(Array, true, false)
#3 /var/www/html/wp-content/themes/storefront-child/single.php(19): get_template_part('content', 'post')
#4 /var/www/html/wp-includes/template-loader.php(77): include('/var/www/html/w...')
#5 /var/www/html/wp-blog-header.php(19): require_once('/var/www/html/w...')
#6 /var/www/html/index.php(17): require('/var/www/html/w...')
#7 {main}
  thrown in /var/www/html/wp-content/themes/storefront-child/content.php on line 64

2019-04-22T16:50:15+00:00 CRITICAL Uncaught Error: Call to undefined function raymondvoyage_posted_by() in /var/www/html/wp-content/themes/storefront-child/content.php:64
Stack trace:
#0 /var/www/html/wp-includes/template.php(706): require()
#1 /var/www/html/wp-includes/template.php(653): load_template('/var/www/html/w...', false)
#2 /var/www/html/wp-includes/general-template.php(157): locate_template(Array, true, false)
#3 /var/www/html/wp-content/themes/storefront-child/single.php(19): get_template_part('content', 'post')
#4 /var/www/html/wp-includes/template-loader.php(77): include('/var/www/html/w...')
#5 /var/www/html/wp-blog-header.php(19): require_once('/var/www/html/w...')
#6 /var/www/html/index.php(17): require('/var/www/html/w...')
#7 {main}
  thrown in /var/www/html/wp-content/themes/storefront-child/content.php on line 64

2019-04-22T16:50:17+00:00 CRITICAL Uncaught Error: Call to undefined function raymondvoyage_posted_by() in /var/www/html/wp-content/themes/storefront-child/content.php:64
Stack trace:
#0 /var/www/html/wp-includes/template.php(706): require()
#1 /var/www/html/wp-includes/template.php(653): load_template('/var/www/html/w...', false)
#2 /var/www/html/wp-includes/general-template.php(157): locate_template(Array, true, false)
#3 /var/www/html/wp-content/themes/storefront-child/single.php(19): get_template_part('content', 'post')
#4 /var/www/html/wp-includes/template-loader.php(77): include('/var/www/html/w...')
#5 /var/www/html/wp-blog-header.php(19): require_once('/var/www/html/w...')
#6 /var/www/html/index.php(17): require('/var/www/html/w...')
#7 {main}
  thrown in /var/www/html/wp-content/themes/storefront-child/content.php on line 64

2019-04-22T16:50:18+00:00 CRITICAL Uncaught Error: Call to undefined function raymondvoyage_posted_by() in /var/www/html/wp-content/themes/storefront-child/content.php:64
Stack trace:
#0 /var/www/html/wp-includes/template.php(706): require()
#1 /var/www/html/wp-includes/template.php(653): load_template('/var/www/html/w...', false)
#2 /var/www/html/wp-includes/general-template.php(157): locate_template(Array, true, false)
#3 /var/www/html/wp-content/themes/storefront-child/single.php(19): get_template_part('content', 'post')
#4 /var/www/html/wp-includes/template-loader.php(77): include('/var/www/html/w...')
#5 /var/www/html/wp-blog-header.php(19): require_once('/var/www/html/w...')
#6 /var/www/html/index.php(17): require('/var/www/html/w...')
#7 {main}
  thrown in /var/www/html/wp-content/themes/storefront-child/content.php on line 64

2019-04-22T16:50:22+00:00 CRITICAL Uncaught Error: Call to undefined function raymondvoyage_posted_by() in /var/www/html/wp-content/themes/storefront-child/content.php:64
Stack trace:
#0 /var/www/html/wp-includes/template.php(706): require()
#1 /var/www/html/wp-includes/template.php(653): load_template('/var/www/html/w...', false)
#2 /var/www/html/wp-includes/general-template.php(157): locate_template(Array, true, false)
#3 /var/www/html/wp-content/themes/storefront-child/single.php(19): get_template_part('content', 'post')
#4 /var/www/html/wp-includes/template-loader.php(77): include('/var/www/html/w...')
#5 /var/www/html/wp-blog-header.php(19): require_once('/var/www/html/w...')
#6 /var/www/html/index.php(17): require('/var/www/html/w...')
#7 {main}
  thrown in /var/www/html/wp-content/themes/storefront-child/content.php on line 64

2019-04-22T16:50:23+00:00 CRITICAL Uncaught Error: Call to undefined function raymondvoyage_posted_by() in /var/www/html/wp-content/themes/storefront-child/content.php:64
Stack trace:
#0 /var/www/html/wp-includes/template.php(706): require()
#1 /var/www/html/wp-includes/template.php(653): load_template('/var/www/html/w...', false)
#2 /var/www/html/wp-includes/general-template.php(157): locate_template(Array, true, false)
#3 /var/www/html/wp-content/themes/storefront-child/single.php(19): get_template_part('content', 'post')
#4 /var/www/html/wp-includes/template-loader.php(77): include('/var/www/html/w...')
#5 /var/www/html/wp-blog-header.php(19): require_once('/var/www/html/w...')
#6 /var/www/html/index.php(17): require('/var/www/html/w...')
#7 {main}
  thrown in /var/www/html/wp-content/themes/storefront-child/content.php on line 64

2019-04-22T16:50:26+00:00 CRITICAL Uncaught Error: Call to undefined function raymondvoyage_posted_by() in /var/www/html/wp-content/themes/storefront-child/content.php:64
Stack trace:
#0 /var/www/html/wp-includes/template.php(706): require()
#1 /var/www/html/wp-includes/template.php(653): load_template('/var/www/html/w...', false)
#2 /var/www/html/wp-includes/general-template.php(157): locate_template(Array, true, false)
#3 /var/www/html/wp-content/themes/storefront-child/single.php(19): get_template_part('content', 'post')
#4 /var/www/html/wp-includes/template-loader.php(77): include('/var/www/html/w...')
#5 /var/www/html/wp-blog-header.php(19): require_once('/var/www/html/w...')
#6 /var/www/html/index.php(17): require('/var/www/html/w...')
#7 {main}
  thrown in /var/www/html/wp-content/themes/storefront-child/content.php on line 64

2019-04-22T16:50:31+00:00 CRITICAL Uncaught Error: Call to undefined function raymondvoyage_posted_by() in /var/www/html/wp-content/themes/storefront-child/content.php:64
Stack trace:
#0 /var/www/html/wp-includes/template.php(706): require()
#1 /var/www/html/wp-includes/template.php(653): load_template('/var/www/html/w...', false)
#2 /var/www/html/wp-includes/general-template.php(157): locate_template(Array, true, false)
#3 /var/www/html/wp-content/themes/storefront-child/single.php(19): get_template_part('content', 'post')
#4 /var/www/html/wp-includes/template-loader.php(77): include('/var/www/html/w...')
#5 /var/www/html/wp-blog-header.php(19): require_once('/var/www/html/w...')
#6 /var/www/html/index.php(17): require('/var/www/html/w...')
#7 {main}
  thrown in /var/www/html/wp-content/themes/storefront-child/content.php on line 64

2019-04-22T16:50:36+00:00 CRITICAL Uncaught Error: Call to undefined function raymondvoyage_posted_by() in /var/www/html/wp-content/themes/storefront-child/content.php:64
Stack trace:
#0 /var/www/html/wp-includes/template.php(706): require()
#1 /var/www/html/wp-includes/template.php(653): load_template('/var/www/html/w...', false)
#2 /var/www/html/wp-includes/general-template.php(157): locate_template(Array, true, false)
#3 /var/www/html/wp-content/themes/storefront-child/single.php(19): get_template_part('content', 'post')
#4 /var/www/html/wp-includes/template-loader.php(77): include('/var/www/html/w...')
#5 /var/www/html/wp-blog-header.php(19): require_once('/var/www/html/w...')
#6 /var/www/html/index.php(17): require('/var/www/html/w...')
#7 {main}
  thrown in /var/www/html/wp-content/themes/storefront-child/content.php on line 64

2019-04-22T16:50:39+00:00 CRITICAL Uncaught Error: Call to undefined function raymondvoyage_posted_by() in /var/www/html/wp-content/themes/storefront-child/content.php:64
Stack trace:
#0 /var/www/html/wp-includes/template.php(706): require()
#1 /var/www/html/wp-includes/template.php(653): load_template('/var/www/html/w...', false)
#2 /var/www/html/wp-includes/general-template.php(157): locate_template(Array, true, false)
#3 /var/www/html/wp-content/themes/storefront-child/single.php(19): get_template_part('content', 'post')
#4 /var/www/html/wp-includes/template-loader.php(77): include('/var/www/html/w...')
#5 /var/www/html/wp-blog-header.php(19): require_once('/var/www/html/w...')
#6 /var/www/html/index.php(17): require('/var/www/html/w...')
#7 {main}
  thrown in /var/www/html/wp-content/themes/storefront-child/content.php on line 64

2019-04-22T23:56:35+00:00 CRITICAL Uncaught Error: Call to undefined function raymondvoyage_posted_by() in /var/www/html/wp-content/themes/storefront-child/content.php:64
Stack trace:
#0 /var/www/html/wp-includes/template.php(706): require()
#1 /var/www/html/wp-includes/template.php(653): load_template('/var/www/html/w...', false)
#2 /var/www/html/wp-includes/general-template.php(157): locate_template(Array, true, false)
#3 /var/www/html/wp-content/themes/storefront-child/single.php(19): get_template_part('content', 'post')
#4 /var/www/html/wp-includes/template-loader.php(77): include('/var/www/html/w...')
#5 /var/www/html/wp-blog-header.php(19): require_once('/var/www/html/w...')
#6 /var/www/html/index.php(17): require('/var/www/html/w...')
#7 {main}
  thrown in /var/www/html/wp-content/themes/storefront-child/content.php on line 64

2019-04-22T23:56:52+00:00 CRITICAL Uncaught Error: Call to undefined function raymondvoyage_posted_by() in /var/www/html/wp-content/themes/storefront-child/content.php:64
Stack trace:
#0 /var/www/html/wp-includes/template.php(706): require()
#1 /var/www/html/wp-includes/template.php(653): load_template('/var/www/html/w...', false)
#2 /var/www/html/wp-includes/general-template.php(157): locate_template(Array, true, false)
#3 /var/www/html/wp-content/themes/storefront-child/single.php(19): get_template_part('content', 'post')
#4 /var/www/html/wp-includes/template-loader.php(77): include('/var/www/html/w...')
#5 /var/www/html/wp-blog-header.php(19): require_once('/var/www/html/w...')
#6 /var/www/html/index.php(17): require('/var/www/html/w...')
#7 {main}
  thrown in /var/www/html/wp-content/themes/storefront-child/content.php on line 64

2019-04-22T23:57:07+00:00 CRITICAL Uncaught Error: Call to undefined function raymondvoyage_posted_by() in /var/www/html/wp-content/themes/storefront-child/content.php:64
Stack trace:
#0 /var/www/html/wp-includes/template.php(706): require()
#1 /var/www/html/wp-includes/template.php(653): load_template('/var/www/html/w...', false)
#2 /var/www/html/wp-includes/general-template.php(157): locate_template(Array, true, false)
#3 /var/www/html/wp-content/themes/storefront-child/single.php(19): get_template_part('content', 'post')
#4 /var/www/html/wp-includes/template-loader.php(77): include('/var/www/html/w...')
#5 /var/www/html/wp-blog-header.php(19): require_once('/var/www/html/w...')
#6 /var/www/html/index.php(17): require('/var/www/html/w...')
#7 {main}
  thrown in /var/www/html/wp-content/themes/storefront-child/content.php on line 64

2019-04-22T23:57:50+00:00 CRITICAL Uncaught Error: Call to undefined function raymondvoyage_posted_by() in /var/www/html/wp-content/themes/storefront-child/content.php:64
Stack trace:
#0 /var/www/html/wp-includes/template.php(706): require()
#1 /var/www/html/wp-includes/template.php(653): load_template('/var/www/html/w...', false)
#2 /var/www/html/wp-includes/general-template.php(157): locate_template(Array, true, false)
#3 /var/www/html/wp-content/themes/storefront-child/single.php(19): get_template_part('content', 'post')
#4 /var/www/html/wp-includes/template-loader.php(77): include('/var/www/html/w...')
#5 /var/www/html/wp-blog-header.php(19): require_once('/var/www/html/w...')
#6 /var/www/html/index.php(17): require('/var/www/html/w...')
#7 {main}
  thrown in /var/www/html/wp-content/themes/storefront-child/content.php on line 64

2019-04-22T23:58:22+00:00 CRITICAL Uncaught Error: Call to undefined function raymondvoyage_posted_by() in /var/www/html/wp-content/themes/storefront-child/content.php:64
Stack trace:
#0 /var/www/html/wp-includes/template.php(706): require()
#1 /var/www/html/wp-includes/template.php(653): load_template('/var/www/html/w...', false)
#2 /var/www/html/wp-includes/general-template.php(157): locate_template(Array, true, false)
#3 /var/www/html/wp-content/themes/storefront-child/single.php(19): get_template_part('content', 'post')
#4 /var/www/html/wp-includes/template-loader.php(77): include('/var/www/html/w...')
#5 /var/www/html/wp-blog-header.php(19): require_once('/var/www/html/w...')
#6 /var/www/html/index.php(17): require('/var/www/html/w...')
#7 {main}
  thrown in /var/www/html/wp-content/themes/storefront-child/content.php on line 64

