2019-04-21T17:13:32+00:00 CRITICAL Uncaught Error: Call to undefined function raymondvoyage_posted_by() in /var/www/html/wp-content/themes/storefront-child/content.php:64
Stack trace:
#0 /var/www/html/wp-includes/template.php(706): require()
#1 /var/www/html/wp-includes/template.php(653): load_template('/var/www/html/w...', false)
#2 /var/www/html/wp-includes/general-template.php(157): locate_template(Array, true, false)
#3 /var/www/html/wp-content/themes/storefront-child/loop.php(21): get_template_part('content', '')
#4 /var/www/html/wp-includes/template.php(706): require('/var/www/html/w...')
#5 /var/www/html/wp-includes/template.php(653): load_template('/var/www/html/w...', false)
#6 /var/www/html/wp-includes/general-template.php(157): locate_template(Array, true, false)
#7 /var/www/html/wp-content/themes/storefront-child/archive.php(27): get_template_part('loop')
#8 /var/www/html/wp-includes/template-loader.php(77): include('/var/www/html/w...')
#9 /var/www/html/wp-blog-header.php(19): require_once('/var/www/html/w...')
#10 /var/www/html/i in /var/www/html/wp-content/themes/storefront-child/content.php on line 64

2019-04-21T17:14:13+00:00 CRITICAL Uncaught Error: Call to undefined function raymondvoyage_posted_by() in /var/www/html/wp-content/themes/storefront-child/content.php:64
Stack trace:
#0 /var/www/html/wp-includes/template.php(706): require()
#1 /var/www/html/wp-includes/template.php(653): load_template('/var/www/html/w...', false)
#2 /var/www/html/wp-includes/general-template.php(157): locate_template(Array, true, false)
#3 /var/www/html/wp-content/themes/storefront-child/single.php(19): get_template_part('content', 'post')
#4 /var/www/html/wp-includes/template-loader.php(77): include('/var/www/html/w...')
#5 /var/www/html/wp-blog-header.php(19): require_once('/var/www/html/w...')
#6 /var/www/html/index.php(17): require('/var/www/html/w...')
#7 {main}
  thrown in /var/www/html/wp-content/themes/storefront-child/content.php on line 64

2019-04-21T17:48:36+00:00 CRITICAL Uncaught Error: Call to undefined function raymondvoyage_posted_by() in /var/www/html/wp-content/themes/storefront-child/content.php:64
Stack trace:
#0 /var/www/html/wp-includes/template.php(706): require()
#1 /var/www/html/wp-includes/template.php(653): load_template('/var/www/html/w...', false)
#2 /var/www/html/wp-includes/general-template.php(157): locate_template(Array, true, false)
#3 /var/www/html/wp-content/themes/storefront-child/single.php(19): get_template_part('content', 'post')
#4 /var/www/html/wp-includes/template-loader.php(77): include('/var/www/html/w...')
#5 /var/www/html/wp-blog-header.php(19): require_once('/var/www/html/w...')
#6 /var/www/html/index.php(17): require('/var/www/html/w...')
#7 {main}
  thrown in /var/www/html/wp-content/themes/storefront-child/content.php on line 64

2019-04-21T17:48:39+00:00 CRITICAL Uncaught Error: Call to undefined function raymondvoyage_posted_by() in /var/www/html/wp-content/themes/storefront-child/content.php:64
Stack trace:
#0 /var/www/html/wp-includes/template.php(706): require()
#1 /var/www/html/wp-includes/template.php(653): load_template('/var/www/html/w...', false)
#2 /var/www/html/wp-includes/general-template.php(157): locate_template(Array, true, false)
#3 /var/www/html/wp-content/themes/storefront-child/loop.php(21): get_template_part('content', '')
#4 /var/www/html/wp-includes/template.php(706): require('/var/www/html/w...')
#5 /var/www/html/wp-includes/template.php(653): load_template('/var/www/html/w...', false)
#6 /var/www/html/wp-includes/general-template.php(157): locate_template(Array, true, false)
#7 /var/www/html/wp-content/themes/storefront-child/archive.php(27): get_template_part('loop')
#8 /var/www/html/wp-includes/template-loader.php(77): include('/var/www/html/w...')
#9 /var/www/html/wp-blog-header.php(19): require_once('/var/www/html/w...')
#10 /var/www/html/i in /var/www/html/wp-content/themes/storefront-child/content.php on line 64

2019-04-21T23:26:34+00:00 CRITICAL Uncaught Error: Call to undefined function raymondvoyage_posted_by() in /var/www/html/wp-content/themes/storefront-child/content.php:64
Stack trace:
#0 /var/www/html/wp-includes/template.php(706): require()
#1 /var/www/html/wp-includes/template.php(653): load_template('/var/www/html/w...', false)
#2 /var/www/html/wp-includes/general-template.php(157): locate_template(Array, true, false)
#3 /var/www/html/wp-content/themes/storefront-child/single.php(19): get_template_part('content', 'post')
#4 /var/www/html/wp-includes/template-loader.php(77): include('/var/www/html/w...')
#5 /var/www/html/wp-blog-header.php(19): require_once('/var/www/html/w...')
#6 /var/www/html/index.php(17): require('/var/www/html/w...')
#7 {main}
  thrown in /var/www/html/wp-content/themes/storefront-child/content.php on line 64

2019-04-21T23:26:37+00:00 CRITICAL Uncaught Error: Call to undefined function raymondvoyage_posted_by() in /var/www/html/wp-content/themes/storefront-child/content.php:64
Stack trace:
#0 /var/www/html/wp-includes/template.php(706): require()
#1 /var/www/html/wp-includes/template.php(653): load_template('/var/www/html/w...', false)
#2 /var/www/html/wp-includes/general-template.php(157): locate_template(Array, true, false)
#3 /var/www/html/wp-content/themes/storefront-child/loop.php(21): get_template_part('content', '')
#4 /var/www/html/wp-includes/template.php(706): require('/var/www/html/w...')
#5 /var/www/html/wp-includes/template.php(653): load_template('/var/www/html/w...', false)
#6 /var/www/html/wp-includes/general-template.php(157): locate_template(Array, true, false)
#7 /var/www/html/wp-content/themes/storefront-child/archive.php(27): get_template_part('loop')
#8 /var/www/html/wp-includes/template-loader.php(77): include('/var/www/html/w...')
#9 /var/www/html/wp-blog-header.php(19): require_once('/var/www/html/w...')
#10 /var/www/html/i in /var/www/html/wp-content/themes/storefront-child/content.php on line 64

